<?xml version="1.0" encoding="utf-8"?><testsuites name="pytest tests"><testsuite name="pytest" errors="0" failures="0" skipped="0" tests="41" time="29.537" timestamp="2026-04-22T11:48:09.013427+00:00" hostname="agent-env-48e075a3-b613-4a2a-9831-af7eec40a4ce"><testcase classname="backend.tests.backend_test" name="test_health" time="0.109" /><testcase classname="backend.tests.backend_test" name="test_register_new_member" time="0.422" /><testcase classname="backend.tests.backend_test" name="test_register_duplicate" time="0.105" /><testcase classname="backend.tests.backend_test" name="test_admin_login_and_me" time="0.380" /><testcase classname="backend.tests.backend_test" name="test_logout_requires_auth" time="0.107" /><testcase classname="backend.tests.backend_test" name="test_logout_clears_cookies" time="0.472" /><testcase classname="backend.tests.backend_test" name="test_list_events_seeded" time="0.118" /><testcase classname="backend.tests.backend_test" name="test_get_event_single" time="0.236" /><testcase classname="backend.tests.backend_test" name="test_create_event_admin_only" time="0.383" /><testcase classname="backend.tests.backend_test" name="test_event_crud_admin" time="0.382" /><testcase classname="backend.tests.backend_test" name="test_rsvp_toggle_and_my_events" time="0.366" /><testcase classname="backend.tests.backend_test" name="test_members_directory_search" time="0.220" /><testcase classname="backend.tests.backend_test" name="test_get_member_single" time="0.247" /><testcase classname="backend.tests.backend_test" name="test_update_me_and_renew" time="0.097" /><testcase classname="backend.tests.backend_test" name="test_news_list_seeded" time="0.107" /><testcase classname="backend.tests.backend_test" name="test_news_admin_crud" time="0.352" /><testcase classname="backend.tests.backend_test" name="test_pages_seeded" time="0.100" /><testcase classname="backend.tests.backend_test" name="test_page_get_404" time="0.123" /><testcase classname="backend.tests.backend_test" name="test_pages_admin_crud" time="0.384" /><testcase classname="backend.tests.backend_test" name="test_ai_event_description" time="12.678" /><testcase classname="backend.tests.backend_test" name="test_ai_draft_email" time="5.672" /><testcase classname="backend.tests.backend_test" name="test_ai_member_forbidden" time="0.049" /><testcase classname="backend.tests.backend_test" name="test_brute_force_lockout" time="0.748" /><testcase classname="backend.tests.test_fraternity" name="test_public_user_includes_fraternity_fields" time="0.398" /><testcase classname="backend.tests.test_fraternity" name="test_chapters_seeded" time="0.463" /><testcase classname="backend.tests.test_fraternity" name="test_chapters_create_admin_only" time="0.051" /><testcase classname="backend.tests.test_fraternity" name="test_chapters_crud" time="0.270" /><testcase classname="backend.tests.test_fraternity" name="test_chapter_delete_unassigns_members" time="0.306" /><testcase classname="backend.tests.test_fraternity" name="test_tiers_seeded" time="0.128" /><testcase classname="backend.tests.test_fraternity" name="test_tiers_admin_only" time="0.145" /><testcase classname="backend.tests.test_fraternity" name="test_tier_crud" time="0.161" /><testcase classname="backend.tests.test_fraternity" name="test_awards_seeded" time="0.101" /><testcase classname="backend.tests.test_fraternity" name="test_award_admin_only" time="0.050" /><testcase classname="backend.tests.test_fraternity" name="test_award_grant_revoke_flow" time="0.362" /><testcase classname="backend.tests.test_fraternity" name="test_hours_member_log_and_admin_review" time="0.301" /><testcase classname="backend.tests.test_fraternity" name="test_role_chapter_tier_assignment" time="0.500" /><testcase classname="backend.tests.test_fraternity" name="test_photo_upload_list_delete" time="0.713" /><testcase classname="backend.tests.test_fraternity" name="test_photo_upload_rejects_bad_type" time="0.047" /><testcase classname="backend.tests.test_fraternity" name="test_document_upload_list_delete_and_file_proxy" time="0.658" /><testcase classname="backend.tests.test_fraternity" name="test_pdf_upload" time="0.215" /><testcase classname="backend.tests.test_fraternity" name="test_admin_stats_fraternity_block" time="0.063" /></testsuite></testsuites>