<?xml version="1.0" encoding="utf-8"?><testsuites name="pytest tests"><testsuite name="pytest" errors="0" failures="2" skipped="0" tests="50" time="29.993" timestamp="2026-05-27T05:14:07.318994+00:00" hostname="agent-env-48e075a3-b613-4a2a-9831-af7eec40a4ce"><testcase classname="backend.tests.backend_test" name="test_health" time="0.123" /><testcase classname="backend.tests.backend_test" name="test_register_new_member" time="0.369" /><testcase classname="backend.tests.backend_test" name="test_register_duplicate" time="0.102" /><testcase classname="backend.tests.backend_test" name="test_admin_login_and_me" time="0.390" /><testcase classname="backend.tests.backend_test" name="test_logout_requires_auth" time="0.142" /><testcase classname="backend.tests.backend_test" name="test_logout_clears_cookies" time="0.413" /><testcase classname="backend.tests.backend_test" name="test_list_events_seeded" time="0.101" /><testcase classname="backend.tests.backend_test" name="test_get_event_single" time="0.218" /><testcase classname="backend.tests.backend_test" name="test_create_event_admin_only" time="0.363" /><testcase classname="backend.tests.backend_test" name="test_event_crud_admin" time="0.375" /><testcase classname="backend.tests.backend_test" name="test_rsvp_toggle_and_my_events" time="0.353" /><testcase classname="backend.tests.backend_test" name="test_members_directory_search" time="0.209" /><testcase classname="backend.tests.backend_test" name="test_get_member_single" time="0.257" /><testcase classname="backend.tests.backend_test" name="test_update_me_and_renew" time="0.106" /><testcase classname="backend.tests.backend_test" name="test_news_list_seeded" time="0.114" /><testcase classname="backend.tests.backend_test" name="test_news_admin_crud" time="0.292" /><testcase classname="backend.tests.backend_test" name="test_pages_seeded" time="0.102" /><testcase classname="backend.tests.backend_test" name="test_page_get_404" time="0.098" /><testcase classname="backend.tests.backend_test" name="test_pages_admin_crud" time="0.353" /><testcase classname="backend.tests.backend_test" name="test_ai_event_description" time="10.651" /><testcase classname="backend.tests.backend_test" name="test_ai_draft_email" time="5.292" /><testcase classname="backend.tests.backend_test" name="test_ai_member_forbidden" time="0.049" /><testcase classname="backend.tests.backend_test" name="test_brute_force_lockout" time="0.678" /><testcase classname="backend.tests.test_fraternity" name="test_public_user_includes_fraternity_fields" time="0.366" /><testcase classname="backend.tests.test_fraternity" name="test_chapters_seeded" time="0.442" /><testcase classname="backend.tests.test_fraternity" name="test_chapters_create_admin_only" time="0.041" /><testcase classname="backend.tests.test_fraternity" name="test_chapters_crud" time="0.242" /><testcase classname="backend.tests.test_fraternity" name="test_chapter_delete_unassigns_members" time="0.227" /><testcase classname="backend.tests.test_fraternity" name="test_tiers_seeded" time="0.105" /><testcase classname="backend.tests.test_fraternity" name="test_tiers_admin_only" time="0.135" /><testcase classname="backend.tests.test_fraternity" name="test_tier_crud" time="0.150" /><testcase classname="backend.tests.test_fraternity" name="test_awards_seeded" time="0.113" /><testcase classname="backend.tests.test_fraternity" name="test_award_admin_only" time="0.045" /><testcase classname="backend.tests.test_fraternity" name="test_award_grant_revoke_flow" time="0.344" /><testcase classname="backend.tests.test_fraternity" name="test_hours_member_log_and_admin_review" time="0.280" /><testcase classname="backend.tests.test_fraternity" name="test_role_chapter_tier_assignment" time="0.452" /><testcase classname="backend.tests.test_fraternity" name="test_photo_upload_list_delete" time="0.444"><failure message="assert 401 == 200&#10; +  where 401 = &lt;Response [401]&gt;.status_code">E   assert 401 == 200
     +  where 401 = &lt;Response [401]&gt;.status_code</failure></testcase><testcase classname="backend.tests.test_fraternity" name="test_photo_upload_rejects_bad_type" time="0.042" /><testcase classname="backend.tests.test_fraternity" name="test_document_upload_list_delete_and_file_proxy" time="0.426"><failure message="assert 401 == 200&#10; +  where 401 = &lt;Response [401]&gt;.status_code">E   assert 401 == 200
     +  where 401 = &lt;Response [401]&gt;.status_code</failure></testcase><testcase classname="backend.tests.test_fraternity" name="test_pdf_upload" time="0.249" /><testcase classname="backend.tests.test_fraternity" name="test_admin_stats_fraternity_block" time="0.060" /><testcase classname="backend.tests.test_phase_a" name="test_chapter_create_with_region_state" time="0.587" /><testcase classname="backend.tests.test_phase_a" name="test_chapters_list_has_region_state_fields" time="0.115" /><testcase classname="backend.tests.test_phase_a" name="test_hours_log_with_new_fields" time="0.565" /><testcase classname="backend.tests.test_phase_a" name="test_admin_create_member_with_new_fields" time="0.414" /><testcase classname="backend.tests.test_phase_a" name="test_set_member_status_endpoint_deceased_then_active" time="0.408" /><testcase classname="backend.tests.test_phase_a" name="test_award_grant_custom_granted_at" time="0.315" /><testcase classname="backend.tests.test_phase_a" name="test_new_members_returns_recent_first" time="0.741" /><testcase classname="backend.tests.test_phase_a" name="test_upcoming_birthdays" time="0.429" /><testcase classname="backend.tests.test_phase_a" name="test_update_me_address_birthdate" time="0.220" /></testsuite></testsuites>