<?xml version="1.0" encoding="utf-8"?><testsuites name="pytest tests"><testsuite name="pytest" errors="0" failures="0" skipped="0" tests="18" time="5.710" timestamp="2026-04-22T11:47:58.022326+00:00" hostname="agent-env-48e075a3-b613-4a2a-9831-af7eec40a4ce"><testcase classname="backend.tests.test_fraternity" name="test_public_user_includes_fraternity_fields" time="0.384" /><testcase classname="backend.tests.test_fraternity" name="test_chapters_seeded" time="0.491" /><testcase classname="backend.tests.test_fraternity" name="test_chapters_create_admin_only" time="0.051" /><testcase classname="backend.tests.test_fraternity" name="test_chapters_crud" time="0.273" /><testcase classname="backend.tests.test_fraternity" name="test_chapter_delete_unassigns_members" time="0.262" /><testcase classname="backend.tests.test_fraternity" name="test_tiers_seeded" time="0.113" /><testcase classname="backend.tests.test_fraternity" name="test_tiers_admin_only" time="0.145" /><testcase classname="backend.tests.test_fraternity" name="test_tier_crud" time="0.179" /><testcase classname="backend.tests.test_fraternity" name="test_awards_seeded" time="0.107" /><testcase classname="backend.tests.test_fraternity" name="test_award_admin_only" time="0.050" /><testcase classname="backend.tests.test_fraternity" name="test_award_grant_revoke_flow" time="0.404" /><testcase classname="backend.tests.test_fraternity" name="test_hours_member_log_and_admin_review" time="0.298" /><testcase classname="backend.tests.test_fraternity" name="test_role_chapter_tier_assignment" time="0.486" /><testcase classname="backend.tests.test_fraternity" name="test_photo_upload_list_delete" time="0.670" /><testcase classname="backend.tests.test_fraternity" name="test_photo_upload_rejects_bad_type" time="0.046" /><testcase classname="backend.tests.test_fraternity" name="test_document_upload_list_delete_and_file_proxy" time="0.689" /><testcase classname="backend.tests.test_fraternity" name="test_pdf_upload" time="0.222" /><testcase classname="backend.tests.test_fraternity" name="test_admin_stats_fraternity_block" time="0.063" /></testsuite></testsuites>