<?xml version="1.0" encoding="utf-8"?><testsuites name="pytest tests"><testsuite name="pytest" errors="0" failures="0" skipped="0" tests="60" time="30.273" timestamp="2026-06-04T02:22:50.211114+00:00" hostname="agent-env-48e075a3-b613-4a2a-9831-af7eec40a4ce"><testcase classname="backend.tests.test_iteration28_paid_events" name="test_paid_event_create_persists_fields" time="0.495" /><testcase classname="backend.tests.test_iteration28_paid_events" name="test_paid_event_event_out_round_trip" time="0.152" /><testcase classname="backend.tests.test_iteration28_paid_events" name="test_free_rsvp_on_paid_event_returns_402" time="0.500" /><testcase classname="backend.tests.test_iteration28_paid_events" name="test_payment_confirm_creates_pending_tx" time="0.233" /><testcase classname="backend.tests.test_iteration28_paid_events" name="test_admin_approve_event_ticket_creates_rsvp" time="0.320" /><testcase classname="backend.tests.test_iteration28_paid_events" name="test_trust_zeffy_auto_approval" time="0.228" /><testcase classname="backend.tests.test_iteration28_paid_events" name="test_cancelled_paid_event_blocks_payment" time="0.172" /><testcase classname="backend.tests.test_iteration28_paid_events" name="test_free_event_rejects_payment_confirm" time="0.153" /><testcase classname="backend.tests.test_iteration28_paid_events" name="test_admin_update_toggle_is_paid_and_ticket_types" time="0.182" /><testcase classname="backend.tests.test_iteration28_paid_events" name="test_transactions_surface_event_fields" time="0.200" /><testcase classname="backend.tests.test_iteration28_paid_events" name="test_dues_queue_unaffected_by_event_ticket_tx" time="0.215" /><testcase classname="backend.tests.test_iteration28_paid_events" name="test_ticket_email_logs_cc_to_events_inbox" time="3.258" /><testcase classname="backend.tests.test_iteration28_paid_events" name="test_bulk_import_generates_password_set_tokens" time="0.921" /><testcase classname="backend.tests.test_iteration28_paid_events" name="test_bulk_import_no_password_emails_when_flag_off" time="0.277" /><testcase classname="backend.tests.test_iteration28_paid_events" name="test_smoke_regressions" time="0.248" /><testcase classname="backend.tests.test_iteration25_auth_zeffy.TestAuthLogin" name="test_login_with_email_admin" time="0.379" /><testcase classname="backend.tests.test_iteration25_auth_zeffy.TestAuthLogin" name="test_login_with_email_member" time="0.336" /><testcase classname="backend.tests.test_iteration25_auth_zeffy.TestAuthLogin" name="test_login_wrong_password" time="0.341" /><testcase classname="backend.tests.test_iteration25_auth_zeffy.TestAuthLogin" name="test_login_with_username_case_insensitive" time="0.755" /><testcase classname="backend.tests.test_iteration25_auth_zeffy.TestAuthMeLogoutRefresh" name="test_me_with_cookie" time="0.391" /><testcase classname="backend.tests.test_iteration25_auth_zeffy.TestAuthMeLogoutRefresh" name="test_me_without_auth" time="0.108" /><testcase classname="backend.tests.test_iteration25_auth_zeffy.TestAuthMeLogoutRefresh" name="test_logout_clears_cookies" time="0.501" /><testcase classname="backend.tests.test_iteration25_auth_zeffy.TestAuthMeLogoutRefresh" name="test_logout_requires_auth" time="0.119" /><testcase classname="backend.tests.test_iteration25_auth_zeffy.TestAuthMeLogoutRefresh" name="test_refresh_via_cookie" time="0.407" /><testcase classname="backend.tests.test_iteration25_auth_zeffy.TestAuthMeLogoutRefresh" name="test_refresh_via_json_body" time="0.484" /><testcase classname="backend.tests.test_iteration25_auth_zeffy.TestAuthMeLogoutRefresh" name="test_refresh_via_bearer" time="0.444" /><testcase classname="backend.tests.test_iteration25_auth_zeffy.TestAuthMeLogoutRefresh" name="test_refresh_without_token" time="0.137" /><testcase classname="backend.tests.test_iteration25_auth_zeffy.TestAuthRegister" name="test_register_duplicate_email" time="0.137" /><testcase classname="backend.tests.test_iteration25_auth_zeffy.TestAuthRegister" name="test_register_creates_user" time="0.806" /><testcase classname="backend.tests.test_iteration25_auth_zeffy.TestBruteForceLockout" name="test_5_fails_lock" time="0.780" /><testcase classname="backend.tests.test_iteration25_auth_zeffy.TestZeffy" name="test_zeffy_config" time="0.826" /><testcase classname="backend.tests.test_iteration25_auth_zeffy.TestZeffy" name="test_validate_formats" time="1.069" /><testcase classname="backend.tests.test_iteration25_auth_zeffy.TestZeffy" name="test_will_auto_approve_flag" time="0.941" /><testcase classname="backend.tests.test_iteration25_auth_zeffy.TestZeffy" name="test_confirm_untrusted_creates_pending" time="0.984" /><testcase classname="backend.tests.test_iteration25_auth_zeffy.TestZeffy" name="test_confirm_trusted_auto_approves" time="1.337" /><testcase classname="backend.tests.test_iteration25_auth_zeffy.TestZeffy" name="test_approve_zeffy_non_zeffy_400" time="1.010" /><testcase classname="backend.tests.test_iteration25_auth_zeffy.TestZeffy" name="test_approve_zeffy_missing_404" time="0.853" /><testcase classname="backend.tests.test_iteration25_auth_zeffy.TestZeffy" name="test_admin_list_surfaces_format" time="0.912" /><testcase classname="backend.tests.test_iteration25_auth_zeffy.TestUnmovedEndpoints" name="test_members" time="0.426" /><testcase classname="backend.tests.test_iteration25_auth_zeffy.TestUnmovedEndpoints" name="test_chapters" time="0.379" /><testcase classname="backend.tests.test_iteration25_auth_zeffy.TestUnmovedEndpoints" name="test_tiers" time="0.425" /><testcase classname="backend.tests.test_iteration25_auth_zeffy.TestUnmovedEndpoints" name="test_events" time="0.416" /><testcase classname="backend.tests.test_iteration25_auth_zeffy.TestUnmovedEndpoints" name="test_forgot_password_endpoint_exists" time="0.508" /><testcase classname="backend.tests.test_iteration27_features.TestEventCancellation" name="test_create_event_default_not_cancelled" time="0.410" /><testcase classname="backend.tests.test_iteration27_features.TestEventCancellation" name="test_admin_cancels_event" time="0.454" /><testcase classname="backend.tests.test_iteration27_features.TestEventCancellation" name="test_member_rsvp_blocked_on_cancelled" time="0.053" /><testcase classname="backend.tests.test_iteration27_features.TestEventCancellation" name="test_guest_edit_blocked_on_cancelled" time="0.048" /><testcase classname="backend.tests.test_iteration27_features.TestEventCancellation" name="test_uncancel_clears_cancelled_at_and_allows_rsvp" time="0.106" /><testcase classname="backend.tests.test_iteration27_features.TestEventCancellation" name="test_cleanup_event" time="0.055" /><testcase classname="backend.tests.test_iteration27_features.TestBulkImport" name="test_template_csv" time="0.061" /><testcase classname="backend.tests.test_iteration27_features.TestBulkImport" name="test_dry_run_does_not_create" time="0.179" /><testcase classname="backend.tests.test_iteration27_features.TestBulkImport" name="test_actual_import_persists_and_sets_expires" time="0.918" /><testcase classname="backend.tests.test_iteration27_features.TestBulkImport" name="test_reject_non_csv" time="0.047" /><testcase classname="backend.tests.test_iteration27_features.TestBulkImport" name="test_cleanup_created_users" time="0.150" /><testcase classname="backend.tests.test_iteration27_features.TestTitleField" name="test_member_self_update_title" time="0.221" /><testcase classname="backend.tests.test_iteration27_features.TestTitleField" name="test_admin_create_and_update_member_title" time="3.402" /><testcase classname="backend.tests.test_iteration27_features.TestSmoke" name="test_login_admin" time="0.067" /><testcase classname="backend.tests.test_iteration27_features.TestSmoke" name="test_chapters_list" time="0.052" /><testcase classname="backend.tests.test_iteration27_features.TestSmoke" name="test_events_list" time="0.054" /><testcase classname="backend.tests.test_iteration27_features.TestSmoke" name="test_members_list" time="0.067" /></testsuite></testsuites>