<?xml version="1.0" encoding="utf-8"?><testsuites name="pytest tests"><testsuite name="pytest" errors="0" failures="0" skipped="0" tests="14" time="9.130" timestamp="2026-06-22T20:26:27.045207+00:00" hostname="agent-env-48e075a3-b613-4a2a-9831-af7eec40a4ce"><testcase classname="backend.tests.test_iteration67_inactive_member_guard" name="test_inactive_login_and_me_succeed" time="2.311" /><testcase classname="backend.tests.test_iteration67_inactive_member_guard" name="test_inactive_allowlisted_endpoints_not_blocked[/api/auth/me]" time="0.563" /><testcase classname="backend.tests.test_iteration67_inactive_member_guard" name="test_inactive_allowlisted_endpoints_not_blocked[/api/me]" time="0.829" /><testcase classname="backend.tests.test_iteration67_inactive_member_guard" name="test_inactive_allowlisted_endpoints_not_blocked[/api/news]" time="0.551" /><testcase classname="backend.tests.test_iteration67_inactive_member_guard" name="test_inactive_allowlisted_endpoints_not_blocked[/api/chapters]" time="0.753" /><testcase classname="backend.tests.test_iteration67_inactive_member_guard" name="test_inactive_allowlisted_endpoints_not_blocked[/api/causes]" time="0.521" /><testcase classname="backend.tests.test_iteration67_inactive_member_guard" name="test_inactive_allowlisted_endpoints_not_blocked[/api/health]" time="0.479" /><testcase classname="backend.tests.test_iteration67_inactive_member_guard" name="test_inactive_blocked_endpoints_return_403[/api/members]" time="0.466" /><testcase classname="backend.tests.test_iteration67_inactive_member_guard" name="test_inactive_blocked_endpoints_return_403[/api/hours]" time="0.472" /><testcase classname="backend.tests.test_iteration67_inactive_member_guard" name="test_inactive_blocked_endpoints_return_403[/api/events]" time="0.475" /><testcase classname="backend.tests.test_iteration67_inactive_member_guard" name="test_inactive_blocked_endpoints_return_403[/api/donations]" time="0.472" /><testcase classname="backend.tests.test_iteration67_inactive_member_guard" name="test_active_member_not_blocked" time="0.526" /><testcase classname="backend.tests.test_iteration67_inactive_member_guard" name="test_admin_bypass_when_inactive" time="0.538" /><testcase classname="backend.tests.test_iteration67_inactive_member_guard" name="test_grace_period_auto_inactive_logic" time="0.097" /></testsuite></testsuites>