<?xml version="1.0" encoding="utf-8"?><testsuites name="pytest tests"><testsuite name="pytest" errors="0" failures="0" skipped="0" tests="7" time="6.120" timestamp="2026-06-24T04:00:48.184648+00:00" hostname="agent-env-48e075a3-b613-4a2a-9831-af7eec40a4ce"><testcase classname="backend.tests.test_iteration72_of_the_year_brief" name="test_oty_list_by_user_id" time="0.641" /><testcase classname="backend.tests.test_iteration72_of_the_year_brief" name="test_personnel_brief_includes_oty_keys" time="0.053" /><testcase classname="backend.tests.test_iteration72_of_the_year_brief" name="test_personnel_brief_pdf_has_section9_oty" time="1.758" /><testcase classname="backend.tests.test_iteration72_of_the_year_brief" name="test_personnel_brief_caps_recent_at_seven" time="0.072" /><testcase classname="backend.tests.test_iteration72_of_the_year_brief" name="test_personnel_brief_pdf_header_includes_last_7_of_n" time="2.012" /><testcase classname="backend.tests.test_iteration72_of_the_year_brief" name="test_personnel_brief_zero_wins" time="0.849" /><testcase classname="backend.tests.test_iteration72_of_the_year_brief" name="test_personnel_brief_pdf_zero_wins_placeholder" time="0.554" /></testsuite></testsuites>