<?xml version="1.0" encoding="utf-8"?><testsuites name="pytest tests"><testsuite name="pytest" errors="0" failures="0" skipped="0" tests="10" time="8.131" timestamp="2026-06-24T02:14:06.688186+00:00" hostname="agent-env-48e075a3-b613-4a2a-9831-af7eec40a4ce"><testcase classname="backend.tests.test_iteration69_outstanding_balance" name="test_admin_can_set_zeffy_url" time="0.748" /><testcase classname="backend.tests.test_iteration69_outstanding_balance" name="test_zeffy_url_rejects_non_https" time="0.540" /><testcase classname="backend.tests.test_iteration69_outstanding_balance" name="test_admin_add_edit_delete_line" time="0.622" /><testcase classname="backend.tests.test_iteration69_outstanding_balance" name="test_admin_mark_paid_creates_transaction" time="0.777" /><testcase classname="backend.tests.test_iteration69_outstanding_balance" name="test_cannot_edit_or_delete_paid_line" time="0.705" /><testcase classname="backend.tests.test_iteration69_outstanding_balance" name="test_member_can_view_own_balance" time="0.982" /><testcase classname="backend.tests.test_iteration69_outstanding_balance" name="test_member_submits_receipt_admin_approves" time="1.148" /><testcase classname="backend.tests.test_iteration69_outstanding_balance" name="test_member_cannot_select_paid_line" time="1.042" /><testcase classname="backend.tests.test_iteration69_outstanding_balance" name="test_member_balance_endpoints_require_auth" time="0.592" /><testcase classname="backend.tests.test_iteration69_outstanding_balance" name="test_admin_balance_endpoints_require_admin" time="0.894" /></testsuite></testsuites>