<?xml version="1.0" encoding="utf-8"?><testsuites name="pytest tests"><testsuite name="pytest" errors="0" failures="0" skipped="0" tests="12" time="3.088" timestamp="2026-06-18T19:32:27.003489+00:00" hostname="agent-env-48e075a3-b613-4a2a-9831-af7eec40a4ce"><testcase classname="backend.tests.test_iteration47_email_preferences.TestGetEmailPreferences" name="test_unauth_returns_401" time="0.701" /><testcase classname="backend.tests.test_iteration47_email_preferences.TestGetEmailPreferences" name="test_fresh_user_defaults_opted_in" time="0.144" /><testcase classname="backend.tests.test_iteration47_email_preferences.TestPutEmailPreferences" name="test_unauth_returns_401" time="0.161" /><testcase classname="backend.tests.test_iteration47_email_preferences.TestPutEmailPreferences" name="test_toggle_blasts_off_persists" time="0.186" /><testcase classname="backend.tests.test_iteration47_email_preferences.TestPutEmailPreferences" name="test_master_kill_switch_sets_opt_out" time="0.193" /><testcase classname="backend.tests.test_iteration47_email_preferences.TestPutEmailPreferences" name="test_implicit_resubscribe_when_re_enabling_category" time="0.330" /><testcase classname="backend.tests.test_iteration47_email_preferences.TestPutEmailPreferences" name="test_explicit_opt_out_overrides_implicit_resubscribe" time="0.145" /><testcase classname="backend.tests.test_iteration47_email_preferences.TestPublicUserShape" name="test_auth_me_includes_email_prefs" time="0.142" /><testcase classname="backend.tests.test_iteration47_email_preferences.TestResolveSegmentCategoryFilter" name="test_blast_filtered_when_master_kill_on" time="0.616" /><testcase classname="backend.tests.test_iteration47_email_preferences.TestResolveSegmentCategoryFilter" name="test_blast_filtered_when_blasts_category_off" time="0.273" /><testcase classname="backend.tests.test_iteration47_email_preferences.TestDuesReminderCronQueryStatic" name="test_dues_cron_query_uses_email_prefs_filter" time="0.052" /><testcase classname="backend.tests.test_iteration47_email_preferences.TestDuesReminderCronQueryStatic" name="test_resolve_segment_query_uses_email_prefs_blasts" time="0.054" /></testsuite></testsuites>