<?xml version="1.0" encoding="utf-8"?><testsuites name="pytest tests"><testsuite name="pytest" errors="0" failures="0" skipped="0" tests="7" time="4.967" timestamp="2026-06-24T04:53:33.454439+00:00" hostname="agent-env-48e075a3-b613-4a2a-9831-af7eec40a4ce"><testcase classname="backend.tests.test_iteration73_orb_brief.TestRsvpsTicketTypeFallback" name="test_rsvps_report_includes_ticket_type_from_rsvp" time="0.742" /><testcase classname="backend.tests.test_iteration73_orb_brief.TestOtyChapterContextOnMember" name="test_post_member_oty_with_chapter_id_succeeds" time="0.150" /><testcase classname="backend.tests.test_iteration73_orb_brief.TestOtyChapterContextOnMember" name="test_put_member_oty_sets_chapter_id" time="0.200" /><testcase classname="backend.tests.test_iteration73_orb_brief.TestOtyChapterContextOnMember" name="test_put_member_oty_invalid_chapter_404" time="0.142" /><testcase classname="backend.tests.test_iteration73_orb_brief.TestPersonnelBriefOtyChapterResolution" name="test_oty_chapter_name_auto_resolved_when_unset" time="0.169" /><testcase classname="backend.tests.test_iteration73_orb_brief.TestPersonnelBriefOrbPdf" name="test_pdf_page1_landscape_and_orb_sections" time="1.759" /><testcase classname="backend.tests.test_iteration73_orb_brief.TestPersonnelBriefOrbPdf" name="test_pdf_includes_oty_section_v" time="1.634" /></testsuite></testsuites>