<?xml version="1.0" encoding="utf-8"?><testsuites name="pytest tests"><testsuite name="pytest" errors="0" failures="1" skipped="0" tests="25" time="8.124" timestamp="2026-06-05T00:32:09.933626+00:00" hostname="agent-env-48e075a3-b613-4a2a-9831-af7eec40a4ce"><testcase classname="backend.tests.test_iteration33_refactor_pendingsetpw.TestAuthEmailFlows" name="test_set_password_bogus_token" time="0.196" /><testcase classname="backend.tests.test_iteration33_refactor_pendingsetpw.TestAuthEmailFlows" name="test_forgot_password_unknown_email_returns_ok" time="0.124"><failure message="assert 422 == 200&#10; +  where 422 = &lt;Response [422]&gt;.status_code">backend/tests/test_iteration33_refactor_pendingsetpw.py:57: in test_forgot_password_unknown_email_returns_ok
    assert r.status_code == 200
E   assert 422 == 200
E    +  where 422 = &lt;Response [422]&gt;.status_code</failure></testcase><testcase classname="backend.tests.test_iteration33_refactor_pendingsetpw.TestAuthEmailFlows" name="test_forgot_password_known_email_returns_ok" time="0.335" /><testcase classname="backend.tests.test_iteration33_refactor_pendingsetpw.TestAuthEmailFlows" name="test_reset_password_bogus_token" time="0.112" /><testcase classname="backend.tests.test_iteration33_refactor_pendingsetpw.TestAuthEmailFlows" name="test_change_password_unauth_401" time="0.121" /><testcase classname="backend.tests.test_iteration33_refactor_pendingsetpw.TestAuthEmailFlows" name="test_change_password_wrong_current" time="0.607" /><testcase classname="backend.tests.test_iteration33_refactor_pendingsetpw.TestAuthEmailFlows" name="test_change_password_success_and_login" time="1.985" /><testcase classname="backend.tests.test_iteration33_refactor_pendingsetpw.TestEvents" name="test_list_events" time="0.106" /><testcase classname="backend.tests.test_iteration33_refactor_pendingsetpw.TestEvents" name="test_list_upcoming" time="0.140" /><testcase classname="backend.tests.test_iteration33_refactor_pendingsetpw.TestEvents" name="test_list_include_sub_events" time="0.128" /><testcase classname="backend.tests.test_iteration33_refactor_pendingsetpw.TestEvents" name="test_get_event_404" time="0.117" /><testcase classname="backend.tests.test_iteration33_refactor_pendingsetpw.TestEvents" name="test_member_cannot_create_event" time="0.048" /><testcase classname="backend.tests.test_iteration33_refactor_pendingsetpw.TestEvents" name="test_admin_event_crud" time="1.367" /><testcase classname="backend.tests.test_iteration33_refactor_pendingsetpw.TestMembers" name="test_list_members" time="0.133" /><testcase classname="backend.tests.test_iteration33_refactor_pendingsetpw.TestMembers" name="test_list_members_q_city" time="0.110" /><testcase classname="backend.tests.test_iteration33_refactor_pendingsetpw.TestMembers" name="test_get_member_404" time="0.116" /><testcase classname="backend.tests.test_iteration33_refactor_pendingsetpw.TestMembers" name="test_members_new" time="0.101" /><testcase classname="backend.tests.test_iteration33_refactor_pendingsetpw.TestMembers" name="test_members_birthdays" time="0.110" /><testcase classname="backend.tests.test_iteration33_refactor_pendingsetpw.TestMembers" name="test_set_status_requires_admin" time="0.103" /><testcase classname="backend.tests.test_iteration33_refactor_pendingsetpw.TestMembers" name="test_set_status_admin_can_set_and_clear_deceased" time="0.213" /><testcase classname="backend.tests.test_iteration33_refactor_pendingsetpw.TestResendSetPassword" name="test_member_id" time="0.120" /><testcase classname="backend.tests.test_iteration33_refactor_pendingsetpw.TestResendSetPassword" name="test_resend_requires_admin" time="0.180" /><testcase classname="backend.tests.test_iteration33_refactor_pendingsetpw.TestResendSetPassword" name="test_resend_404_unknown" time="0.060" /><testcase classname="backend.tests.test_iteration33_refactor_pendingsetpw.TestResendSetPassword" name="test_resend_success_sets_pending" time="0.770" /><testcase classname="backend.tests.test_iteration33_refactor_pendingsetpw.TestResendSetPassword" name="test_resend_invalidates_older_tokens" time="0.634" /></testsuite></testsuites>