<?xml version="1.0" encoding="utf-8"?><testsuites name="pytest tests"><testsuite name="pytest" errors="0" failures="0" skipped="0" tests="22" time="2.650" timestamp="2026-06-19T03:40:37.166837+00:00" hostname="agent-env-48e075a3-b613-4a2a-9831-af7eec40a4ce"><testcase classname="backend.tests.test_iteration51_bulk_rsvp_csv.TestHoursCsvDateParser" name="test_iso_date_parses" time="0.532" /><testcase classname="backend.tests.test_iteration51_bulk_rsvp_csv.TestHoursCsvDateParser" name="test_excel_default_mdy_parses" time="0.046" /><testcase classname="backend.tests.test_iteration51_bulk_rsvp_csv.TestHoursCsvDateParser" name="test_short_year_parses" time="0.045" /><testcase classname="backend.tests.test_iteration51_bulk_rsvp_csv.TestHoursCsvDateParser" name="test_dash_mdy_parses" time="0.044" /><testcase classname="backend.tests.test_iteration51_bulk_rsvp_csv.TestHoursCsvDateParser" name="test_day_month_year_parses" time="0.044" /><testcase classname="backend.tests.test_iteration51_bulk_rsvp_csv.TestHoursCsvDateParser" name="test_unparseable_date_returns_error_with_format_list" time="0.047" /><testcase classname="backend.tests.test_iteration51_bulk_rsvp_csv.TestHoursCsvDateParser" name="test_empty_date_mentions_formats" time="0.047" /><testcase classname="backend.tests.test_iteration51_bulk_rsvp_csv.TestAdminRsvpCsvTemplate" name="test_template_returns_csv_with_headers" time="0.048" /><testcase classname="backend.tests.test_iteration51_bulk_rsvp_csv.TestAdminRsvpCsvTemplate" name="test_template_forbidden_for_non_admin" time="0.372" /><testcase classname="backend.tests.test_iteration51_bulk_rsvp_csv.TestAdminRsvpCsvDryRun" name="test_dry_run_valid_plus_invalid_email" time="0.050" /><testcase classname="backend.tests.test_iteration51_bulk_rsvp_csv.TestAdminRsvpCsvDryRun" name="test_dry_run_does_not_persist" time="0.171" /><testcase classname="backend.tests.test_iteration51_bulk_rsvp_csv.TestAdminRsvpCsvDryRun" name="test_duplicate_email_in_same_file" time="0.047" /><testcase classname="backend.tests.test_iteration51_bulk_rsvp_csv.TestAdminRsvpCsvDryRun" name="test_capacity_overflow" time="0.156" /><testcase classname="backend.tests.test_iteration51_bulk_rsvp_csv.TestAdminRsvpCsvConfirm" name="test_confirm_no_email_persists_with_attribution" time="0.240" /><testcase classname="backend.tests.test_iteration51_bulk_rsvp_csv.TestAdminRsvpCsvRejects" name="test_non_csv_filename" time="0.046" /><testcase classname="backend.tests.test_iteration51_bulk_rsvp_csv.TestAdminRsvpCsvRejects" name="test_missing_member_email_column" time="0.053" /><testcase classname="backend.tests.test_iteration51_bulk_rsvp_csv.TestAdminRsvpCsvRejects" name="test_zero_data_rows" time="0.048" /><testcase classname="backend.tests.test_iteration51_bulk_rsvp_csv.TestAdminRsvpCsvRejects" name="test_more_than_500_rows" time="0.048" /><testcase classname="backend.tests.test_iteration51_bulk_rsvp_csv.TestAdminRsvpCsvRejects" name="test_umbrella_parent_event_rejected" time="0.092" /><testcase classname="backend.tests.test_iteration51_bulk_rsvp_csv.TestAdminRsvpCsvRejects" name="test_cancelled_event_rejected" time="0.186" /><testcase classname="backend.tests.test_iteration51_bulk_rsvp_csv.TestAdminRsvpCsvRejects" name="test_paid_event_rejected" time="0.135" /><testcase classname="backend.tests.test_iteration51_bulk_rsvp_csv.TestAdminRsvpCsvAuthz" name="test_non_admin_post_forbidden" time="0.046" /></testsuite></testsuites>