<?xml version="1.0" encoding="utf-8"?><testsuites name="pytest tests"><testsuite name="pytest" errors="0" failures="0" skipped="0" tests="19" time="8.258" timestamp="2026-06-05T00:54:19.254179+00:00" hostname="agent-env-48e075a3-b613-4a2a-9831-af7eec40a4ce"><testcase classname="backend.tests.test_iteration34_bulk_resend_applications_hours.TestBulkResendSetPassword" name="test_member_forbidden" time="0.419" /><testcase classname="backend.tests.test_iteration34_bulk_resend_applications_hours.TestBulkResendSetPassword" name="test_unauth_forbidden" time="0.101" /><testcase classname="backend.tests.test_iteration34_bulk_resend_applications_hours.TestBulkResendSetPassword" name="test_admin_seed_then_bulk" time="1.694" /><testcase classname="backend.tests.test_iteration34_bulk_resend_applications_hours.TestBulkResendSetPassword" name="test_admin_bulk_invalidates_older_tokens" time="1.976" /><testcase classname="backend.tests.test_iteration34_bulk_resend_applications_hours.TestPerUserResend" name="test_member_forbidden" time="0.053" /><testcase classname="backend.tests.test_iteration34_bulk_resend_applications_hours.TestPerUserResend" name="test_unknown_user_404" time="0.049" /><testcase classname="backend.tests.test_iteration34_bulk_resend_applications_hours.TestPerUserResend" name="test_admin_success" time="0.272" /><testcase classname="backend.tests.test_iteration34_bulk_resend_applications_hours.TestApplicationsFlow" name="test_apply_listed_approved_and_login" time="1.115" /><testcase classname="backend.tests.test_iteration34_bulk_resend_applications_hours.TestApplicationsFlow" name="test_review_unknown_app_404" time="0.047" /><testcase classname="backend.tests.test_iteration34_bulk_resend_applications_hours.TestApplicationsFlow" name="test_admin_applications_member_forbidden" time="0.049" /><testcase classname="backend.tests.test_iteration34_bulk_resend_applications_hours.TestApplicationsFlow" name="test_reject_flow" time="0.687" /><testcase classname="backend.tests.test_iteration34_bulk_resend_applications_hours.TestHoursFlow" name="test_log_list_review_delete" time="0.349" /><testcase classname="backend.tests.test_iteration34_bulk_resend_applications_hours.TestHoursFlow" name="test_me_hours_filters" time="0.433" /><testcase classname="backend.tests.test_iteration34_bulk_resend_applications_hours.TestHoursFlow" name="test_me_hours_summary" time="0.146" /><testcase classname="backend.tests.test_iteration34_bulk_resend_applications_hours.TestHoursFlow" name="test_delete_other_user_forbidden" time="0.141" /><testcase classname="backend.tests.test_iteration34_bulk_resend_applications_hours.TestHoursFlow" name="test_governor_chapter_scoped_hours_queue" time="0.425" /><testcase classname="backend.tests.test_iteration34_bulk_resend_applications_hours.TestRegression" name="test_events_list" time="0.093" /><testcase classname="backend.tests.test_iteration34_bulk_resend_applications_hours.TestRegression" name="test_members_list" time="0.060" /><testcase classname="backend.tests.test_iteration34_bulk_resend_applications_hours.TestRegression" name="test_auth_me" time="0.048" /></testsuite></testsuites>