<?xml version="1.0" encoding="utf-8"?><testsuites name="pytest tests"><testsuite name="pytest" errors="8" failures="12" skipped="1" tests="58" time="12.718" timestamp="2026-06-05T00:32:37.421520+00:00" hostname="agent-env-48e075a3-b613-4a2a-9831-af7eec40a4ce"><testcase classname="backend.tests.test_phase_g.TestAvatarUpload" name="test_upload_png_avatar_returns_url_and_size" time="0.685" /><testcase classname="backend.tests.test_phase_g.TestAvatarUpload" name="test_upload_rejects_non_image_ext" time="0.048" /><testcase classname="backend.tests.test_phase_g.TestAvatarUpload" name="test_upload_413_when_over_10mb" time="0.409" /><testcase classname="backend.tests.test_phase_g.TestProfileExtendedFields" name="test_update_state_zip_country_persists" time="0.096" /><testcase classname="backend.tests.test_phase_g.TestAdminUpdateJoinDate" name="test_admin_can_set_join_date_and_expires_recomputes" time="0.848" /><testcase classname="backend.tests.test_phase_g.TestAnniversarySeed" name="test_parent_has_id_and_not_ticketed" time="0.045" /><testcase classname="backend.tests.test_phase_g.TestAnniversarySeed" name="test_five_sub_events_exist" time="0.045"><failure message="AssertionError: got {'Transportation to Sip &amp; Paint', 'Sneaker Ball Banquet', 'Top Golf', 'Sip &amp; Paint', 'Transportation to Top Golf'}&#10;assert {'Sip &amp; Paint... to Top Golf'} == {'Banquet', '... to Top Golf'}&#10;  &#10;  Extra items in the left set:&#10;  'Transportation to Top Golf'&#10;  'Transportation to Sip &amp; Paint'&#10;  'Sip &amp; Paint'&#10;  'Sneaker Ball Banquet'&#10;  Extra items in the right set:...&#10;  &#10;  ...Full output truncated (22 lines hidden), use '-vv' to show">E   AssertionError: got {'Transportation to Sip &amp; Paint', 'Sneaker Ball Banquet', 'Top Golf', 'Sip &amp; Paint', 'Transportation to Top Golf'}
    assert {'Sip &amp; Paint... to Top Golf'} == {'Banquet', '... to Top Golf'}
      
      Extra items in the left set:
      'Transportation to Top Golf'
      'Transportation to Sip &amp; Paint'
      'Sip &amp; Paint'
      'Sneaker Ball Banquet'
      Extra items in the right set:...
      
      ...Full output truncated (22 lines hidden), use '-vv' to show</failure></testcase><testcase classname="backend.tests.test_phase_g.TestAnniversarySeed" name="test_ticket_type_flags_correct" time="0.045"><failure message="KeyError: 'Sip and Paint'">E   KeyError: 'Sip and Paint'</failure></testcase><testcase classname="backend.tests.test_phase_g.TestAnniversarySeed" name="test_sub_event_parent_id_matches" time="0.048" /><testcase classname="backend.tests.test_phase_g.TestEventRsvpWithGuests" name="test_rsvp_with_guests_increments_guest_count" time="0.091"><error message="failed on setup with &quot;StopIteration&quot;">E   StopIteration</error></testcase><testcase classname="backend.tests.test_phase_g.TestEventRsvpWithGuests" name="test_update_guests_list" time="0.000"><error message="failed on setup with &quot;StopIteration&quot;">E   StopIteration</error></testcase><testcase classname="backend.tests.test_phase_g.TestEventRsvpWithGuests" name="test_cancel_rsvp_decrements" time="0.000"><error message="failed on setup with &quot;StopIteration&quot;">E   StopIteration</error></testcase><testcase classname="backend.tests.test_phase_g.TestEventRsvpWithGuests" name="test_update_guests_404_when_not_rsvped" time="0.000"><error message="failed on setup with &quot;StopIteration&quot;">E   StopIteration</error></testcase><testcase classname="backend.tests.test_phase_g.TestCheckInTicketTypes" name="test_admin_check_in_accepts_all_access" time="0.152"><error message="failed on setup with &quot;StopIteration&quot;">E   StopIteration</error></testcase><testcase classname="backend.tests.test_phase_g.TestCheckInTicketTypes" name="test_check_in_rejects_unknown_ticket_type" time="0.000"><error message="failed on setup with &quot;StopIteration&quot;">E   StopIteration</error></testcase><testcase classname="backend.tests.test_phase_g.TestChatDigestNotifications" name="test_send_message_creates_pending_notification" time="0.185" /><testcase classname="backend.tests.test_phase_g.TestChatDigestNotifications" name="test_read_endpoint_returns_ok_even_with_no_pending" time="0.059" /><testcase classname="backend.tests.test_phase_g.TestEmailBlastIndividual" name="test_preview_returns_recipient_count_1_for_single_member" time="0.055" /><testcase classname="backend.tests.test_phase_h.TestPublicApplicationFlow" name="test_submit_returns_application_id" time="0.134"><failure message="AssertionError: {&quot;detail&quot;:[{&quot;type&quot;:&quot;missing&quot;,&quot;loc&quot;:[&quot;body&quot;,&quot;password&quot;],&quot;msg&quot;:&quot;Field required&quot;,&quot;input&quot;:{&quot;first_name&quot;:&quot;TESTApp&quot;,&quot;last_name&quot;:&quot;Candidate&quot;,&quot;email&quot;:&quot;TEST_app_fbc72248bf@example.com&quot;,&quot;line_name&quot;:&quot;Phantom&quot;,&quot;intake_line&quot;:&quot;Spring 2024&quot;,&quot;intake_completed_at&quot;:&quot;2024-05&quot;,&quot;address&quot;:&quot;100 Test St&quot;,&quot;city&quot;:&quot;Austin&quot;,&quot;state&quot;:&quot;TX&quot;,&quot;zip_code&quot;:&quot;78701&quot;,&quot;country&quot;:&quot;USA&quot;},&quot;url&quot;:&quot;https://errors.pydantic.dev/2.12/v/missing&quot;}]}&#10;assert 422 == 200&#10; +  where 422 = &lt;Response [422]&gt;.status_code">E   AssertionError: {"detail":[{"type":"missing","loc":["body","password"],"msg":"Field required","input":{"first_name":"TESTApp","last_name":"Candidate","email":"TEST_app_fbc72248bf@example.com","line_name":"Phantom","intake_line":"Spring 2024","intake_completed_at":"2024-05","address":"100 Test St","city":"Austin","state":"TX","zip_code":"78701","country":"USA"},"url":"https://errors.pydantic.dev/2.12/v/missing"}]}
    assert 422 == 200
     +  where 422 = &lt;Response [422]&gt;.status_code</failure></testcase><testcase classname="backend.tests.test_phase_h.TestPublicApplicationFlow" name="test_duplicate_pending_rejected_400" time="0.111"><failure message="AssertionError: {&quot;detail&quot;:[{&quot;type&quot;:&quot;missing&quot;,&quot;loc&quot;:[&quot;body&quot;,&quot;password&quot;],&quot;msg&quot;:&quot;Field required&quot;,&quot;input&quot;:{&quot;first_name&quot;:&quot;Dup&quot;,&quot;last_name&quot;:&quot;Pend&quot;,&quot;email&quot;:&quot;TEST_app_c2fd067b0d@example.com&quot;},&quot;url&quot;:&quot;https://errors.pydantic.dev/2.12/v/missing&quot;}]}&#10;assert 422 == 200&#10; +  where 422 = &lt;Response [422]&gt;.status_code">E   AssertionError: {"detail":[{"type":"missing","loc":["body","password"],"msg":"Field required","input":{"first_name":"Dup","last_name":"Pend","email":"TEST_app_c2fd067b0d@example.com"},"url":"https://errors.pydantic.dev/2.12/v/missing"}]}
    assert 422 == 200
     +  where 422 = &lt;Response [422]&gt;.status_code</failure></testcase><testcase classname="backend.tests.test_phase_h.TestPublicApplicationFlow" name="test_existing_email_rejected_400" time="0.106"><failure message="assert 422 == 400&#10; +  where 422 = &lt;Response [422]&gt;.status_code">E   assert 422 == 400
     +  where 422 = &lt;Response [422]&gt;.status_code</failure></testcase><testcase classname="backend.tests.test_phase_h.TestApplicationsListing" name="test_admin_can_list_pending" time="0.380" /><testcase classname="backend.tests.test_phase_h.TestApplicationsListing" name="test_membership_manager_can_list" time="0.379"><failure message="AssertionError: {&quot;detail&quot;:&quot;Admin only&quot;}&#10;assert 403 == 200&#10; +  where 403 = &lt;Response [403]&gt;.status_code">E   AssertionError: {"detail":"Admin only"}
    assert 403 == 200
     +  where 403 = &lt;Response [403]&gt;.status_code</failure></testcase><testcase classname="backend.tests.test_phase_h.TestApplicationsListing" name="test_member_cannot_list_applications" time="0.377" /><testcase classname="backend.tests.test_phase_h.TestApproveCreatesUserAndToken" name="test_approved_creates_user_record" time="0.115"><error message="failed on setup with &quot;assert 422 == 200&#10; +  where 422 = &lt;Response [422]&gt;.status_code&quot;">E   assert 422 == 200
     +  where 422 = &lt;Response [422]&gt;.status_code</error></testcase><testcase classname="backend.tests.test_phase_h.TestApproveCreatesUserAndToken" name="test_set_password_then_login_then_replay_blocked" time="0.000"><error message="failed on setup with &quot;assert 422 == 200&#10; +  where 422 = &lt;Response [422]&gt;.status_code&quot;">E   assert 422 == 200
     +  where 422 = &lt;Response [422]&gt;.status_code</error></testcase><testcase classname="backend.tests.test_phase_h.TestRejectApplication" name="test_reject_application" time="0.114"><failure message="KeyError: 'application_id'">E   KeyError: 'application_id'</failure></testcase><testcase classname="backend.tests.test_phase_h.TestAdminCreateMemberWelcomeEmail" name="test_admin_create_member_succeeds" time="0.537" /><testcase classname="backend.tests.test_phase_h.TestMemberCardFields" name="test_get_member_includes_card_fields" time="0.099" /><testcase classname="backend.tests.test_phase_h.TestMembersReportEnriched" name="test_report_includes_events_and_guests" time="0.067" /><testcase classname="backend.tests.test_phase_h.TestRsvpsReport" name="test_rsvps_no_filter" time="0.053" /><testcase classname="backend.tests.test_phase_h.TestRsvpsReport" name="test_rsvps_with_event_filter" time="0.099"><skipped type="pytest.skip" message="Sip and Paint sub-event missing">/app/backend/tests/test_phase_h.py:290: Sip and Paint sub-event missing</skipped></testcase><testcase classname="backend.tests.test_phase_h.TestRsvpsReport" name="test_rsvps_with_parent_event_filter" time="0.098" /><testcase classname="backend.tests.test_phase_h.TestSelfCheckIn" name="test_self_check_in_creates_row" time="0.094"><failure message="AssertionError: {&quot;detail&quot;:&quot;Not Found&quot;}&#10;assert 404 in (200, 201)&#10; +  where 404 = &lt;Response [404]&gt;.status_code">E   AssertionError: {"detail":"Not Found"}
    assert 404 in (200, 201)
     +  where 404 = &lt;Response [404]&gt;.status_code</failure></testcase><testcase classname="backend.tests.test_phase_h.TestSelfCheckIn" name="test_self_check_in_idempotent" time="0.092"><failure message="assert 404 in (200, 201)&#10; +  where 404 = &lt;Response [404]&gt;.status_code">E   assert 404 in (200, 201)
     +  where 404 = &lt;Response [404]&gt;.status_code</failure></testcase><testcase classname="backend.tests.test_phase_h.TestAnniversary2027Dates" name="test_parent_start_end_dates" time="0.099" /><testcase classname="backend.tests.test_phase_h.TestAnniversary2027Dates" name="test_sub_event_dates" time="0.000"><failure message="KeyError: 'Sip and Paint'">E   KeyError: 'Sip and Paint'</failure></testcase><testcase classname="backend.tests.test_phase_h.TestAnniversary2027Dates" name="test_ticket_type_flags" time="0.000"><failure message="KeyError: 'Sip and Paint'">E   KeyError: 'Sip and Paint'</failure></testcase><testcase classname="backend.tests.test_phase_h.TestRoleChangeGating" name="test_membership_manager_cannot_change_role_dedicated" time="0.043" /><testcase classname="backend.tests.test_phase_h.TestRoleChangeGating" name="test_membership_manager_cannot_change_role_via_full_put" time="0.040" /><testcase classname="backend.tests.test_phase_h.TestRoleChangeGating" name="test_full_admin_can_change_role" time="0.047" /><testcase classname="backend.tests.test_phase_h.TestProfileIntakeFields" name="test_put_me_persists_intake_line_and_completed_at" time="0.097"><failure message="AssertionError: assert '2015-02' == '2022-09'&#10;  &#10;  - 2022-09&#10;  + 2015-02">E   AssertionError: assert '2015-02' == '2022-09'
      
      - 2022-09
      + 2015-02</failure></testcase><testcase classname="backend.tests.test_phase_o.TestPasswordResetTTL" name="test_ttl_index_exists" time="0.001" /><testcase classname="backend.tests.test_phase_o.TestPasswordResetTTL" name="test_insert_expired_token_persists_in_collection" time="0.001" /><testcase classname="backend.tests.test_phase_o.TestTokenVersion" name="test_register_jwt_has_tv_zero" time="0.755" /><testcase classname="backend.tests.test_phase_o.TestTokenVersion" name="test_old_token_rejected_after_password_reset" time="1.150" /><testcase classname="backend.tests.test_phase_o.TestTokenVersion" name="test_old_refresh_token_rejected" time="0.131" /><testcase classname="backend.tests.test_phase_o.TestTokenVersion" name="test_fresh_login_issues_token_tv_one" time="0.449" /><testcase classname="backend.tests.test_phase_o.TestAutomatedEmails" name="test_list_has_builtin" time="0.380" /><testcase classname="backend.tests.test_phase_o.TestAutomatedEmails" name="test_member_forbidden" time="0.371" /><testcase classname="backend.tests.test_phase_o.TestAutomatedEmails" name="test_create_invalid_cron" time="0.046" /><testcase classname="backend.tests.test_phase_o.TestAutomatedEmails" name="test_create_valid" time="0.096" /><testcase classname="backend.tests.test_phase_o.TestAutomatedEmails" name="test_update_builtin" time="0.103" /><testcase classname="backend.tests.test_phase_o.TestAutomatedEmails" name="test_delete_builtin_forbidden" time="0.045" /><testcase classname="backend.tests.test_phase_o.TestAutomatedEmails" name="test_preview_substitutes_merge_tags" time="0.101" /><testcase classname="backend.tests.test_phase_o.TestAutomatedEmails" name="test_run_now_returns_count" time="2.664" /><testcase classname="backend.tests.test_phase_o.TestAutomatedEmails" name="test_delete_custom_campaign" time="0.135" /><testcase classname="backend.tests.test_phase_o.TestAutomatedEmails" name="test_zz_restore_builtin_defaults" time="0.049" /></testsuite></testsuites>