<?xml version="1.0" encoding="utf-8"?><testsuites name="pytest tests"><testsuite name="pytest" errors="0" failures="0" skipped="0" tests="5" time="1.780" timestamp="2026-06-05T23:05:50.751019+00:00" hostname="agent-env-48e075a3-b613-4a2a-9831-af7eec40a4ce"><testcase classname="backend.tests.test_iteration38_iter38.TestGearExternalLink" name="test_create_external_link_gear" time="0.669" /><testcase classname="backend.tests.test_iteration38_iter38.TestGearExternalLink" name="test_regular_gear_defaults" time="0.108" /><testcase classname="backend.tests.test_iteration38_iter38.TestSubEventsAnyParent" name="test_create_sub_event_under_arbitrary_parent" time="0.265" /><testcase classname="backend.tests.test_iteration38_iter38.TestSubEventsAnyParent" name="test_member_cannot_create_event" time="0.427" /><testcase classname="backend.tests.test_iteration38_iter38.TestUploadImageEndpoint" name="test_admin_upload_image" time="0.240" /></testsuite></testsuites>