<?xml version="1.0" encoding="utf-8"?><testsuites name="pytest tests"><testsuite name="pytest" errors="0" failures="0" skipped="0" tests="23" time="25.462" timestamp="2026-06-24T04:01:00.438572+00:00" hostname="agent-env-48e075a3-b613-4a2a-9831-af7eec40a4ce"><testcase classname="backend.tests.test_iteration69_outstanding_balance" name="test_admin_can_set_zeffy_url" time="0.563" /><testcase classname="backend.tests.test_iteration69_outstanding_balance" name="test_zeffy_url_rejects_non_https" time="0.571" /><testcase classname="backend.tests.test_iteration69_outstanding_balance" name="test_admin_add_edit_delete_line" time="0.611" /><testcase classname="backend.tests.test_iteration69_outstanding_balance" name="test_admin_mark_paid_creates_transaction" time="0.895" /><testcase classname="backend.tests.test_iteration69_outstanding_balance" name="test_cannot_edit_or_delete_paid_line" time="0.714" /><testcase classname="backend.tests.test_iteration69_outstanding_balance" name="test_member_can_view_own_balance" time="2.306" /><testcase classname="backend.tests.test_iteration69_outstanding_balance" name="test_member_submits_receipt_admin_approves" time="1.154" /><testcase classname="backend.tests.test_iteration69_outstanding_balance" name="test_member_cannot_select_paid_line" time="0.992" /><testcase classname="backend.tests.test_iteration69_outstanding_balance" name="test_member_balance_endpoints_require_auth" time="0.576" /><testcase classname="backend.tests.test_iteration69_outstanding_balance" name="test_admin_balance_endpoints_require_admin" time="0.836" /><testcase classname="backend.tests.test_iteration70_zeffy_url_isolation" name="test_put_members_does_not_touch_zeffy_url" time="1.041" /><testcase classname="backend.tests.test_iteration71_bulk_add_line" name="test_bulk_add_creates_lines_and_response_shape" time="1.439" /><testcase classname="backend.tests.test_iteration71_bulk_add_line" name="test_outstanding_balance_total_on_members_endpoint" time="0.919" /><testcase classname="backend.tests.test_iteration71_bulk_add_line" name="test_bulk_add_is_idempotent_on_repeat_call" time="0.995" /><testcase classname="backend.tests.test_iteration71_bulk_add_line" name="test_bulk_add_idempotency_is_case_insensitive" time="0.921" /><testcase classname="backend.tests.test_iteration71_bulk_add_line" name="test_bulk_add_mixed_valid_and_bogus" time="1.479" /><testcase classname="backend.tests.test_iteration71_bulk_add_line" name="test_bulk_add_validation_422[payload0]" time="1.009" /><testcase classname="backend.tests.test_iteration71_bulk_add_line" name="test_bulk_add_validation_422[payload1]" time="1.008" /><testcase classname="backend.tests.test_iteration71_bulk_add_line" name="test_bulk_add_validation_422[payload2]" time="1.117" /><testcase classname="backend.tests.test_iteration71_bulk_add_line" name="test_bulk_add_validation_422[payload3]" time="0.956" /><testcase classname="backend.tests.test_iteration71_bulk_add_line" name="test_bulk_add_validation_422[payload4]" time="1.021" /><testcase classname="backend.tests.test_iteration71_bulk_add_line" name="test_bulk_add_member_forbidden" time="1.543" /><testcase classname="backend.tests.test_iteration71_bulk_add_line" name="test_bulk_add_unauthenticated_blocked" time="2.685" /></testsuite></testsuites>