<?xml version="1.0" encoding="utf-8"?><testsuites name="pytest tests"><testsuite name="pytest" errors="0" failures="0" skipped="0" tests="29" time="2.770" timestamp="2026-06-05T06:12:35.523274+00:00" hostname="agent-env-48e075a3-b613-4a2a-9831-af7eec40a4ce"><testcase classname="backend.tests.test_iteration37_reports_refactor.TestReportsRefactor" name="test_reports_members" time="0.437" /><testcase classname="backend.tests.test_iteration37_reports_refactor.TestReportsRefactor" name="test_reports_members_chapter_filter" time="0.046" /><testcase classname="backend.tests.test_iteration37_reports_refactor.TestReportsRefactor" name="test_reports_rsvps" time="0.060" /><testcase classname="backend.tests.test_iteration37_reports_refactor.TestReportsRefactor" name="test_reports_hours" time="0.049" /><testcase classname="backend.tests.test_iteration37_reports_refactor.TestReportsRefactor" name="test_reports_hours_status_filter" time="0.049" /><testcase classname="backend.tests.test_iteration37_reports_refactor.TestReportsRefactor" name="test_reports_hours_summary_group_by[member]" time="0.049" /><testcase classname="backend.tests.test_iteration37_reports_refactor.TestReportsRefactor" name="test_reports_hours_summary_group_by[chapter]" time="0.050" /><testcase classname="backend.tests.test_iteration37_reports_refactor.TestReportsRefactor" name="test_reports_hours_summary_group_by[overall]" time="0.053" /><testcase classname="backend.tests.test_iteration37_reports_refactor.TestReportsRefactor" name="test_reports_hours_summary_group_by[month]" time="0.047" /><testcase classname="backend.tests.test_iteration37_reports_refactor.TestReportsRefactor" name="test_reports_hours_summary_group_by[quarter]" time="0.047" /><testcase classname="backend.tests.test_iteration37_reports_refactor.TestReportsRefactor" name="test_reports_hours_summary_group_by[year]" time="0.049" /><testcase classname="backend.tests.test_iteration37_reports_refactor.TestReportsRefactor" name="test_reports_donations" time="0.052" /><testcase classname="backend.tests.test_iteration37_reports_refactor.TestReportsRefactor" name="test_personnel_brief_admin" time="0.433" /><testcase classname="backend.tests.test_iteration37_reports_refactor.TestReportsRefactor" name="test_personnel_brief_pdf_admin" time="0.258" /><testcase classname="backend.tests.test_iteration37_reports_refactor.TestReportsRefactor" name="test_personnel_brief_pdf_not_found" time="0.047" /><testcase classname="backend.tests.test_iteration37_reports_refactor.TestMeBriefShim" name="test_me_personnel_brief" time="0.092" /><testcase classname="backend.tests.test_iteration37_reports_refactor.TestMeBriefShim" name="test_me_personnel_brief_pdf" time="0.159" /><testcase classname="backend.tests.test_iteration37_reports_refactor.TestMeBriefShim" name="test_me_brief_matches_admin_brief" time="0.110" /><testcase classname="backend.tests.test_iteration37_reports_refactor.TestAwardsGrantedCounts" name="test_awards_list_has_both_counts" time="0.063" /><testcase classname="backend.tests.test_iteration37_reports_refactor.TestAwardsGrantedCounts" name="test_life_membership_ribbon_multi_grant" time="0.059" /><testcase classname="backend.tests.test_iteration37_reports_refactor.TestRecentGrantsOrdinal" name="test_grants_per_member_carry_ordinal_and_award_count" time="0.047" /><testcase classname="backend.tests.test_iteration37_reports_refactor.TestReportsPermissions" name="test_member_blocked_on_reports_endpoints[/reports/members]" time="0.047" /><testcase classname="backend.tests.test_iteration37_reports_refactor.TestReportsPermissions" name="test_member_blocked_on_reports_endpoints[/reports/rsvps]" time="0.046" /><testcase classname="backend.tests.test_iteration37_reports_refactor.TestReportsPermissions" name="test_member_blocked_on_reports_endpoints[/reports/hours]" time="0.047" /><testcase classname="backend.tests.test_iteration37_reports_refactor.TestReportsPermissions" name="test_member_blocked_on_reports_endpoints[/reports/hours/summary]" time="0.049" /><testcase classname="backend.tests.test_iteration37_reports_refactor.TestReportsPermissions" name="test_member_blocked_on_reports_endpoints[/reports/donations]" time="0.046" /><testcase classname="backend.tests.test_iteration37_reports_refactor.TestReportsPermissions" name="test_member_blocked_on_personnel_brief_admin_endpoint" time="0.047" /><testcase classname="backend.tests.test_iteration37_reports_refactor.TestReportsPermissions" name="test_member_blocked_on_personnel_brief_pdf_admin_endpoint" time="0.047" /><testcase classname="backend.tests.test_iteration37_reports_refactor.TestReportsPermissions" name="test_unauth_blocked" time="0.107" /></testsuite></testsuites>