<?xml version="1.0" encoding="utf-8"?><testsuites name="pytest tests"><testsuite name="pytest" errors="0" failures="0" skipped="0" tests="85" time="33.444" timestamp="2026-06-04T18:32:05.420817+00:00" hostname="agent-env-48e075a3-b613-4a2a-9831-af7eec40a4ce"><testcase classname="backend.tests.test_iteration25_auth_zeffy.TestAuthLogin" name="test_login_with_email_admin" time="0.427" /><testcase classname="backend.tests.test_iteration25_auth_zeffy.TestAuthLogin" name="test_login_with_email_member" time="0.331" /><testcase classname="backend.tests.test_iteration25_auth_zeffy.TestAuthLogin" name="test_login_wrong_password" time="0.365" /><testcase classname="backend.tests.test_iteration25_auth_zeffy.TestAuthLogin" name="test_login_with_username_case_insensitive" time="0.737" /><testcase classname="backend.tests.test_iteration25_auth_zeffy.TestAuthMeLogoutRefresh" name="test_me_with_cookie" time="0.386" /><testcase classname="backend.tests.test_iteration25_auth_zeffy.TestAuthMeLogoutRefresh" name="test_me_without_auth" time="0.105" /><testcase classname="backend.tests.test_iteration25_auth_zeffy.TestAuthMeLogoutRefresh" name="test_logout_clears_cookies" time="0.496" /><testcase classname="backend.tests.test_iteration25_auth_zeffy.TestAuthMeLogoutRefresh" name="test_logout_requires_auth" time="0.130" /><testcase classname="backend.tests.test_iteration25_auth_zeffy.TestAuthMeLogoutRefresh" name="test_refresh_via_cookie" time="0.397" /><testcase classname="backend.tests.test_iteration25_auth_zeffy.TestAuthMeLogoutRefresh" name="test_refresh_via_json_body" time="0.456" /><testcase classname="backend.tests.test_iteration25_auth_zeffy.TestAuthMeLogoutRefresh" name="test_refresh_via_bearer" time="0.478" /><testcase classname="backend.tests.test_iteration25_auth_zeffy.TestAuthMeLogoutRefresh" name="test_refresh_without_token" time="0.107" /><testcase classname="backend.tests.test_iteration25_auth_zeffy.TestAuthRegister" name="test_register_duplicate_email" time="0.113" /><testcase classname="backend.tests.test_iteration25_auth_zeffy.TestAuthRegister" name="test_register_creates_user" time="0.756" /><testcase classname="backend.tests.test_iteration25_auth_zeffy.TestBruteForceLockout" name="test_5_fails_lock" time="0.696" /><testcase classname="backend.tests.test_iteration25_auth_zeffy.TestZeffy" name="test_zeffy_config" time="0.781" /><testcase classname="backend.tests.test_iteration25_auth_zeffy.TestZeffy" name="test_validate_formats" time="1.148" /><testcase classname="backend.tests.test_iteration25_auth_zeffy.TestZeffy" name="test_will_auto_approve_flag" time="0.969" /><testcase classname="backend.tests.test_iteration25_auth_zeffy.TestZeffy" name="test_confirm_untrusted_creates_pending" time="0.993" /><testcase classname="backend.tests.test_iteration25_auth_zeffy.TestZeffy" name="test_confirm_trusted_auto_approves" time="1.373" /><testcase classname="backend.tests.test_iteration25_auth_zeffy.TestZeffy" name="test_approve_zeffy_non_zeffy_400" time="0.891" /><testcase classname="backend.tests.test_iteration25_auth_zeffy.TestZeffy" name="test_approve_zeffy_missing_404" time="0.825" /><testcase classname="backend.tests.test_iteration25_auth_zeffy.TestZeffy" name="test_admin_list_surfaces_format" time="0.938" /><testcase classname="backend.tests.test_iteration25_auth_zeffy.TestUnmovedEndpoints" name="test_members" time="0.386" /><testcase classname="backend.tests.test_iteration25_auth_zeffy.TestUnmovedEndpoints" name="test_chapters" time="0.386" /><testcase classname="backend.tests.test_iteration25_auth_zeffy.TestUnmovedEndpoints" name="test_tiers" time="0.420" /><testcase classname="backend.tests.test_iteration25_auth_zeffy.TestUnmovedEndpoints" name="test_events" time="0.397" /><testcase classname="backend.tests.test_iteration25_auth_zeffy.TestUnmovedEndpoints" name="test_forgot_password_endpoint_exists" time="0.479" /><testcase classname="backend.tests.test_iteration27_features.TestEventCancellation" name="test_create_event_default_not_cancelled" time="0.403" /><testcase classname="backend.tests.test_iteration27_features.TestEventCancellation" name="test_admin_cancels_event" time="0.526" /><testcase classname="backend.tests.test_iteration27_features.TestEventCancellation" name="test_member_rsvp_blocked_on_cancelled" time="0.067" /><testcase classname="backend.tests.test_iteration27_features.TestEventCancellation" name="test_guest_edit_blocked_on_cancelled" time="0.070" /><testcase classname="backend.tests.test_iteration27_features.TestEventCancellation" name="test_uncancel_clears_cancelled_at_and_allows_rsvp" time="0.126" /><testcase classname="backend.tests.test_iteration27_features.TestEventCancellation" name="test_cleanup_event" time="0.075" /><testcase classname="backend.tests.test_iteration27_features.TestBulkImport" name="test_template_csv" time="0.054" /><testcase classname="backend.tests.test_iteration27_features.TestBulkImport" name="test_dry_run_does_not_create" time="0.174" /><testcase classname="backend.tests.test_iteration27_features.TestBulkImport" name="test_actual_import_persists_and_sets_expires" time="1.031" /><testcase classname="backend.tests.test_iteration27_features.TestBulkImport" name="test_reject_non_csv" time="0.051" /><testcase classname="backend.tests.test_iteration27_features.TestBulkImport" name="test_cleanup_created_users" time="0.115" /><testcase classname="backend.tests.test_iteration27_features.TestTitleField" name="test_member_self_update_title" time="0.235" /><testcase classname="backend.tests.test_iteration27_features.TestTitleField" name="test_admin_create_and_update_member_title" time="0.643" /><testcase classname="backend.tests.test_iteration27_features.TestSmoke" name="test_login_admin" time="0.048" /><testcase classname="backend.tests.test_iteration27_features.TestSmoke" name="test_chapters_list" time="0.060" /><testcase classname="backend.tests.test_iteration27_features.TestSmoke" name="test_events_list" time="0.048" /><testcase classname="backend.tests.test_iteration27_features.TestSmoke" name="test_members_list" time="0.047" /><testcase classname="backend.tests.test_iteration28_paid_events" name="test_paid_event_create_persists_fields" time="0.638" /><testcase classname="backend.tests.test_iteration28_paid_events" name="test_paid_event_event_out_round_trip" time="0.396" /><testcase classname="backend.tests.test_iteration28_paid_events" name="test_free_rsvp_on_paid_event_returns_402" time="0.505" /><testcase classname="backend.tests.test_iteration28_paid_events" name="test_payment_confirm_creates_pending_tx" time="0.258" /><testcase classname="backend.tests.test_iteration28_paid_events" name="test_admin_approve_event_ticket_creates_rsvp" time="0.341" /><testcase classname="backend.tests.test_iteration28_paid_events" name="test_trust_zeffy_auto_approval" time="0.216" /><testcase classname="backend.tests.test_iteration28_paid_events" name="test_cancelled_paid_event_blocks_payment" time="0.191" /><testcase classname="backend.tests.test_iteration28_paid_events" name="test_free_event_rejects_payment_confirm" time="0.168" /><testcase classname="backend.tests.test_iteration28_paid_events" name="test_admin_update_toggle_is_paid_and_ticket_types" time="0.189" /><testcase classname="backend.tests.test_iteration28_paid_events" name="test_transactions_surface_event_fields" time="0.240" /><testcase classname="backend.tests.test_iteration28_paid_events" name="test_dues_queue_unaffected_by_event_ticket_tx" time="0.249" /><testcase classname="backend.tests.test_iteration28_paid_events" name="test_ticket_email_logs_cc_to_events_inbox" time="3.299" /><testcase classname="backend.tests.test_iteration28_paid_events" name="test_bulk_import_generates_password_set_tokens" time="0.945" /><testcase classname="backend.tests.test_iteration28_paid_events" name="test_bulk_import_no_password_emails_when_flag_off" time="0.303" /><testcase classname="backend.tests.test_iteration28_paid_events" name="test_smoke_regressions" time="0.788" /><testcase classname="backend.tests.test_iteration29_profile_hours_brief.TestProfileExtras" name="test_put_members_me_persists_marital_languages_degrees" time="0.462" /><testcase classname="backend.tests.test_iteration29_profile_hours_brief.TestProfileExtras" name="test_server_does_not_cap_languages_or_degrees" time="0.049" /><testcase classname="backend.tests.test_iteration29_profile_hours_brief.TestProfileExtras" name="test_clear_extras" time="0.053" /><testcase classname="backend.tests.test_iteration29_profile_hours_brief.TestHoursAdjustAndRevert" name="test_approve_with_hours_adjustment_stamps_audit" time="0.430" /><testcase classname="backend.tests.test_iteration29_profile_hours_brief.TestHoursAdjustAndRevert" name="test_re_edit_hours_post_approval" time="0.050" /><testcase classname="backend.tests.test_iteration29_profile_hours_brief.TestHoursAdjustAndRevert" name="test_revert_to_pending" time="0.135" /><testcase classname="backend.tests.test_iteration29_profile_hours_brief.TestMyPersonnelBrief" name="test_me_personnel_brief_shape" time="0.168" /><testcase classname="backend.tests.test_iteration29_profile_hours_brief.TestMyPersonnelBrief" name="test_me_personnel_brief_pdf" time="0.059" /><testcase classname="backend.tests.test_iteration29_profile_hours_brief.TestMyPersonnelBrief" name="test_member_cannot_access_other_users_brief" time="0.236" /><testcase classname="backend.tests.test_iteration29_profile_hours_brief.TestRegressionSmokes" name="test_login_with_email" time="0.363" /><testcase classname="backend.tests.test_iteration29_profile_hours_brief.TestRegressionSmokes" name="test_login_with_username" time="0.760" /><testcase classname="backend.tests.test_iteration29_profile_hours_brief.TestRegressionSmokes" name="test_events_list_smoke" time="0.049" /><testcase classname="backend.tests.test_iteration29_profile_hours_brief.TestRegressionSmokes" name="test_zeffy_validate_smoke" time="0.046" /><testcase classname="backend.tests.test_iteration30_brief_tax_assignments.TestPersonnelBriefPDF" name="test_brief_pdf_has_all_10_sections" time="0.497" /><testcase classname="backend.tests.test_iteration30_brief_tax_assignments.TestPersonnelBriefPDF" name="test_brief_pdf_includes_assignment_after_admin_set" time="0.617" /><testcase classname="backend.tests.test_iteration30_brief_tax_assignments.TestTaxLetterPDF" name="test_tax_letter_2025_returns_pdf" time="0.077" /><testcase classname="backend.tests.test_iteration30_brief_tax_assignments.TestTaxLetterPDF" name="test_tax_letter_embeds_signature_image" time="0.069" /><testcase classname="backend.tests.test_iteration30_brief_tax_assignments.TestTaxLetterPDF" name="test_tax_letter_default_year_is_last_year" time="0.072" /><testcase classname="backend.tests.test_iteration30_brief_tax_assignments.TestTaxLetterPDF" name="test_tax_letter_total_matches_paid_transactions" time="0.082" /><testcase classname="backend.tests.test_iteration30_brief_tax_assignments.TestAssignmentHistoryRanks" name="test_all_eight_ranks_round_trip" time="0.107" /><testcase classname="backend.tests.test_iteration30_brief_tax_assignments.TestAssignmentHistoryRanks" name="test_clear_assignment_history" time="0.120" /><testcase classname="backend.tests.test_iteration30_brief_tax_assignments.TestRegressionSmokes" name="test_personnel_brief_json" time="0.069" /><testcase classname="backend.tests.test_iteration30_brief_tax_assignments.TestRegressionSmokes" name="test_zeffy_validate_endpoint" time="0.064" /><testcase classname="backend.tests.test_iteration30_brief_tax_assignments.TestRegressionSmokes" name="test_events_list" time="0.061" /><testcase classname="backend.tests.test_iteration30_brief_tax_assignments.TestRegressionSmokes" name="test_bulk_import_template" time="0.071" /></testsuite></testsuites>