<?xml version="1.0" encoding="utf-8"?><testsuites name="pytest tests"><testsuite name="pytest" errors="0" failures="0" skipped="1" tests="7" time="1.559" timestamp="2026-06-19T01:44:41.183782+00:00" hostname="agent-env-48e075a3-b613-4a2a-9831-af7eec40a4ce"><testcase classname="backend.tests.test_iteration49_award_grants_endpoint.TestAwardGrantsList" name="test_anonymous_request_returns_401" time="0.335" /><testcase classname="backend.tests.test_iteration49_award_grants_endpoint.TestAwardGrantsList" name="test_seeded_award_returns_enriched_rows" time="0.398" /><testcase classname="backend.tests.test_iteration49_award_grants_endpoint.TestAwardGrantsList" name="test_rows_sorted_granted_at_desc" time="0.046" /><testcase classname="backend.tests.test_iteration49_award_grants_endpoint.TestAwardGrantsList" name="test_riley_chen_has_three_grants_with_ordinals" time="0.062" /><testcase classname="backend.tests.test_iteration49_award_grants_endpoint.TestAwardGrantsList" name="test_nonexistent_award_returns_empty_list_not_404" time="0.050" /><testcase classname="backend.tests.test_iteration49_award_grants_endpoint.TestAwardGrantsList" name="test_award_with_zero_grants_returns_empty" time="0.499" /><testcase classname="backend.tests.test_iteration49_award_grants_endpoint.TestAwardGrantsList" name="test_departed_member_uses_user_name_fallback" time="0.107"><skipped type="pytest.skip" message="Cannot create disposable user via admin API (got 404); fallback path tested via code review only">/app/backend/tests/test_iteration49_award_grants_endpoint.py:112: Cannot create disposable user via admin API (got 404); fallback path tested via code review only</skipped></testcase></testsuite></testsuites>