<?xml version="1.0" encoding="utf-8"?><testsuites name="pytest tests"><testsuite name="pytest" errors="0" failures="0" skipped="0" tests="8" time="1.914" timestamp="2026-06-21T15:13:39.505126+00:00" hostname="agent-env-48e075a3-b613-4a2a-9831-af7eec40a4ce"><testcase classname="backend.tests.test_iteration65_drafts_failures" name="test_drafts_member_forbidden" time="0.549" /><testcase classname="backend.tests.test_iteration65_drafts_failures" name="test_drafts_autosave_upserts_single_slot" time="0.465" /><testcase classname="backend.tests.test_iteration65_drafts_failures" name="test_named_drafts_create_update_delete" time="0.184" /><testcase classname="backend.tests.test_iteration65_drafts_failures" name="test_draft_ownership_enforced" time="0.138" /><testcase classname="backend.tests.test_iteration65_drafts_failures" name="test_blast_failed_list_404_unknown" time="0.046" /><testcase classname="backend.tests.test_iteration65_drafts_failures" name="test_template_test_send_uses_admin_email_when_omitted" time="0.369" /><testcase classname="backend.tests.test_iteration65_drafts_failures" name="test_password_setup_failures_endpoint" time="0.047" /><testcase classname="backend.tests.test_iteration65_drafts_failures" name="test_password_setup_failures_member_forbidden" time="0.045" /></testsuite></testsuites>