<?xml version="1.0" encoding="utf-8"?><testsuites name="pytest tests"><testsuite name="pytest" errors="0" failures="0" skipped="0" tests="8" time="2.380" timestamp="2026-06-24T05:30:55.076469+00:00" hostname="agent-env-48e075a3-b613-4a2a-9831-af7eec40a4ce"><testcase classname="backend.tests.test_iteration74_admin_unrsvp" name="test_event_exists" time="0.409" /><testcase classname="backend.tests.test_iteration74_admin_unrsvp" name="test_un_rsvp_requires_admin" time="0.424" /><testcase classname="backend.tests.test_iteration74_admin_unrsvp" name="test_remove_guest_requires_admin" time="0.048" /><testcase classname="backend.tests.test_iteration74_admin_unrsvp" name="test_un_rsvp_idempotent_when_no_rsvp" time="0.131" /><testcase classname="backend.tests.test_iteration74_admin_unrsvp" name="test_remove_guest_no_rsvp_returns_404" time="0.168" /><testcase classname="backend.tests.test_iteration74_admin_unrsvp" name="test_counter_integrity_full_flow" time="0.720" /><testcase classname="backend.tests.test_iteration74_admin_unrsvp" name="test_member_self_rsvp_still_works" time="0.312" /><testcase classname="backend.tests.test_iteration74_admin_unrsvp" name="test_cleanup_maya_state" time="0.085" /></testsuite></testsuites>