<?xml version="1.0" encoding="utf-8"?><testsuites name="pytest tests"><testsuite name="pytest" errors="0" failures="3" skipped="0" tests="30" time="28.079" timestamp="2026-06-24T04:53:44.581899+00:00" hostname="agent-env-48e075a3-b613-4a2a-9831-af7eec40a4ce"><testcase classname="backend.tests.test_iteration69_outstanding_balance" name="test_admin_can_set_zeffy_url" time="0.537" /><testcase classname="backend.tests.test_iteration69_outstanding_balance" name="test_zeffy_url_rejects_non_https" time="0.572" /><testcase classname="backend.tests.test_iteration69_outstanding_balance" name="test_admin_add_edit_delete_line" time="1.152" /><testcase classname="backend.tests.test_iteration69_outstanding_balance" name="test_admin_mark_paid_creates_transaction" time="0.626" /><testcase classname="backend.tests.test_iteration69_outstanding_balance" name="test_cannot_edit_or_delete_paid_line" time="0.726" /><testcase classname="backend.tests.test_iteration69_outstanding_balance" name="test_member_can_view_own_balance" time="0.925" /><testcase classname="backend.tests.test_iteration69_outstanding_balance" name="test_member_submits_receipt_admin_approves" time="1.251" /><testcase classname="backend.tests.test_iteration69_outstanding_balance" name="test_member_cannot_select_paid_line" time="0.939" /><testcase classname="backend.tests.test_iteration69_outstanding_balance" name="test_member_balance_endpoints_require_auth" time="0.546" /><testcase classname="backend.tests.test_iteration69_outstanding_balance" name="test_admin_balance_endpoints_require_admin" time="0.836" /><testcase classname="backend.tests.test_iteration70_zeffy_url_isolation" name="test_put_members_does_not_touch_zeffy_url" time="0.630" /><testcase classname="backend.tests.test_iteration71_bulk_add_line" name="test_bulk_add_creates_lines_and_response_shape" time="1.133" /><testcase classname="backend.tests.test_iteration71_bulk_add_line" name="test_outstanding_balance_total_on_members_endpoint" time="1.113" /><testcase classname="backend.tests.test_iteration71_bulk_add_line" name="test_bulk_add_is_idempotent_on_repeat_call" time="0.910" /><testcase classname="backend.tests.test_iteration71_bulk_add_line" name="test_bulk_add_idempotency_is_case_insensitive" time="0.954" /><testcase classname="backend.tests.test_iteration71_bulk_add_line" name="test_bulk_add_mixed_valid_and_bogus" time="0.855" /><testcase classname="backend.tests.test_iteration71_bulk_add_line" name="test_bulk_add_validation_422[payload0]" time="1.774" /><testcase classname="backend.tests.test_iteration71_bulk_add_line" name="test_bulk_add_validation_422[payload1]" time="0.828" /><testcase classname="backend.tests.test_iteration71_bulk_add_line" name="test_bulk_add_validation_422[payload2]" time="0.716" /><testcase classname="backend.tests.test_iteration71_bulk_add_line" name="test_bulk_add_validation_422[payload3]" time="0.798" /><testcase classname="backend.tests.test_iteration71_bulk_add_line" name="test_bulk_add_validation_422[payload4]" time="1.366" /><testcase classname="backend.tests.test_iteration71_bulk_add_line" name="test_bulk_add_member_forbidden" time="1.596" /><testcase classname="backend.tests.test_iteration71_bulk_add_line" name="test_bulk_add_unauthenticated_blocked" time="0.850" /><testcase classname="backend.tests.test_iteration72_of_the_year_brief" name="test_oty_list_by_user_id" time="0.505" /><testcase classname="backend.tests.test_iteration72_of_the_year_brief" name="test_personnel_brief_includes_oty_keys" time="0.627" /><testcase classname="backend.tests.test_iteration72_of_the_year_brief" name="test_personnel_brief_pdf_has_section9_oty" time="1.700"><failure message="AssertionError: missing '§9' in PDF text. Got:&#10;  MAYA PATEL MEMBER ID 78B9BF54&#10;  STATUS ACTIVE&#10;  CHAPTER TEXAS&#10;  maya.patel@clubhaven.app&#10;  TIER REGULAR MEMBER&#10;  JOINED 2025-06-15&#10;  RENEWAL 2025-12-31&#10;  GENERATED 2026-06-24&#10;  SECTION I — PERSONAL DATA SECTION IV — AWARDS &amp; DECORATIONS SECTION VI — ASSIGNMENT HISTORY&#10;  ADDRESS — None on record. None on record.&#10;  CITY Seattle&#10;  SECTION V — OF THE YEAR HONORS SECTION VII — SERVICE STATISTICS&#10;  STATE / ZIP — / —&#10;  COUNTRY — 2024 · MEMBER OF THE YEAR CY 2026 HOURS 5.0&#10;  BIRTHDATE — Texas · Exceptional service LIFETIME HOURS 5.0&#10;  BRANCH — 2023 · TOP COMMUNITY SERVICE MEMBER PENDING HOURS 0.0&#10;  MARITAL — Texas TOTAL PAID $640.00&#10;  EVENTS CY 2026 0&#10;  SECTION II — EDUCATION (0 TOTAL)&#10;  AWARDS HELD 0 (distinct)&#10;  None on record. OTY HONORS 2&#10;  SECTION III — LANGUAGES (0 TOTAL) SECTION VIII — RECENT EVENTS (2026)&#10;  None on record. No check-ins this year.&#10;  PERSONNEL BRIEF · MAYA PATEL · PAGE 1 OF DETAIL FOLLOWS · ALPHA OMEGA PHI MILITARY FRATERNITY &amp; SORORITY, INC.&#10;  SECTION III — CIVILIAN EDUCATION (FULL)&#10;  No entries.&#10;  SECTION IV — LANGUAGE PROFICIENCY (FULL)&#10;  No entries.&#10;  SECTION V — FINANCIAL OBLIGATIONS (ANNUAL DUES)&#10;  No entries.&#10;  SECTION VI — DONATIONS&#10;  No entries.&#10;  SECTION VII — COMMUNITY SERVICE (2026)&#10;  Agency Event Type Hours Status Date&#10;  — Other 2.00 APPROVED 2026-11-01&#10;  — Aop Related 2.00 APPROVED 2026-09-01&#10;  — Aop Related 1.00 APPROVED 2026-06-10&#10;  SECTION VIII — AWARDS &amp; DECORATIONS (FULL)&#10;  No entries.&#10;  SECTION IX — OF THE YEAR HONORS&#10;  Year Category Chapter Note&#10;  2024 Member of the Year Texas Exceptional service&#10;  2023 Top Community Service Member Texas&#10;  SECTION X — EVENTS ATTENDED (2026 CHECK-INS)&#10;  No entries.&#10;  SECTION XI — ASSIGNMENT HISTORY (FULL)&#10;  No entries.&#10;  Personnel Brief generated 2026-06-24 by the Alpha Omega Phi member portal.&#10;assert '§9' in 'MAYA PATEL MEMBER ID 78B9BF54\nSTATUS ACTIVE\nCHAPTER TEXAS\nmaya.patel@clubhaven.app\nTIER REGULAR MEMBER\nJOINED 2025-06-15\nRENEWAL 2025-12-31\nGENERATED 2026-06-24\nSECTION I — PERSONAL DATA SECTION IV — AWARDS &amp; DECORATIONS SECTION VI — ASSIGNMENT HISTORY\nADDRESS — None on record. None on record.\nCITY Seattle\nSECTION V — OF THE YEAR HONORS SECTION VII — SERVICE STATISTICS\nSTATE / ZIP — / —\nCOUNTRY — 2024 · MEMBER OF THE YEAR CY 2026 HOURS 5.0\nBIRTHDATE — Texas · Exceptional service LIFETIME HOURS 5.0\nBRANCH — 2023 · TOP COMMUNITY SERVICE MEMBER PENDING HOURS 0.0\nMARITAL — Texas TOTAL PAID $640.00\nEVENTS CY 2026 0\nSECTION II — EDUCATION (0 TOTAL)\nAWARDS HELD 0 (distinct)\nNone on record. OTY HONORS 2\nSECTION III — LANGUAGES (0 TOTAL) SECTION VIII — RECENT EVENTS (2026)\nNone on record. No check-ins this year.\nPERSONNEL BRIEF · MAYA PATEL · PAGE 1 OF DETAIL FOLLOWS · ALPHA OMEGA PHI MILITARY FRATERNITY &amp; SORORITY, INC.\nSECTION III — CIVILIAN EDUCATION (FULL)\nNo entries.\nSECTION IV — LANGUAGE PROFICIENCY (FULL)\nNo entries.\nSECTION V — FINANCIAL OBLIGATIONS (ANNUAL DUES)\nNo entries.\nSECTION VI — DONATIONS\nNo entries.\nSECTION VII — COMMUNITY SERVICE (2026)\nAgency Event Type Hours Status Date\n— Other 2.00 APPROVED 2026-11-01\n— Aop Related 2.00 APPROVED 2026-09-01\n— Aop Related 1.00 APPROVED 2026-06-10\nSECTION VIII — AWARDS &amp; DECORATIONS (FULL)\nNo entries.\nSECTION IX — OF THE YEAR HONORS\nYear Category Chapter Note\n2024 Member of the Year Texas Exceptional service\n2023 Top Community Service Member Texas\nSECTION X — EVENTS ATTENDED (2026 CHECK-INS)\nNo entries.\nSECTION XI — ASSIGNMENT HISTORY (FULL)\nNo entries.\nPersonnel Brief generated 2026-06-24 by the Alpha Omega Phi member portal.'">backend/tests/test_iteration72_of_the_year_brief.py:152: in test_personnel_brief_pdf_has_section9_oty
    assert needle in text, f"missing '{needle}' in PDF text. Got:\n{text[:2000]}"
E   AssertionError: missing '§9' in PDF text. Got:
E     MAYA PATEL MEMBER ID 78B9BF54
E     STATUS ACTIVE
E     CHAPTER TEXAS
E     maya.patel@clubhaven.app
E     TIER REGULAR MEMBER
E     JOINED 2025-06-15
E     RENEWAL 2025-12-31
E     GENERATED 2026-06-24
E     SECTION I — PERSONAL DATA SECTION IV — AWARDS &amp; DECORATIONS SECTION VI — ASSIGNMENT HISTORY
E     ADDRESS — None on record. None on record.
E     CITY Seattle
E     SECTION V — OF THE YEAR HONORS SECTION VII — SERVICE STATISTICS
E     STATE / ZIP — / —
E     COUNTRY — 2024 · MEMBER OF THE YEAR CY 2026 HOURS 5.0
E     BIRTHDATE — Texas · Exceptional service LIFETIME HOURS 5.0
E     BRANCH — 2023 · TOP COMMUNITY SERVICE MEMBER PENDING HOURS 0.0
E     MARITAL — Texas TOTAL PAID $640.00
E     EVENTS CY 2026 0
E     SECTION II — EDUCATION (0 TOTAL)
E     AWARDS HELD 0 (distinct)
E     None on record. OTY HONORS 2
E     SECTION III — LANGUAGES (0 TOTAL) SECTION VIII — RECENT EVENTS (2026)
E     None on record. No check-ins this year.
E     PERSONNEL BRIEF · MAYA PATEL · PAGE 1 OF DETAIL FOLLOWS · ALPHA OMEGA PHI MILITARY FRATERNITY &amp; SORORITY, INC.
E     SECTION III — CIVILIAN EDUCATION (FULL)
E     No entries.
E     SECTION IV — LANGUAGE PROFICIENCY (FULL)
E     No entries.
E     SECTION V — FINANCIAL OBLIGATIONS (ANNUAL DUES)
E     No entries.
E     SECTION VI — DONATIONS
E     No entries.
E     SECTION VII — COMMUNITY SERVICE (2026)
E     Agency Event Type Hours Status Date
E     — Other 2.00 APPROVED 2026-11-01
E     — Aop Related 2.00 APPROVED 2026-09-01
E     — Aop Related 1.00 APPROVED 2026-06-10
E     SECTION VIII — AWARDS &amp; DECORATIONS (FULL)
E     No entries.
E     SECTION IX — OF THE YEAR HONORS
E     Year Category Chapter Note
E     2024 Member of the Year Texas Exceptional service
E     2023 Top Community Service Member Texas
E     SECTION X — EVENTS ATTENDED (2026 CHECK-INS)
E     No entries.
E     SECTION XI — ASSIGNMENT HISTORY (FULL)
E     No entries.
E     Personnel Brief generated 2026-06-24 by the Alpha Omega Phi member portal.
E   assert '§9' in 'MAYA PATEL MEMBER ID 78B9BF54\nSTATUS ACTIVE\nCHAPTER TEXAS\nmaya.patel@clubhaven.app\nTIER REGULAR MEMBER\nJOINED 2025-06-15\nRENEWAL 2025-12-31\nGENERATED 2026-06-24\nSECTION I — PERSONAL DATA SECTION IV — AWARDS &amp; DECORATIONS SECTION VI — ASSIGNMENT HISTORY\nADDRESS — None on record. None on record.\nCITY Seattle\nSECTION V — OF THE YEAR HONORS SECTION VII — SERVICE STATISTICS\nSTATE / ZIP — / —\nCOUNTRY — 2024 · MEMBER OF THE YEAR CY 2026 HOURS 5.0\nBIRTHDATE — Texas · Exceptional service LIFETIME HOURS 5.0\nBRANCH — 2023 · TOP COMMUNITY SERVICE MEMBER PENDING HOURS 0.0\nMARITAL — Texas TOTAL PAID $640.00\nEVENTS CY 2026 0\nSECTION II — EDUCATION (0 TOTAL)\nAWARDS HELD 0 (distinct)\nNone on record. OTY HONORS 2\nSECTION III — LANGUAGES (0 TOTAL) SECTION VIII — RECENT EVENTS (2026)\nNone on record. No check-ins this year.\nPERSONNEL BRIEF · MAYA PATEL · PAGE 1 OF DETAIL FOLLOWS · ALPHA OMEGA PHI MILITARY FRATERNITY &amp; SORORITY, INC.\nSECTION III — CIVILIAN EDUCATION (FULL)\nNo entries.\nSECTION IV — LANGUAGE PROFICIENCY (FULL)\nNo entries.\nSECTION V — FINANCIAL OBLIGATIONS (ANNUAL DUES)\nNo entries.\nSECTION VI — DONATIONS\nNo entries.\nSECTION VII — COMMUNITY SERVICE (2026)\nAgency Event Type Hours Status Date\n— Other 2.00 APPROVED 2026-11-01\n— Aop Related 2.00 APPROVED 2026-09-01\n— Aop Related 1.00 APPROVED 2026-06-10\nSECTION VIII — AWARDS &amp; DECORATIONS (FULL)\nNo entries.\nSECTION IX — OF THE YEAR HONORS\nYear Category Chapter Note\n2024 Member of the Year Texas Exceptional service\n2023 Top Community Service Member Texas\nSECTION X — EVENTS ATTENDED (2026 CHECK-INS)\nNo entries.\nSECTION XI — ASSIGNMENT HISTORY (FULL)\nNo entries.\nPersonnel Brief generated 2026-06-24 by the Alpha Omega Phi member portal.'</failure></testcase><testcase classname="backend.tests.test_iteration72_of_the_year_brief" name="test_personnel_brief_caps_recent_at_seven" time="0.058" /><testcase classname="backend.tests.test_iteration72_of_the_year_brief" name="test_personnel_brief_pdf_header_includes_last_7_of_n" time="1.645"><failure message="AssertionError: PDF should note 'last 7 of 8' when N&gt;7. Snippet:&#10;  MAYA PATEL MEMBER ID 78B9BF54&#10;  STATUS ACTIVE&#10;  CHAPTER TEXAS&#10;  maya.patel@clubhaven.app&#10;  TIER REGULAR MEMBER&#10;  JOINED 2025-06-15&#10;  RENEWAL 2025-12-31&#10;  GENERATED 2026-06-24&#10;  SECTION I — PERSONAL DATA SECTION IV — AWARDS &amp; DECORATIONS SECTION VI — ASSIGNMENT HISTORY&#10;  ADDRESS — None on record. None on record.&#10;  CITY Seattle&#10;  SECTION V — OF THE YEAR HONORS (LAST 7 OF SECTION VII — SERVICE STATISTICS&#10;  STATE / ZIP — / —&#10;  8)&#10;  COUNTRY — CY 2026 HOURS 5.0&#10;  BIRTHDATE — 2024 · MEMBER OF THE YEAR LIFETIME HOURS 5.0&#10;  BRANCH — Texas · Exceptional service PENDING HOURS 0.0&#10;  MARITAL — 2023 · TOP COMMUNITY SERVICE MEMBER TOTAL PAID $640.00&#10;  Texas EVENTS CY 2026 0&#10;  SECTION II — EDUCATION (0 TOTAL)&#10;  2018 · MEMBER OF THE YEAR AWARDS HELD 0 (distinct)&#10;  None on record. Texas · TEST_iter72_temp OTY HONORS 8&#10;  2018 · TOP COMMUNITY SERVICE MEMBER&#10;  SECTION III — LANGUAGES (0 TOTAL) SECTION VIII — RECENT EVENTS (2026)&#10;  Texas · TEST_iter72_temp&#10;  None on record. 2018 · TOP FUNDRAISING MEMBER No check-ins this year.&#10;  Texas · TEST_iter72_temp&#10;  2018 · TOP MEMBER RECRUITER&#10;  Texas · TEST_iter72_temp&#10;  2017 · MEMBER OF THE YEAR&#10;  Texas · TEST_iter72_temp&#10;  PERSONNEL BRIEF · MAYA PATEL · PAGE 1 OF DETAIL FOLLOWS · ALPHA OMEGA PHI MILITARY FRATERNITY &amp; SORORITY, INC.&#10;  SECTION III — CIVILIAN EDUCATION (FULL)&#10;  No entries.&#10;  SECTION IV — LANGUAGE PROFICIENCY (FULL)&#10;  No entries.&#10;  SECTION V — FINANCIAL OBLIGATIONS (ANNUAL DUES)&#10;  No entries.&#10;  SECTION VI — DONATIONS&#10;  No entries.&#10;  SECTION VII — COMMUNITY SERVICE (2026)&#10;  Agency Event Type Hours Status Date&#10;  — Other 2.00 APPROVED 2026-11-01&#10;  — Aop Related 2.00 APPROVED 2026-09-01&#10;  — Aop Related 1.00 APPROVED 2026-06-10&#10;  SECTION VIII — AWARDS &amp; DECORATIONS (FULL)&#10;  No entries.&#10;  SECTION IX — OF THE YEAR HONORS (FULL LIST — 8 TOTAL)&#10;  Year Category Chapter Note&#10;  2024 Member of the Year Texas Exceptional service&#10;  2023 Top Community Service Member Texas&#10;  2018 Member of the Year Texas TEST_iter72_temp&#10;  2018 Top Community Service Member Texas TEST_iter72_temp&#10;  2018 Top Fundraising Member Texas TEST_iter72_temp&#10;  2018 Top Member Recruiter Texas TEST_iter72_temp&#10;  2017 Member of the Year Texas TEST_iter72_temp&#10;  2017 Top Community Service Member Texas TEST_iter72_temp&#10;  SECTION X — EVENTS ATTENDED (2026 CHECK-INS)&#10;  No entries.&#10;  SECTION XI — ASSIGNMENT HISTORY (FULL)&#10;  No entries.&#10;  Personnel Brief generated 2026-06-24 by the Alpha Omega Phi member portal.&#10;assert None&#10; +  where None = &lt;function search at 0xf82b29edd440&gt;('last\\s*7\\s*of\\s*8', 'MAYA PATEL MEMBER ID 78B9BF54\nSTATUS ACTIVE\nCHAPTER TEXAS\nmaya.patel@clubhaven.app\nTIER REGULAR MEMBER\nJOINED 2025-06-15\nRENEWAL 2025-12-31\nGENERATED 2026-06-24\nSECTION I — PERSONAL DATA SECTION IV — AWARDS &amp; DECORATIONS SECTION VI — ASSIGNMENT HISTORY\nADDRESS — None on record. None on record.\nCITY Seattle\nSECTION V — OF THE YEAR HONORS (LAST 7 OF SECTION VII — SERVICE STATISTICS\nSTATE / ZIP — / —\n8)\nCOUNTRY — CY 2026 HOURS 5.0\nBIRTHDATE — 2024 · MEMBER OF THE YEAR LIFETIME HOURS 5.0\nBRANCH — Texas · Exceptional service PENDING HOURS 0.0\nMARITAL — 2023 · TOP COMMUNITY SERVICE MEMBER TOTAL PAID $640.00\nTexas EVENTS CY 2026 0\nSECTION II — EDUCATION (0 TOTAL)\n2018 · MEMBER OF THE YEAR AWARDS HELD 0 (distinct)\nNone on record. Texas · TEST_iter72_temp OTY HONORS 8\n2018 · TOP COMMUNITY SERVICE MEMBER\nSECTION III — LANGUAGES (0 TOTAL) SECTION VIII — RECENT EVENTS (2026)\nTexas · TEST_iter72_temp\nNone on record. 2018 · TOP FUNDRAISING MEMBER No check-ins this year.\nTexas · TEST_iter72_temp\n2018 · TOP MEMBER RECRUITER\nTexas · TEST_iter72_temp\n2017 · MEMBER OF THE YEAR\nTexas · TEST_iter72_temp\nPERSONNEL BRIEF · MAYA PATEL · PAGE 1 OF DETAIL FOLLOWS · ALPHA OMEGA PHI MILITARY FRATERNITY &amp; SORORITY, INC.\nSECTION III — CIVILIAN EDUCATION (FULL)\nNo entries.\nSECTION IV — LANGUAGE PROFICIENCY (FULL)\nNo entries.\nSECTION V — FINANCIAL OBLIGATIONS (ANNUAL DUES)\nNo entries.\nSECTION VI — DONATIONS\nNo entries.\nSECTION VII — COMMUNITY SERVICE (2026)\nAgency Event Type Hours Status Date\n— Other 2.00 APPROVED 2026-11-01\n— Aop Related 2.00 APPROVED 2026-09-01\n— Aop Related 1.00 APPROVED 2026-06-10\nSECTION VIII — AWARDS &amp; DECORATIONS (FULL)\nNo entries.\nSECTION IX — OF THE YEAR HONORS (FULL LIST — 8 TOTAL)\nYear Category Chapter Note\n2024 Member of the Year Texas Exceptional service\n2023 Top Community Service Member Texas\n2018 Member of the Year Texas TEST_iter72_temp\n2018 Top Community Service Member Texas TEST_iter72_temp\n2018 Top Fundraising Member Texas TEST_iter72_temp\n2018 Top Member Recruiter Texas TEST_iter72_temp\n2017 Member of the Year Texas TEST_iter72_temp\n2017 Top Community Service Member Texas TEST_iter72_temp\nSECTION X — EVENTS ATTENDED (2026 CHECK-INS)\nNo entries.\nSECTION XI — ASSIGNMENT HISTORY (FULL)\nNo entries.\nPersonnel Brief generated 2026-06-24 by the Alpha Omega Phi member portal.', re.IGNORECASE)&#10; +    where &lt;function search at 0xf82b29edd440&gt; = re.search&#10; +    and   re.IGNORECASE = re.IGNORECASE">backend/tests/test_iteration72_of_the_year_brief.py:224: in test_personnel_brief_pdf_header_includes_last_7_of_n
    assert re.search(r"last\s*7\s*of\s*8", text, re.IGNORECASE), (
E   AssertionError: PDF should note 'last 7 of 8' when N&gt;7. Snippet:
E     MAYA PATEL MEMBER ID 78B9BF54
E     STATUS ACTIVE
E     CHAPTER TEXAS
E     maya.patel@clubhaven.app
E     TIER REGULAR MEMBER
E     JOINED 2025-06-15
E     RENEWAL 2025-12-31
E     GENERATED 2026-06-24
E     SECTION I — PERSONAL DATA SECTION IV — AWARDS &amp; DECORATIONS SECTION VI — ASSIGNMENT HISTORY
E     ADDRESS — None on record. None on record.
E     CITY Seattle
E     SECTION V — OF THE YEAR HONORS (LAST 7 OF SECTION VII — SERVICE STATISTICS
E     STATE / ZIP — / —
E     8)
E     COUNTRY — CY 2026 HOURS 5.0
E     BIRTHDATE — 2024 · MEMBER OF THE YEAR LIFETIME HOURS 5.0
E     BRANCH — Texas · Exceptional service PENDING HOURS 0.0
E     MARITAL — 2023 · TOP COMMUNITY SERVICE MEMBER TOTAL PAID $640.00
E     Texas EVENTS CY 2026 0
E     SECTION II — EDUCATION (0 TOTAL)
E     2018 · MEMBER OF THE YEAR AWARDS HELD 0 (distinct)
E     None on record. Texas · TEST_iter72_temp OTY HONORS 8
E     2018 · TOP COMMUNITY SERVICE MEMBER
E     SECTION III — LANGUAGES (0 TOTAL) SECTION VIII — RECENT EVENTS (2026)
E     Texas · TEST_iter72_temp
E     None on record. 2018 · TOP FUNDRAISING MEMBER No check-ins this year.
E     Texas · TEST_iter72_temp
E     2018 · TOP MEMBER RECRUITER
E     Texas · TEST_iter72_temp
E     2017 · MEMBER OF THE YEAR
E     Texas · TEST_iter72_temp
E     PERSONNEL BRIEF · MAYA PATEL · PAGE 1 OF DETAIL FOLLOWS · ALPHA OMEGA PHI MILITARY FRATERNITY &amp; SORORITY, INC.
E     SECTION III — CIVILIAN EDUCATION (FULL)
E     No entries.
E     SECTION IV — LANGUAGE PROFICIENCY (FULL)
E     No entries.
E     SECTION V — FINANCIAL OBLIGATIONS (ANNUAL DUES)
E     No entries.
E     SECTION VI — DONATIONS
E     No entries.
E     SECTION VII — COMMUNITY SERVICE (2026)
E     Agency Event Type Hours Status Date
E     — Other 2.00 APPROVED 2026-11-01
E     — Aop Related 2.00 APPROVED 2026-09-01
E     — Aop Related 1.00 APPROVED 2026-06-10
E     SECTION VIII — AWARDS &amp; DECORATIONS (FULL)
E     No entries.
E     SECTION IX — OF THE YEAR HONORS (FULL LIST — 8 TOTAL)
E     Year Category Chapter Note
E     2024 Member of the Year Texas Exceptional service
E     2023 Top Community Service Member Texas
E     2018 Member of the Year Texas TEST_iter72_temp
E     2018 Top Community Service Member Texas TEST_iter72_temp
E     2018 Top Fundraising Member Texas TEST_iter72_temp
E     2018 Top Member Recruiter Texas TEST_iter72_temp
E     2017 Member of the Year Texas TEST_iter72_temp
E     2017 Top Community Service Member Texas TEST_iter72_temp
E     SECTION X — EVENTS ATTENDED (2026 CHECK-INS)
E     No entries.
E     SECTION XI — ASSIGNMENT HISTORY (FULL)
E     No entries.
E     Personnel Brief generated 2026-06-24 by the Alpha Omega Phi member portal.
E   assert None
E    +  where None = &lt;function search at 0xf82b29edd440&gt;('last\\s*7\\s*of\\s*8', 'MAYA PATEL MEMBER ID 78B9BF54\nSTATUS ACTIVE\nCHAPTER TEXAS\nmaya.patel@clubhaven.app\nTIER REGULAR MEMBER\nJOINED 2025-06-15\nRENEWAL 2025-12-31\nGENERATED 2026-06-24\nSECTION I — PERSONAL DATA SECTION IV — AWARDS &amp; DECORATIONS SECTION VI — ASSIGNMENT HISTORY\nADDRESS — None on record. None on record.\nCITY Seattle\nSECTION V — OF THE YEAR HONORS (LAST 7 OF SECTION VII — SERVICE STATISTICS\nSTATE / ZIP — / —\n8)\nCOUNTRY — CY 2026 HOURS 5.0\nBIRTHDATE — 2024 · MEMBER OF THE YEAR LIFETIME HOURS 5.0\nBRANCH — Texas · Exceptional service PENDING HOURS 0.0\nMARITAL — 2023 · TOP COMMUNITY SERVICE MEMBER TOTAL PAID $640.00\nTexas EVENTS CY 2026 0\nSECTION II — EDUCATION (0 TOTAL)\n2018 · MEMBER OF THE YEAR AWARDS HELD 0 (distinct)\nNone on record. Texas · TEST_iter72_temp OTY HONORS 8\n2018 · TOP COMMUNITY SERVICE MEMBER\nSECTION III — LANGUAGES (0 TOTAL) SECTION VIII — RECENT EVENTS (2026)\nTexas · TEST_iter72_temp\nNone on record. 2018 · TOP FUNDRAISING MEMBER No check-ins this year.\nTexas · TEST_iter72_temp\n2018 · TOP MEMBER RECRUITER\nTexas · TEST_iter72_temp\n2017 · MEMBER OF THE YEAR\nTexas · TEST_iter72_temp\nPERSONNEL BRIEF · MAYA PATEL · PAGE 1 OF DETAIL FOLLOWS · ALPHA OMEGA PHI MILITARY FRATERNITY &amp; SORORITY, INC.\nSECTION III — CIVILIAN EDUCATION (FULL)\nNo entries.\nSECTION IV — LANGUAGE PROFICIENCY (FULL)\nNo entries.\nSECTION V — FINANCIAL OBLIGATIONS (ANNUAL DUES)\nNo entries.\nSECTION VI — DONATIONS\nNo entries.\nSECTION VII — COMMUNITY SERVICE (2026)\nAgency Event Type Hours Status Date\n— Other 2.00 APPROVED 2026-11-01\n— Aop Related 2.00 APPROVED 2026-09-01\n— Aop Related 1.00 APPROVED 2026-06-10\nSECTION VIII — AWARDS &amp; DECORATIONS (FULL)\nNo entries.\nSECTION IX — OF THE YEAR HONORS (FULL LIST — 8 TOTAL)\nYear Category Chapter Note\n2024 Member of the Year Texas Exceptional service\n2023 Top Community Service Member Texas\n2018 Member of the Year Texas TEST_iter72_temp\n2018 Top Community Service Member Texas TEST_iter72_temp\n2018 Top Fundraising Member Texas TEST_iter72_temp\n2018 Top Member Recruiter Texas TEST_iter72_temp\n2017 Member of the Year Texas TEST_iter72_temp\n2017 Top Community Service Member Texas TEST_iter72_temp\nSECTION X — EVENTS ATTENDED (2026 CHECK-INS)\nNo entries.\nSECTION XI — ASSIGNMENT HISTORY (FULL)\nNo entries.\nPersonnel Brief generated 2026-06-24 by the Alpha Omega Phi member portal.', re.IGNORECASE)
E    +    where &lt;function search at 0xf82b29edd440&gt; = re.search
E    +    and   re.IGNORECASE = re.IGNORECASE</failure></testcase><testcase classname="backend.tests.test_iteration72_of_the_year_brief" name="test_personnel_brief_zero_wins" time="0.092" /><testcase classname="backend.tests.test_iteration72_of_the_year_brief" name="test_personnel_brief_pdf_zero_wins_placeholder" time="1.592"><failure message="assert '§9' in &quot;DR. CLUB T ADMIN MEMBER ID 5017A492\nSTATUS ACTIVE\nCHAPTER DMV\n“Poster”\nTIER SILVER LIFE MEMBER\nadmin@clubhaven.app JOINED 2026-04-22\nRENEWAL —\nGENERATED 2026-06-24\nSECTION I — PERSONAL DATA SECTION IV — AWARDS &amp; DECORATIONS SECTION VI — ASSIGNMENT HISTORY\nADDRESS — None on record. None on record.\nCITY Phoenix\nSECTION V — OF THE YEAR HONORS SECTION VII — SERVICE STATISTICS\nSTATE / ZIP — / —\nCOUNTRY — None on record. CY 2026 HOURS 2.0\nBIRTHDATE — LIFETIME HOURS 2.0\nBRANCH — PENDING HOURS 0.0\nMARITAL — TOTAL PAID $0.00\nEVENTS CY 2026 2\nSECTION II — EDUCATION (0 TOTAL)\nAWARDS HELD 0 (distinct)\nNone on record. OTY HONORS 0\nSECTION III — LANGUAGES (0 TOTAL) SECTION VIII — RECENT EVENTS (2026)\nNone on record. Sip &amp; Paint 2026-06-02\nVIP\nTransportation to Sip &amp; Paint 2026-06-02\nVIP\nPERSONNEL BRIEF · DR. CLUB T ADMIN · PAGE 1 OF DETAIL FOLLOWS · ALPHA OMEGA PHI MILITARY FRATERNITY &amp; SORORITY, INC.\nSECTION III — CIVILIAN EDUCATION (FULL)\nNo entries.\nSECTION IV — LANGUAGE PROFICIENCY (FULL)\nNo entries.\nSECTION V — FINANCIAL OBLIGATIONS (ANNUAL DUES)\nNo entries.\nSECTION VI — DONATIONS\nNo entries.\nSECTION VII — COMMUNITY SERVICE (2026)\nAgency Event Type Hours Status Date\n— Aop Related 2.00 APPROVED 2026-06-16\nSECTION VIII — AWARDS &amp; DECORATIONS (FULL)\nNo entries.\nSECTION IX — OF THE YEAR HONORS\nNo 'Of The Year' honors on record.\nSECTION X — EVENTS ATTENDED (2026 CHECK-INS)\nEvent Guests Ticket Type Check-in Date\nSip &amp; Paint 1 Vip 2026-06-02\nTransportation to Sip &amp; Paint 1 Vip 2026-06-02\nSECTION XI — ASSIGNMENT HISTORY (FULL)\nNo entries.\nPersonnel Brief generated 2026-06-24 by the Alpha Omega Phi member portal.&quot;">backend/tests/test_iteration72_of_the_year_brief.py:243: in test_personnel_brief_pdf_zero_wins_placeholder
    assert "§9" in text
E   assert '§9' in "DR. CLUB T ADMIN MEMBER ID 5017A492\nSTATUS ACTIVE\nCHAPTER DMV\n“Poster”\nTIER SILVER LIFE MEMBER\nadmin@clubhaven.app JOINED 2026-04-22\nRENEWAL —\nGENERATED 2026-06-24\nSECTION I — PERSONAL DATA SECTION IV — AWARDS &amp; DECORATIONS SECTION VI — ASSIGNMENT HISTORY\nADDRESS — None on record. None on record.\nCITY Phoenix\nSECTION V — OF THE YEAR HONORS SECTION VII — SERVICE STATISTICS\nSTATE / ZIP — / —\nCOUNTRY — None on record. CY 2026 HOURS 2.0\nBIRTHDATE — LIFETIME HOURS 2.0\nBRANCH — PENDING HOURS 0.0\nMARITAL — TOTAL PAID $0.00\nEVENTS CY 2026 2\nSECTION II — EDUCATION (0 TOTAL)\nAWARDS HELD 0 (distinct)\nNone on record. OTY HONORS 0\nSECTION III — LANGUAGES (0 TOTAL) SECTION VIII — RECENT EVENTS (2026)\nNone on record. Sip &amp; Paint 2026-06-02\nVIP\nTransportation to Sip &amp; Paint 2026-06-02\nVIP\nPERSONNEL BRIEF · DR. CLUB T ADMIN · PAGE 1 OF DETAIL FOLLOWS · ALPHA OMEGA PHI MILITARY FRATERNITY &amp; SORORITY, INC.\nSECTION III — CIVILIAN EDUCATION (FULL)\nNo entries.\nSECTION IV — LANGUAGE PROFICIENCY (FULL)\nNo entries.\nSECTION V — FINANCIAL OBLIGATIONS (ANNUAL DUES)\nNo entries.\nSECTION VI — DONATIONS\nNo entries.\nSECTION VII — COMMUNITY SERVICE (2026)\nAgency Event Type Hours Status Date\n— Aop Related 2.00 APPROVED 2026-06-16\nSECTION VIII — AWARDS &amp; DECORATIONS (FULL)\nNo entries.\nSECTION IX — OF THE YEAR HONORS\nNo 'Of The Year' honors on record.\nSECTION X — EVENTS ATTENDED (2026 CHECK-INS)\nEvent Guests Ticket Type Check-in Date\nSip &amp; Paint 1 Vip 2026-06-02\nTransportation to Sip &amp; Paint 1 Vip 2026-06-02\nSECTION XI — ASSIGNMENT HISTORY (FULL)\nNo entries.\nPersonnel Brief generated 2026-06-24 by the Alpha Omega Phi member portal."</failure></testcase></testsuite></testsuites>