<?xml version="1.0" encoding="utf-8"?><testsuites name="pytest tests"><testsuite name="pytest" errors="0" failures="0" skipped="0" tests="7" time="3.238" timestamp="2026-06-06T00:22:02.254826+00:00" hostname="agent-env-48e075a3-b613-4a2a-9831-af7eec40a4ce"><testcase classname="backend.tests.test_iteration39_rsvp_extract.TestFreeRSVPToggle" name="test_rsvp_create_then_remove" time="1.081" /><testcase classname="backend.tests.test_iteration39_rsvp_extract.TestRSVPGuards" name="test_paid_event_returns_402" time="0.155" /><testcase classname="backend.tests.test_iteration39_rsvp_extract.TestRSVPGuards" name="test_cancelled_event_returns_400" time="0.223" /><testcase classname="backend.tests.test_iteration39_rsvp_extract.TestGuestListEdit" name="test_put_guests_does_not_toggle" time="0.520" /><testcase classname="backend.tests.test_iteration39_rsvp_extract.TestPaidEventApprovalFlow" name="test_full_paid_flow" time="0.477" /><testcase classname="backend.tests.test_iteration39_rsvp_extract.TestCheckin" name="test_lookup_bad_token_returns_400" time="0.155" /><testcase classname="backend.tests.test_iteration39_rsvp_extract.TestCheckin" name="test_lookup_and_scan_valid_flow" time="0.558" /></testsuite></testsuites>