<?xml version="1.0" encoding="utf-8"?><testsuites name="pytest tests"><testsuite name="pytest" errors="0" failures="0" skipped="0" tests="15" time="2.923" timestamp="2026-06-19T17:13:09.298465+00:00" hostname="agent-env-48e075a3-b613-4a2a-9831-af7eec40a4ce"><testcase classname="backend.tests.test_iteration52_admin_grant_hours.TestUpdateAwardGrant" name="test_update_reason_and_date" time="0.812" /><testcase classname="backend.tests.test_iteration52_admin_grant_hours.TestUpdateAwardGrant" name="test_empty_body_no_change" time="0.187" /><testcase classname="backend.tests.test_iteration52_admin_grant_hours.TestUpdateAwardGrant" name="test_invalid_granted_at_400" time="0.192" /><testcase classname="backend.tests.test_iteration52_admin_grant_hours.TestUpdateAwardGrant" name="test_nonexistent_grant_404" time="0.045" /><testcase classname="backend.tests.test_iteration52_admin_grant_hours.TestUpdateAwardGrant" name="test_authz_non_admin_blocked" time="0.485" /><testcase classname="backend.tests.test_iteration52_admin_grant_hours.TestGrantBulk" name="test_bulk_grant_creates_ordinal_1_for_each" time="0.048" /><testcase classname="backend.tests.test_iteration52_admin_grant_hours.TestGrantBulk" name="test_bulk_repeat_grant_increments_ordinal" time="0.112" /><testcase classname="backend.tests.test_iteration52_admin_grant_hours.TestGrantBulk" name="test_award_not_found" time="0.047" /><testcase classname="backend.tests.test_iteration52_admin_grant_hours.TestGrantBulk" name="test_empty_user_ids_400" time="0.046" /><testcase classname="backend.tests.test_iteration52_admin_grant_hours.TestGrantBulk" name="test_too_many_user_ids_400" time="0.052" /><testcase classname="backend.tests.test_iteration52_admin_grant_hours.TestGrantBulk" name="test_authz_non_admin_blocked" time="0.050" /><testcase classname="backend.tests.test_iteration52_admin_grant_hours.TestAdminDeleteHours" name="test_admin_delete_approved_hours_for_member_decrements_total" time="0.334" /><testcase classname="backend.tests.test_iteration52_admin_grant_hours.TestAdminDeleteHours" name="test_admin_delete_pending_hours_works" time="0.107" /><testcase classname="backend.tests.test_iteration52_admin_grant_hours.TestAdminDeleteHours" name="test_member_cannot_delete_other_members_hours" time="0.153" /><testcase classname="backend.tests.test_iteration52_admin_grant_hours.TestAdminDeleteHours" name="test_member_can_delete_own_hours" time="0.146" /></testsuite></testsuites>