<?xml version="1.0" encoding="utf-8"?><testsuites name="pytest tests"><testsuite name="pytest" errors="0" failures="0" skipped="0" tests="10" time="3.941" timestamp="2026-06-18T19:16:27.145148+00:00" hostname="agent-env-48e075a3-b613-4a2a-9831-af7eec40a4ce"><testcase classname="backend.tests.test_iteration46_email_unsubscribe.TestDeliverability" name="test_admin_can_read" time="0.474" /><testcase classname="backend.tests.test_iteration46_email_unsubscribe.TestDeliverability" name="test_non_admin_forbidden" time="0.369" /><testcase classname="backend.tests.test_iteration46_email_unsubscribe.TestUnsubscribeRedirect" name="test_get_with_valid_token_redirects_and_writes_db" time="0.369" /><testcase classname="backend.tests.test_iteration46_email_unsubscribe.TestUnsubscribeRedirect" name="test_post_one_click_path" time="1.027" /><testcase classname="backend.tests.test_iteration46_email_unsubscribe.TestUnsubscribeRedirect" name="test_garbage_token_redirects_invalid" time="0.115" /><testcase classname="backend.tests.test_iteration46_email_unsubscribe.TestUnsubscribeRedirect" name="test_empty_token_redirects_invalid" time="0.105" /><testcase classname="backend.tests.test_iteration46_email_unsubscribe.TestStatusAndResubscribe" name="test_status_reflects_state" time="0.564" /><testcase classname="backend.tests.test_iteration46_email_unsubscribe.TestStatusAndResubscribe" name="test_resubscribe_garbage_token_400" time="0.105" /><testcase classname="backend.tests.test_iteration46_email_unsubscribe.TestBlastSegmentFilter" name="test_blast_skips_opted_out_member" time="0.414" /><testcase classname="backend.tests.test_iteration46_email_unsubscribe.TestBlastSegmentFilter" name="test_blast_test_only_returns_ok" time="0.334" /></testsuite></testsuites>