<?xml version="1.0" encoding="utf-8"?><testsuites name="pytest tests"><testsuite name="pytest" errors="0" failures="0" skipped="0" tests="6" time="5.413" timestamp="2026-06-05T00:12:44.196872+00:00" hostname="agent-env-48e075a3-b613-4a2a-9831-af7eec40a4ce"><testcase classname="backend.tests.test_iteration32_setpw_lockout_tabs.TestSetPasswordEndpoint" name="test_set_password_with_bogus_token_returns_4xx" time="0.133" /><testcase classname="backend.tests.test_iteration32_setpw_lockout_tabs.TestLoginLockoutAllowsCorrectPassword" name="test_lockout_then_correct_password_succeeds" time="2.561" /><testcase classname="backend.tests.test_iteration32_setpw_lockout_tabs.TestAdminPermissions" name="test_full_admin_permissions_shape" time="0.376" /><testcase classname="backend.tests.test_iteration32_setpw_lockout_tabs.TestAdminPermissions" name="test_governor_manager_default_tabs_no_custom" time="0.376" /><testcase classname="backend.tests.test_iteration32_setpw_lockout_tabs.TestCustomTabPermissions" name="test_grant_revoke_and_gating" time="1.438" /><testcase classname="backend.tests.test_iteration32_setpw_lockout_tabs.TestCustomTabPermissions" name="test_allowed_tabs_sanitized_against_all_tabs" time="0.468" /></testsuite></testsuites>