<?xml version="1.0" encoding="utf-8"?><testsuites name="pytest tests"><testsuite name="pytest" errors="0" failures="0" skipped="0" tests="9" time="5.391" timestamp="2026-08-04T04:10:12.134306+00:00" hostname="agent-env-48e075a3-b613-4a2a-9831-af7eec40a4ce"><testcase classname="backend.tests.test_iteration149_life_member_medallion" name="test_medallion_awards_seeded_with_metadata" time="1.585" /><testcase classname="backend.tests.test_iteration149_life_member_medallion" name="test_life_member_full_lifecycle_historical_entry" time="0.779" /><testcase classname="backend.tests.test_iteration149_life_member_medallion" name="test_life_member_rejects_missing_identity" time="0.437" /><testcase classname="backend.tests.test_iteration149_life_member_medallion" name="test_life_member_rejects_bad_year" time="0.434" /><testcase classname="backend.tests.test_iteration149_life_member_medallion" name="test_life_member_existing_user_flow" time="0.879" /><testcase classname="backend.tests.test_iteration149_life_member_medallion" name="test_medallion_eligibility_shape" time="0.493" /><testcase classname="backend.tests.test_iteration149_life_member_medallion" name="test_medallion_eligibility_sorts_eligible_first_then_by_criteria_count" time="0.459" /><testcase classname="backend.tests.test_iteration149_life_member_medallion" name="test_life_member_requires_admin" time="0.149" /><testcase classname="backend.tests.test_iteration149_life_member_medallion" name="test_medallion_eligibility_requires_admin" time="0.104" /></testsuite></testsuites>