<?xml version="1.0" encoding="utf-8"?><testsuites name="pytest tests"><testsuite name="pytest" errors="0" failures="0" skipped="0" tests="10" time="2.534" timestamp="2026-06-05T05:53:27.809209+00:00" hostname="agent-env-48e075a3-b613-4a2a-9831-af7eec40a4ce"><testcase classname="backend.tests.test_iteration36_awards_docs.TestF1MemberUploadBlocked" name="test_member_post_documents_returns_403" time="0.460" /><testcase classname="backend.tests.test_iteration36_awards_docs.TestF1MemberUploadBlocked" name="test_member_post_documents_bulk_returns_403" time="0.057" /><testcase classname="backend.tests.test_iteration36_awards_docs.TestF1MemberUploadBlocked" name="test_admin_post_documents_works" time="0.631" /><testcase classname="backend.tests.test_iteration36_awards_docs.TestF1MemberUploadBlocked" name="test_admin_post_documents_bulk_works" time="0.508" /><testcase classname="backend.tests.test_iteration36_awards_docs.TestF2MultipleGrants" name="test_grant_three_times_returns_ordinals" time="0.303" /><testcase classname="backend.tests.test_iteration36_awards_docs.TestF2MultipleGrants" name="test_me_awards_enriched" time="0.051" /><testcase classname="backend.tests.test_iteration36_awards_docs.TestF2MultipleGrants" name="test_members_id_awards_enriched" time="0.049" /><testcase classname="backend.tests.test_iteration36_awards_docs.TestF2MultipleGrants" name="test_sort_newest_first" time="0.101" /><testcase classname="backend.tests.test_iteration36_awards_docs.TestF4PersonnelBrief" name="test_brief_json_has_awards_grouped" time="0.056" /><testcase classname="backend.tests.test_iteration36_awards_docs.TestF4PersonnelBrief" name="test_brief_pdf_generated" time="0.232" /></testsuite></testsuites>