<?xml version="1.0" encoding="utf-8"?><testsuites name="pytest tests"><testsuite name="pytest" errors="0" failures="0" skipped="0" tests="7" time="4.407" timestamp="2026-07-30T04:17:21.699373+00:00" hostname="agent-env-48e075a3-b613-4a2a-9831-af7eec40a4ce"><testcase classname="backend.tests.test_iteration147_photo_thumbnails" name="test_photos_list_includes_thumb_url" time="0.549" /><testcase classname="backend.tests.test_iteration147_photo_thumbnails" name="test_albums_list_includes_cover_thumb_url" time="0.435" /><testcase classname="backend.tests.test_iteration147_photo_thumbnails" name="test_thumbnail_endpoint_returns_smaller_bytes_than_original" time="1.120" /><testcase classname="backend.tests.test_iteration147_photo_thumbnails" name="test_thumbnail_endpoint_caches_and_returns_304" time="0.831" /><testcase classname="backend.tests.test_iteration147_photo_thumbnails" name="test_thumbnail_width_snapped_to_allowed_set" time="0.856" /><testcase classname="backend.tests.test_iteration147_photo_thumbnails" name="test_thumbnail_endpoint_404_for_unknown_photo" time="0.444" /><testcase classname="backend.tests.test_iteration147_photo_thumbnails" name="test_thumbnail_endpoint_requires_auth" time="0.099" /></testsuite></testsuites>