<?xml version="1.0" encoding="utf-8"?><testsuites name="pytest tests"><testsuite name="pytest" errors="0" failures="0" skipped="0" tests="11" time="8.583" timestamp="2026-06-24T02:50:56.714530+00:00" hostname="agent-env-48e075a3-b613-4a2a-9831-af7eec40a4ce"><testcase classname="backend.tests.test_iteration69_outstanding_balance" name="test_admin_can_set_zeffy_url" time="0.566" /><testcase classname="backend.tests.test_iteration69_outstanding_balance" name="test_zeffy_url_rejects_non_https" time="0.534" /><testcase classname="backend.tests.test_iteration69_outstanding_balance" name="test_admin_add_edit_delete_line" time="0.657" /><testcase classname="backend.tests.test_iteration69_outstanding_balance" name="test_admin_mark_paid_creates_transaction" time="0.649" /><testcase classname="backend.tests.test_iteration69_outstanding_balance" name="test_cannot_edit_or_delete_paid_line" time="0.924" /><testcase classname="backend.tests.test_iteration69_outstanding_balance" name="test_member_can_view_own_balance" time="1.014" /><testcase classname="backend.tests.test_iteration69_outstanding_balance" name="test_member_submits_receipt_admin_approves" time="1.124" /><testcase classname="backend.tests.test_iteration69_outstanding_balance" name="test_member_cannot_select_paid_line" time="0.945" /><testcase classname="backend.tests.test_iteration69_outstanding_balance" name="test_member_balance_endpoints_require_auth" time="0.562" /><testcase classname="backend.tests.test_iteration69_outstanding_balance" name="test_admin_balance_endpoints_require_admin" time="0.847" /><testcase classname="backend.tests.test_iteration70_zeffy_url_isolation" name="test_put_members_does_not_touch_zeffy_url" time="0.684" /></testsuite></testsuites>