<?xml version="1.0" encoding="utf-8"?><testsuites name="pytest tests"><testsuite name="pytest" errors="0" failures="0" skipped="0" tests="12" time="5.061" timestamp="2026-07-04T05:08:19.716847+00:00" hostname="agent-env-48e075a3-b613-4a2a-9831-af7eec40a4ce"><testcase classname="backend.tests.test_iteration102_recruitment" name="test_create_list_delete_recruitment" time="1.980" /><testcase classname="backend.tests.test_iteration102_recruitment" name="test_reject_self_recruitment" time="0.132" /><testcase classname="backend.tests.test_iteration102_recruitment" name="test_reject_duplicate_pair_and_date" time="0.228" /><testcase classname="backend.tests.test_iteration102_recruitment" name="test_update_recruitment_fields" time="0.228" /><testcase classname="backend.tests.test_iteration102_recruitment" name="test_csv_template_download" time="0.140" /><testcase classname="backend.tests.test_iteration102_recruitment" name="test_csv_import_by_email" time="0.370" /><testcase classname="backend.tests.test_iteration102_recruitment" name="test_csv_import_by_full_name_fallback" time="0.234" /><testcase classname="backend.tests.test_iteration102_recruitment" name="test_csv_import_reports_errors_for_unknown_members" time="0.140" /><testcase classname="backend.tests.test_iteration102_recruitment" name="test_report_entries_and_summaries" time="0.453" /><testcase classname="backend.tests.test_iteration102_recruitment" name="test_leaderboard_top_recruiters" time="0.353" /><testcase classname="backend.tests.test_iteration102_recruitment" name="test_leaderboard_year_scope" time="0.229" /><testcase classname="backend.tests.test_iteration102_recruitment" name="test_recruitment_requires_admin_tab" time="0.504" /></testsuite></testsuites>