<?xml version="1.0" encoding="utf-8"?><testsuites name="pytest tests"><testsuite name="pytest" errors="0" failures="0" skipped="0" tests="12" time="10.597" timestamp="2026-06-24T02:50:40.692763+00:00" hostname="agent-env-48e075a3-b613-4a2a-9831-af7eec40a4ce"><testcase classname="backend.tests.test_iteration71_bulk_add_line" name="test_bulk_add_creates_lines_and_response_shape" time="1.038" /><testcase classname="backend.tests.test_iteration71_bulk_add_line" name="test_outstanding_balance_total_on_members_endpoint" time="0.906" /><testcase classname="backend.tests.test_iteration71_bulk_add_line" name="test_bulk_add_is_idempotent_on_repeat_call" time="0.985" /><testcase classname="backend.tests.test_iteration71_bulk_add_line" name="test_bulk_add_idempotency_is_case_insensitive" time="1.073" /><testcase classname="backend.tests.test_iteration71_bulk_add_line" name="test_bulk_add_mixed_valid_and_bogus" time="0.854" /><testcase classname="backend.tests.test_iteration71_bulk_add_line" name="test_bulk_add_validation_422[payload0]" time="0.791" /><testcase classname="backend.tests.test_iteration71_bulk_add_line" name="test_bulk_add_validation_422[payload1]" time="0.761" /><testcase classname="backend.tests.test_iteration71_bulk_add_line" name="test_bulk_add_validation_422[payload2]" time="0.747" /><testcase classname="backend.tests.test_iteration71_bulk_add_line" name="test_bulk_add_validation_422[payload3]" time="0.737" /><testcase classname="backend.tests.test_iteration71_bulk_add_line" name="test_bulk_add_validation_422[payload4]" time="0.790" /><testcase classname="backend.tests.test_iteration71_bulk_add_line" name="test_bulk_add_member_forbidden" time="1.024" /><testcase classname="backend.tests.test_iteration71_bulk_add_line" name="test_bulk_add_unauthenticated_blocked" time="0.799" /></testsuite></testsuites>