<?xml version="1.0" encoding="utf-8"?><testsuites name="pytest tests"><testsuite name="pytest" errors="0" failures="0" skipped="0" tests="14" time="4.360" timestamp="2026-06-04T21:24:22.278531+00:00" hostname="agent-env-48e075a3-b613-4a2a-9831-af7eec40a4ce"><testcase classname="backend.tests.test_iteration31_layout_custom_avatar.TestFoundersCDNUrls" name="test_founders_use_customer_assets_cdn" time="0.821" /><testcase classname="backend.tests.test_iteration31_layout_custom_avatar.TestFoundersCDNUrls" name="test_founder_cdn_image_reachable" time="0.368" /><testcase classname="backend.tests.test_iteration31_layout_custom_avatar.TestProfileLayoutAndCustomFields" name="test_defaults_present" time="0.157" /><testcase classname="backend.tests.test_iteration31_layout_custom_avatar.TestProfileLayoutAndCustomFields" name="test_admin_can_update_layout_and_custom_fields" time="0.252" /><testcase classname="backend.tests.test_iteration31_layout_custom_avatar.TestProfileLayoutAndCustomFields" name="test_snake_case_validation" time="0.048" /><testcase classname="backend.tests.test_iteration31_layout_custom_avatar.TestProfileLayoutAndCustomFields" name="test_member_custom_fields_round_trip" time="0.160" /><testcase classname="backend.tests.test_iteration31_layout_custom_avatar.TestBriefPDFAvatar" name="test_brief_pdf_with_remote_http_avatar" time="0.557" /><testcase classname="backend.tests.test_iteration31_layout_custom_avatar.TestBriefPDFAvatar" name="test_brief_pdf_with_empty_avatar" time="0.150" /><testcase classname="backend.tests.test_iteration31_layout_custom_avatar.TestBriefPDFAvatar" name="test_brief_pdf_with_garbage_avatar_path" time="0.655" /><testcase classname="backend.tests.test_iteration31_layout_custom_avatar.TestRegression" name="test_login_by_email_works" time="0.329" /><testcase classname="backend.tests.test_iteration31_layout_custom_avatar.TestRegression" name="test_zeffy_validate" time="0.086" /><testcase classname="backend.tests.test_iteration31_layout_custom_avatar.TestRegression" name="test_me_brief_pdf_200" time="0.468" /><testcase classname="backend.tests.test_iteration31_layout_custom_avatar.TestRegression" name="test_me_tax_letter_pdf_200" time="0.065" /><testcase classname="backend.tests.test_iteration31_layout_custom_avatar.TestRegression" name="test_bulk_import_template_admin_only" time="0.154" /></testsuite></testsuites>