<?xml version="1.0" encoding="utf-8"?><testsuites name="pytest tests"><testsuite name="pytest" errors="0" failures="0" skipped="0" tests="6" time="1.504" timestamp="2026-06-18T04:23:44.178650+00:00" hostname="agent-env-48e075a3-b613-4a2a-9831-af7eec40a4ce"><testcase classname="backend.tests.test_iteration45_csv_dryrun" name="test_dry_run_mixed_does_not_persist" time="0.740" /><testcase classname="backend.tests.test_iteration45_csv_dryrun" name="test_confirm_import_writes_to_db" time="0.103" /><testcase classname="backend.tests.test_iteration45_csv_dryrun" name="test_dry_run_all_errors" time="0.043" /><testcase classname="backend.tests.test_iteration45_csv_dryrun" name="test_dry_run_preview_truncated_at_200" time="0.068" /><testcase classname="backend.tests.test_iteration45_csv_dryrun" name="test_member_cannot_dry_run" time="0.417" /><testcase classname="backend.tests.test_iteration45_csv_dryrun" name="test_get_hours_still_works" time="0.050" /></testsuite></testsuites>