<?xml version="1.0" encoding="utf-8"?><testsuites name="pytest tests"><testsuite name="pytest" errors="0" failures="0" skipped="0" tests="12" time="2.233" timestamp="2026-06-04T18:28:28.022954+00:00" hostname="agent-env-48e075a3-b613-4a2a-9831-af7eec40a4ce"><testcase classname="backend.tests.test_iteration30_brief_tax_assignments.TestPersonnelBriefPDF" name="test_brief_pdf_has_all_10_sections" time="0.685" /><testcase classname="backend.tests.test_iteration30_brief_tax_assignments.TestPersonnelBriefPDF" name="test_brief_pdf_includes_assignment_after_admin_set" time="0.667" /><testcase classname="backend.tests.test_iteration30_brief_tax_assignments.TestTaxLetterPDF" name="test_tax_letter_2025_returns_pdf" time="0.073" /><testcase classname="backend.tests.test_iteration30_brief_tax_assignments.TestTaxLetterPDF" name="test_tax_letter_embeds_signature_image" time="0.063" /><testcase classname="backend.tests.test_iteration30_brief_tax_assignments.TestTaxLetterPDF" name="test_tax_letter_default_year_is_last_year" time="0.062" /><testcase classname="backend.tests.test_iteration30_brief_tax_assignments.TestTaxLetterPDF" name="test_tax_letter_total_matches_paid_transactions" time="0.129" /><testcase classname="backend.tests.test_iteration30_brief_tax_assignments.TestAssignmentHistoryRanks" name="test_all_eight_ranks_round_trip" time="0.107" /><testcase classname="backend.tests.test_iteration30_brief_tax_assignments.TestAssignmentHistoryRanks" name="test_clear_assignment_history" time="0.105" /><testcase classname="backend.tests.test_iteration30_brief_tax_assignments.TestRegressionSmokes" name="test_personnel_brief_json" time="0.053" /><testcase classname="backend.tests.test_iteration30_brief_tax_assignments.TestRegressionSmokes" name="test_zeffy_validate_endpoint" time="0.064" /><testcase classname="backend.tests.test_iteration30_brief_tax_assignments.TestRegressionSmokes" name="test_events_list" time="0.051" /><testcase classname="backend.tests.test_iteration30_brief_tax_assignments.TestRegressionSmokes" name="test_bulk_import_template" time="0.055" /></testsuite></testsuites>