<?xml version="1.0" encoding="utf-8"?><testsuites name="pytest tests"><testsuite name="pytest" errors="0" failures="0" skipped="0" tests="28" time="16.082" timestamp="2026-06-03T22:45:58.252425+00:00" hostname="agent-env-48e075a3-b613-4a2a-9831-af7eec40a4ce"><testcase classname="backend.tests.test_iteration25_auth_zeffy.TestAuthLogin" name="test_login_with_email_admin" time="0.528" /><testcase classname="backend.tests.test_iteration25_auth_zeffy.TestAuthLogin" name="test_login_with_email_member" time="0.350" /><testcase classname="backend.tests.test_iteration25_auth_zeffy.TestAuthLogin" name="test_login_wrong_password" time="0.336" /><testcase classname="backend.tests.test_iteration25_auth_zeffy.TestAuthLogin" name="test_login_with_username_case_insensitive" time="0.717" /><testcase classname="backend.tests.test_iteration25_auth_zeffy.TestAuthMeLogoutRefresh" name="test_me_with_cookie" time="0.405" /><testcase classname="backend.tests.test_iteration25_auth_zeffy.TestAuthMeLogoutRefresh" name="test_me_without_auth" time="0.103" /><testcase classname="backend.tests.test_iteration25_auth_zeffy.TestAuthMeLogoutRefresh" name="test_logout_clears_cookies" time="0.515" /><testcase classname="backend.tests.test_iteration25_auth_zeffy.TestAuthMeLogoutRefresh" name="test_logout_requires_auth" time="0.118" /><testcase classname="backend.tests.test_iteration25_auth_zeffy.TestAuthMeLogoutRefresh" name="test_refresh_via_cookie" time="0.379" /><testcase classname="backend.tests.test_iteration25_auth_zeffy.TestAuthMeLogoutRefresh" name="test_refresh_via_json_body" time="0.453" /><testcase classname="backend.tests.test_iteration25_auth_zeffy.TestAuthMeLogoutRefresh" name="test_refresh_via_bearer" time="0.464" /><testcase classname="backend.tests.test_iteration25_auth_zeffy.TestAuthMeLogoutRefresh" name="test_refresh_without_token" time="0.118" /><testcase classname="backend.tests.test_iteration25_auth_zeffy.TestAuthRegister" name="test_register_duplicate_email" time="0.115" /><testcase classname="backend.tests.test_iteration25_auth_zeffy.TestAuthRegister" name="test_register_creates_user" time="0.787" /><testcase classname="backend.tests.test_iteration25_auth_zeffy.TestBruteForceLockout" name="test_5_fails_lock" time="0.793" /><testcase classname="backend.tests.test_iteration25_auth_zeffy.TestZeffy" name="test_zeffy_config" time="0.773" /><testcase classname="backend.tests.test_iteration25_auth_zeffy.TestZeffy" name="test_validate_formats" time="1.085" /><testcase classname="backend.tests.test_iteration25_auth_zeffy.TestZeffy" name="test_will_auto_approve_flag" time="0.927" /><testcase classname="backend.tests.test_iteration25_auth_zeffy.TestZeffy" name="test_confirm_untrusted_creates_pending" time="0.997" /><testcase classname="backend.tests.test_iteration25_auth_zeffy.TestZeffy" name="test_confirm_trusted_auto_approves" time="1.329" /><testcase classname="backend.tests.test_iteration25_auth_zeffy.TestZeffy" name="test_approve_zeffy_non_zeffy_400" time="0.942" /><testcase classname="backend.tests.test_iteration25_auth_zeffy.TestZeffy" name="test_approve_zeffy_missing_404" time="0.776" /><testcase classname="backend.tests.test_iteration25_auth_zeffy.TestZeffy" name="test_admin_list_surfaces_format" time="0.881" /><testcase classname="backend.tests.test_iteration25_auth_zeffy.TestUnmovedEndpoints" name="test_members" time="0.384" /><testcase classname="backend.tests.test_iteration25_auth_zeffy.TestUnmovedEndpoints" name="test_chapters" time="0.386" /><testcase classname="backend.tests.test_iteration25_auth_zeffy.TestUnmovedEndpoints" name="test_tiers" time="0.436" /><testcase classname="backend.tests.test_iteration25_auth_zeffy.TestUnmovedEndpoints" name="test_events" time="0.397" /><testcase classname="backend.tests.test_iteration25_auth_zeffy.TestUnmovedEndpoints" name="test_forgot_password_endpoint_exists" time="0.511" /></testsuite></testsuites>