<?xml version="1.0" encoding="utf-8"?><testsuites name="pytest tests"><testsuite name="pytest" errors="0" failures="0" skipped="0" tests="17" time="2.384" timestamp="2026-07-05T23:04:20.124694+00:00" hostname="agent-env-48e075a3-b613-4a2a-9831-af7eec40a4ce"><testcase classname="backend.tests.test_iteration111_news_hours_awards.TestNews" name="test_create_with_template_and_images" time="0.456" /><testcase classname="backend.tests.test_iteration111_news_hours_awards.TestNews" name="test_get_returns_template_and_images" time="0.055" /><testcase classname="backend.tests.test_iteration111_news_hours_awards.TestNews" name="test_search_matches" time="0.053" /><testcase classname="backend.tests.test_iteration111_news_hours_awards.TestNews" name="test_search_by_tag" time="0.056" /><testcase classname="backend.tests.test_iteration111_news_hours_awards.TestNews" name="test_search_no_match" time="0.053" /><testcase classname="backend.tests.test_iteration111_news_hours_awards.TestNews" name="test_cleanup" time="0.055" /><testcase classname="backend.tests.test_iteration111_news_hours_awards.TestGovernorHoursApproval" name="test_find_tx_member" time="0.497" /><testcase classname="backend.tests.test_iteration111_news_hours_awards.TestGovernorHoursApproval" name="test_governor_admin_log_pending" time="0.103" /><testcase classname="backend.tests.test_iteration111_news_hours_awards.TestGovernorHoursApproval" name="test_governor_cannot_approve_via_review" time="0.056" /><testcase classname="backend.tests.test_iteration111_news_hours_awards.TestGovernorHoursApproval" name="test_governor_cannot_approve_via_edit" time="0.059" /><testcase classname="backend.tests.test_iteration111_news_hours_awards.TestGovernorHoursApproval" name="test_governor_can_reject_via_review" time="0.055" /><testcase classname="backend.tests.test_iteration111_news_hours_awards.TestGovernorHoursApproval" name="test_full_admin_auto_approves" time="0.178" /><testcase classname="backend.tests.test_iteration111_news_hours_awards.TestGovernorHoursApproval" name="test_cleanup_pending" time="0.055" /><testcase classname="backend.tests.test_iteration111_news_hours_awards.TestAwardsEligibility" name="test_full_admin_ok" time="0.063" /><testcase classname="backend.tests.test_iteration111_news_hours_awards.TestAwardsEligibility" name="test_governor_forbidden" time="0.059" /><testcase classname="backend.tests.test_iteration111_news_hours_awards.TestAwardsEligibility" name="test_membership_manager_forbidden" time="0.380" /><testcase classname="backend.tests.test_iteration111_news_hours_awards.TestAwardsEligibility" name="test_invalid_year_range" time="0.056" /></testsuite></testsuites>