<?xml version="1.0" encoding="utf-8"?><testsuites name="pytest tests"><testsuite name="pytest" errors="0" failures="0" skipped="0" tests="11" time="2.581" timestamp="2026-06-19T00:33:33.552344+00:00" hostname="agent-env-48e075a3-b613-4a2a-9831-af7eec40a4ce"><testcase classname="backend.tests.test_iteration48_tier_chart_awards_reports.TestByTier" name="test_by_tier_returns_only_real_tier_names" time="0.791" /><testcase classname="backend.tests.test_iteration48_tier_chart_awards_reports.TestByTier" name="test_by_tier_sorted_desc_by_count" time="0.236" /><testcase classname="backend.tests.test_iteration48_tier_chart_awards_reports.TestAwardGrants" name="test_list_enriched" time="0.285" /><testcase classname="backend.tests.test_iteration48_tier_chart_awards_reports.TestAwardGrants" name="test_filter_by_year_2026" time="0.264" /><testcase classname="backend.tests.test_iteration48_tier_chart_awards_reports.TestAwardGrants" name="test_filter_by_user_id" time="0.100" /><testcase classname="backend.tests.test_iteration48_tier_chart_awards_reports.TestAwardGrants" name="test_authz_member_forbidden" time="0.372" /><testcase classname="backend.tests.test_iteration48_tier_chart_awards_reports.TestAwardGrants" name="test_authz_anon_forbidden" time="0.106" /><testcase classname="backend.tests.test_iteration48_tier_chart_awards_reports.TestOfTheYear" name="test_list_enriched" time="0.050" /><testcase classname="backend.tests.test_iteration48_tier_chart_awards_reports.TestOfTheYear" name="test_filter_by_year" time="0.108" /><testcase classname="backend.tests.test_iteration48_tier_chart_awards_reports.TestOfTheYear" name="test_authz_member_forbidden" time="0.047" /><testcase classname="backend.tests.test_iteration48_tier_chart_awards_reports.TestOfTheYear" name="test_authz_anon_forbidden" time="0.138" /></testsuite></testsuites>