<?xml version="1.0" encoding="utf-8"?><testsuites name="pytest tests"><testsuite name="pytest" errors="0" failures="0" skipped="0" tests="10" time="4.995" timestamp="2026-08-04T05:15:17.931705+00:00" hostname="agent-env-48e075a3-b613-4a2a-9831-af7eec40a4ce"><testcase classname="backend.tests.test_iteration150_phase2_awards_and_regions" name="test_chapter_change_end_to_end" time="1.935" /><testcase classname="backend.tests.test_iteration150_phase2_awards_and_regions" name="test_chapter_change_target_must_exist" time="0.543" /><testcase classname="backend.tests.test_iteration150_phase2_awards_and_regions" name="test_chapter_change_requires_admin_on_list" time="0.099" /><testcase classname="backend.tests.test_iteration150_phase2_awards_and_regions" name="test_chapter_change_approve_requires_full_admin" time="0.100" /><testcase classname="backend.tests.test_iteration150_phase2_awards_and_regions" name="test_region_governor_includes_bio" time="0.435" /><testcase classname="backend.tests.test_iteration150_phase2_awards_and_regions" name="test_csv_import_end_to_end" time="0.523" /><testcase classname="backend.tests.test_iteration150_phase2_awards_and_regions" name="test_csv_import_rejects_missing_required_columns" time="0.432" /><testcase classname="backend.tests.test_iteration150_phase2_awards_and_regions" name="test_csv_import_requires_full_admin" time="0.096" /><testcase classname="backend.tests.test_iteration150_phase2_awards_and_regions" name="test_medallion_eligibility_still_admin_only" time="0.095" /><testcase classname="backend.tests.test_iteration150_phase2_awards_and_regions" name="test_admin_can_grant_medallion_regardless_of_eligibility" time="0.663" /></testsuite></testsuites>