<?xml version="1.0" encoding="utf-8"?><testsuites name="pytest tests"><testsuite name="pytest" errors="0" failures="0" skipped="0" tests="73" time="30.489" timestamp="2026-06-04T18:00:50.454095+00:00" hostname="agent-env-48e075a3-b613-4a2a-9831-af7eec40a4ce"><testcase classname="backend.tests.test_iteration25_auth_zeffy.TestAuthLogin" name="test_login_with_email_admin" time="0.354" /><testcase classname="backend.tests.test_iteration25_auth_zeffy.TestAuthLogin" name="test_login_with_email_member" time="0.329" /><testcase classname="backend.tests.test_iteration25_auth_zeffy.TestAuthLogin" name="test_login_wrong_password" time="0.380" /><testcase classname="backend.tests.test_iteration25_auth_zeffy.TestAuthLogin" name="test_login_with_username_case_insensitive" time="0.685" /><testcase classname="backend.tests.test_iteration25_auth_zeffy.TestAuthMeLogoutRefresh" name="test_me_with_cookie" time="0.438" /><testcase classname="backend.tests.test_iteration25_auth_zeffy.TestAuthMeLogoutRefresh" name="test_me_without_auth" time="0.118" /><testcase classname="backend.tests.test_iteration25_auth_zeffy.TestAuthMeLogoutRefresh" name="test_logout_clears_cookies" time="0.514" /><testcase classname="backend.tests.test_iteration25_auth_zeffy.TestAuthMeLogoutRefresh" name="test_logout_requires_auth" time="0.121" /><testcase classname="backend.tests.test_iteration25_auth_zeffy.TestAuthMeLogoutRefresh" name="test_refresh_via_cookie" time="0.387" /><testcase classname="backend.tests.test_iteration25_auth_zeffy.TestAuthMeLogoutRefresh" name="test_refresh_via_json_body" time="0.477" /><testcase classname="backend.tests.test_iteration25_auth_zeffy.TestAuthMeLogoutRefresh" name="test_refresh_via_bearer" time="0.567" /><testcase classname="backend.tests.test_iteration25_auth_zeffy.TestAuthMeLogoutRefresh" name="test_refresh_without_token" time="0.129" /><testcase classname="backend.tests.test_iteration25_auth_zeffy.TestAuthRegister" name="test_register_duplicate_email" time="0.119" /><testcase classname="backend.tests.test_iteration25_auth_zeffy.TestAuthRegister" name="test_register_creates_user" time="0.797" /><testcase classname="backend.tests.test_iteration25_auth_zeffy.TestBruteForceLockout" name="test_5_fails_lock" time="0.778" /><testcase classname="backend.tests.test_iteration25_auth_zeffy.TestZeffy" name="test_zeffy_config" time="0.786" /><testcase classname="backend.tests.test_iteration25_auth_zeffy.TestZeffy" name="test_validate_formats" time="1.079" /><testcase classname="backend.tests.test_iteration25_auth_zeffy.TestZeffy" name="test_will_auto_approve_flag" time="0.940" /><testcase classname="backend.tests.test_iteration25_auth_zeffy.TestZeffy" name="test_confirm_untrusted_creates_pending" time="1.004" /><testcase classname="backend.tests.test_iteration25_auth_zeffy.TestZeffy" name="test_confirm_trusted_auto_approves" time="1.305" /><testcase classname="backend.tests.test_iteration25_auth_zeffy.TestZeffy" name="test_approve_zeffy_non_zeffy_400" time="1.025" /><testcase classname="backend.tests.test_iteration25_auth_zeffy.TestZeffy" name="test_approve_zeffy_missing_404" time="0.796" /><testcase classname="backend.tests.test_iteration25_auth_zeffy.TestZeffy" name="test_admin_list_surfaces_format" time="0.886" /><testcase classname="backend.tests.test_iteration25_auth_zeffy.TestUnmovedEndpoints" name="test_members" time="0.414" /><testcase classname="backend.tests.test_iteration25_auth_zeffy.TestUnmovedEndpoints" name="test_chapters" time="0.415" /><testcase classname="backend.tests.test_iteration25_auth_zeffy.TestUnmovedEndpoints" name="test_tiers" time="0.412" /><testcase classname="backend.tests.test_iteration25_auth_zeffy.TestUnmovedEndpoints" name="test_events" time="0.391" /><testcase classname="backend.tests.test_iteration25_auth_zeffy.TestUnmovedEndpoints" name="test_forgot_password_endpoint_exists" time="0.490" /><testcase classname="backend.tests.test_iteration27_features.TestEventCancellation" name="test_create_event_default_not_cancelled" time="0.429" /><testcase classname="backend.tests.test_iteration27_features.TestEventCancellation" name="test_admin_cancels_event" time="0.462" /><testcase classname="backend.tests.test_iteration27_features.TestEventCancellation" name="test_member_rsvp_blocked_on_cancelled" time="0.057" /><testcase classname="backend.tests.test_iteration27_features.TestEventCancellation" name="test_guest_edit_blocked_on_cancelled" time="0.107" /><testcase classname="backend.tests.test_iteration27_features.TestEventCancellation" name="test_uncancel_clears_cancelled_at_and_allows_rsvp" time="0.124" /><testcase classname="backend.tests.test_iteration27_features.TestEventCancellation" name="test_cleanup_event" time="0.059" /><testcase classname="backend.tests.test_iteration27_features.TestBulkImport" name="test_template_csv" time="0.060" /><testcase classname="backend.tests.test_iteration27_features.TestBulkImport" name="test_dry_run_does_not_create" time="0.182" /><testcase classname="backend.tests.test_iteration27_features.TestBulkImport" name="test_actual_import_persists_and_sets_expires" time="0.961" /><testcase classname="backend.tests.test_iteration27_features.TestBulkImport" name="test_reject_non_csv" time="0.057" /><testcase classname="backend.tests.test_iteration27_features.TestBulkImport" name="test_cleanup_created_users" time="0.128" /><testcase classname="backend.tests.test_iteration27_features.TestTitleField" name="test_member_self_update_title" time="0.229" /><testcase classname="backend.tests.test_iteration27_features.TestTitleField" name="test_admin_create_and_update_member_title" time="0.664" /><testcase classname="backend.tests.test_iteration27_features.TestSmoke" name="test_login_admin" time="0.085" /><testcase classname="backend.tests.test_iteration27_features.TestSmoke" name="test_chapters_list" time="0.056" /><testcase classname="backend.tests.test_iteration27_features.TestSmoke" name="test_events_list" time="0.055" /><testcase classname="backend.tests.test_iteration27_features.TestSmoke" name="test_members_list" time="0.066" /><testcase classname="backend.tests.test_iteration28_paid_events" name="test_paid_event_create_persists_fields" time="0.439" /><testcase classname="backend.tests.test_iteration28_paid_events" name="test_paid_event_event_out_round_trip" time="0.198" /><testcase classname="backend.tests.test_iteration28_paid_events" name="test_free_rsvp_on_paid_event_returns_402" time="0.530" /><testcase classname="backend.tests.test_iteration28_paid_events" name="test_payment_confirm_creates_pending_tx" time="0.246" /><testcase classname="backend.tests.test_iteration28_paid_events" name="test_admin_approve_event_ticket_creates_rsvp" time="0.304" /><testcase classname="backend.tests.test_iteration28_paid_events" name="test_trust_zeffy_auto_approval" time="0.207" /><testcase classname="backend.tests.test_iteration28_paid_events" name="test_cancelled_paid_event_blocks_payment" time="0.165" /><testcase classname="backend.tests.test_iteration28_paid_events" name="test_free_event_rejects_payment_confirm" time="0.168" /><testcase classname="backend.tests.test_iteration28_paid_events" name="test_admin_update_toggle_is_paid_and_ticket_types" time="0.175" /><testcase classname="backend.tests.test_iteration28_paid_events" name="test_transactions_surface_event_fields" time="0.275" /><testcase classname="backend.tests.test_iteration28_paid_events" name="test_dues_queue_unaffected_by_event_ticket_tx" time="0.226" /><testcase classname="backend.tests.test_iteration28_paid_events" name="test_ticket_email_logs_cc_to_events_inbox" time="3.305" /><testcase classname="backend.tests.test_iteration28_paid_events" name="test_bulk_import_generates_password_set_tokens" time="0.864" /><testcase classname="backend.tests.test_iteration28_paid_events" name="test_bulk_import_no_password_emails_when_flag_off" time="0.279" /><testcase classname="backend.tests.test_iteration28_paid_events" name="test_smoke_regressions" time="0.253" /><testcase classname="backend.tests.test_iteration29_profile_hours_brief.TestProfileExtras" name="test_put_members_me_persists_marital_languages_degrees" time="0.469" /><testcase classname="backend.tests.test_iteration29_profile_hours_brief.TestProfileExtras" name="test_server_does_not_cap_languages_or_degrees" time="0.053" /><testcase classname="backend.tests.test_iteration29_profile_hours_brief.TestProfileExtras" name="test_clear_extras" time="0.051" /><testcase classname="backend.tests.test_iteration29_profile_hours_brief.TestHoursAdjustAndRevert" name="test_approve_with_hours_adjustment_stamps_audit" time="0.447" /><testcase classname="backend.tests.test_iteration29_profile_hours_brief.TestHoursAdjustAndRevert" name="test_re_edit_hours_post_approval" time="0.055" /><testcase classname="backend.tests.test_iteration29_profile_hours_brief.TestHoursAdjustAndRevert" name="test_revert_to_pending" time="0.105" /><testcase classname="backend.tests.test_iteration29_profile_hours_brief.TestMyPersonnelBrief" name="test_me_personnel_brief_shape" time="0.153" /><testcase classname="backend.tests.test_iteration29_profile_hours_brief.TestMyPersonnelBrief" name="test_me_personnel_brief_pdf" time="0.065" /><testcase classname="backend.tests.test_iteration29_profile_hours_brief.TestMyPersonnelBrief" name="test_member_cannot_access_other_users_brief" time="0.101" /><testcase classname="backend.tests.test_iteration29_profile_hours_brief.TestRegressionSmokes" name="test_login_with_email" time="0.332" /><testcase classname="backend.tests.test_iteration29_profile_hours_brief.TestRegressionSmokes" name="test_login_with_username" time="0.737" /><testcase classname="backend.tests.test_iteration29_profile_hours_brief.TestRegressionSmokes" name="test_events_list_smoke" time="0.066" /><testcase classname="backend.tests.test_iteration29_profile_hours_brief.TestRegressionSmokes" name="test_zeffy_validate_smoke" time="0.056" /></testsuite></testsuites>