<?xml version="1.0" encoding="utf-8"?><testsuites name="pytest tests"><testsuite name="pytest" errors="0" failures="0" skipped="0" tests="13" time="3.033" timestamp="2026-06-04T18:00:42.121674+00:00" hostname="agent-env-48e075a3-b613-4a2a-9831-af7eec40a4ce"><testcase classname="backend.tests.test_iteration29_profile_hours_brief.TestProfileExtras" name="test_put_members_me_persists_marital_languages_degrees" time="0.527" /><testcase classname="backend.tests.test_iteration29_profile_hours_brief.TestProfileExtras" name="test_server_does_not_cap_languages_or_degrees" time="0.064" /><testcase classname="backend.tests.test_iteration29_profile_hours_brief.TestProfileExtras" name="test_clear_extras" time="0.061" /><testcase classname="backend.tests.test_iteration29_profile_hours_brief.TestHoursAdjustAndRevert" name="test_approve_with_hours_adjustment_stamps_audit" time="0.467" /><testcase classname="backend.tests.test_iteration29_profile_hours_brief.TestHoursAdjustAndRevert" name="test_re_edit_hours_post_approval" time="0.074" /><testcase classname="backend.tests.test_iteration29_profile_hours_brief.TestHoursAdjustAndRevert" name="test_revert_to_pending" time="0.118" /><testcase classname="backend.tests.test_iteration29_profile_hours_brief.TestMyPersonnelBrief" name="test_me_personnel_brief_shape" time="0.185" /><testcase classname="backend.tests.test_iteration29_profile_hours_brief.TestMyPersonnelBrief" name="test_me_personnel_brief_pdf" time="0.120" /><testcase classname="backend.tests.test_iteration29_profile_hours_brief.TestMyPersonnelBrief" name="test_member_cannot_access_other_users_brief" time="0.127" /><testcase classname="backend.tests.test_iteration29_profile_hours_brief.TestRegressionSmokes" name="test_login_with_email" time="0.340" /><testcase classname="backend.tests.test_iteration29_profile_hours_brief.TestRegressionSmokes" name="test_login_with_username" time="0.745" /><testcase classname="backend.tests.test_iteration29_profile_hours_brief.TestRegressionSmokes" name="test_events_list_smoke" time="0.058" /><testcase classname="backend.tests.test_iteration29_profile_hours_brief.TestRegressionSmokes" name="test_zeffy_validate_smoke" time="0.059" /></testsuite></testsuites>