<?xml version="1.0" encoding="utf-8"?><testsuites name="pytest tests"><testsuite name="pytest" errors="0" failures="0" skipped="0" tests="16" time="2.727" timestamp="2026-06-21T13:54:06.346641+00:00" hostname="agent-env-48e075a3-b613-4a2a-9831-af7eec40a4ce"><testcase classname="backend.tests.test_iteration64_email_composer" name="test_builtin_email_templates_seeded" time="0.539" /><testcase classname="backend.tests.test_iteration64_email_composer" name="test_builtin_templates_idempotent" time="0.093" /><testcase classname="backend.tests.test_iteration64_email_composer" name="test_normalize_strips_class_attribute" time="0.000" /><testcase classname="backend.tests.test_iteration64_email_composer" name="test_normalize_adds_max_width_and_height_auto" time="0.000" /><testcase classname="backend.tests.test_iteration64_email_composer" name="test_normalize_preserves_existing_inline_width" time="0.000" /><testcase classname="backend.tests.test_iteration64_email_composer" name="test_normalize_idempotent" time="0.000" /><testcase classname="backend.tests.test_iteration64_email_composer" name="test_normalize_rewrites_relative_api_urls_to_absolute" time="0.000" /><testcase classname="backend.tests.test_iteration64_email_composer" name="test_normalize_leaves_absolute_urls_alone" time="0.000" /><testcase classname="backend.tests.test_iteration64_email_composer" name="test_normalize_handles_no_img_tags" time="0.000" /><testcase classname="backend.tests.test_iteration64_email_composer" name="test_email_preview_normalizes_images" time="0.048" /><testcase classname="backend.tests.test_iteration64_email_extra" name="test_list_email_blasts_returns_200" time="0.383" /><testcase classname="backend.tests.test_iteration64_email_extra" name="test_admin_can_edit_builtin_template" time="0.187" /><testcase classname="backend.tests.test_iteration64_email_extra" name="test_admin_can_delete_builtin_template_and_reseeds" time="0.180" /><testcase classname="backend.tests.test_iteration64_email_extra" name="test_admin_upload_image" time="0.317" /><testcase classname="backend.tests.test_iteration64_email_extra" name="test_test_only_blast_succeeds_with_relative_image" time="0.317" /><testcase classname="backend.tests.test_iteration64_email_extra" name="test_email_preview_strips_tailwind" time="0.045" /></testsuite></testsuites>