<?xml version="1.0" encoding="utf-8"?><testsuites name="pytest tests"><testsuite name="pytest" errors="0" failures="0" skipped="0" tests="17" time="3.360" timestamp="2026-06-04T01:11:51.337248+00:00" hostname="agent-env-48e075a3-b613-4a2a-9831-af7eec40a4ce"><testcase classname="backend.tests.test_iteration27_features.TestEventCancellation" name="test_create_event_default_not_cancelled" time="0.497" /><testcase classname="backend.tests.test_iteration27_features.TestEventCancellation" name="test_admin_cancels_event" time="0.520" /><testcase classname="backend.tests.test_iteration27_features.TestEventCancellation" name="test_member_rsvp_blocked_on_cancelled" time="0.058" /><testcase classname="backend.tests.test_iteration27_features.TestEventCancellation" name="test_guest_edit_blocked_on_cancelled" time="0.076" /><testcase classname="backend.tests.test_iteration27_features.TestEventCancellation" name="test_uncancel_clears_cancelled_at_and_allows_rsvp" time="0.116" /><testcase classname="backend.tests.test_iteration27_features.TestEventCancellation" name="test_cleanup_event" time="0.051" /><testcase classname="backend.tests.test_iteration27_features.TestBulkImport" name="test_template_csv" time="0.052" /><testcase classname="backend.tests.test_iteration27_features.TestBulkImport" name="test_dry_run_does_not_create" time="0.160" /><testcase classname="backend.tests.test_iteration27_features.TestBulkImport" name="test_actual_import_persists_and_sets_expires" time="0.548" /><testcase classname="backend.tests.test_iteration27_features.TestBulkImport" name="test_reject_non_csv" time="0.055" /><testcase classname="backend.tests.test_iteration27_features.TestBulkImport" name="test_cleanup_created_users" time="0.110" /><testcase classname="backend.tests.test_iteration27_features.TestTitleField" name="test_member_self_update_title" time="0.262" /><testcase classname="backend.tests.test_iteration27_features.TestTitleField" name="test_admin_create_and_update_member_title" time="0.556" /><testcase classname="backend.tests.test_iteration27_features.TestSmoke" name="test_login_admin" time="0.051" /><testcase classname="backend.tests.test_iteration27_features.TestSmoke" name="test_chapters_list" time="0.051" /><testcase classname="backend.tests.test_iteration27_features.TestSmoke" name="test_events_list" time="0.049" /><testcase classname="backend.tests.test_iteration27_features.TestSmoke" name="test_members_list" time="0.052" /></testsuite></testsuites>