<?xml version="1.0" encoding="utf-8"?><testsuites name="pytest tests"><testsuite name="pytest" errors="0" failures="0" skipped="0" tests="15" time="1.862" timestamp="2026-06-18T03:05:26.943253+00:00" hostname="agent-env-48e075a3-b613-4a2a-9831-af7eec40a4ce"><testcase classname="backend.tests.test_iteration42_bulk_hours_csv" name="test_bulk_log_three_members" time="0.642" /><testcase classname="backend.tests.test_iteration42_bulk_hours_csv" name="test_bulk_validation_empty_ids" time="0.042" /><testcase classname="backend.tests.test_iteration42_bulk_hours_csv" name="test_bulk_validation_zero_hours" time="0.051" /><testcase classname="backend.tests.test_iteration42_bulk_hours_csv" name="test_bulk_validation_missing_date" time="0.046" /><testcase classname="backend.tests.test_iteration42_bulk_hours_csv" name="test_bulk_dedupes_repeated_ids" time="0.102" /><testcase classname="backend.tests.test_iteration42_bulk_hours_csv" name="test_bulk_partial_failure" time="0.047" /><testcase classname="backend.tests.test_iteration42_bulk_hours_csv" name="test_csv_template" time="0.043" /><testcase classname="backend.tests.test_iteration42_bulk_hours_csv" name="test_csv_import_valid" time="0.070" /><testcase classname="backend.tests.test_iteration42_bulk_hours_csv" name="test_csv_import_mixed_errors" time="0.046" /><testcase classname="backend.tests.test_iteration42_bulk_hours_csv" name="test_csv_rejects_non_csv_filename" time="0.049" /><testcase classname="backend.tests.test_iteration42_bulk_hours_csv" name="test_csv_missing_required_column" time="0.050" /><testcase classname="backend.tests.test_iteration42_bulk_hours_csv" name="test_csv_empty_data_section" time="0.046" /><testcase classname="backend.tests.test_iteration42_bulk_hours_csv" name="test_member_cannot_bulk" time="0.445" /><testcase classname="backend.tests.test_iteration42_bulk_hours_csv" name="test_member_cannot_csv" time="0.044" /><testcase classname="backend.tests.test_iteration42_bulk_hours_csv" name="test_member_cannot_template" time="0.051" /></testsuite></testsuites>