<?xml version="1.0" encoding="utf-8"?><testsuites name="pytest tests"><testsuite name="pytest" errors="0" failures="0" skipped="0" tests="12" time="4.321" timestamp="2026-06-19T02:01:09.440169+00:00" hostname="agent-env-48e075a3-b613-4a2a-9831-af7eec40a4ce"><testcase classname="backend.tests.test_iteration50_admin_rsvp.TestAuthz" name="test_non_admin_member_gets_403" time="1.062" /><testcase classname="backend.tests.test_iteration50_admin_rsvp.TestAuthz" name="test_anon_gets_401" time="0.271" /><testcase classname="backend.tests.test_iteration50_admin_rsvp.TestValidation" name="test_missing_user_id_returns_400" time="0.252" /><testcase classname="backend.tests.test_iteration50_admin_rsvp.TestValidation" name="test_nonexistent_user_id_returns_404" time="0.235" /><testcase classname="backend.tests.test_iteration50_admin_rsvp.TestValidation" name="test_nonexistent_event_returns_404" time="0.065" /><testcase classname="backend.tests.test_iteration50_admin_rsvp.TestValidation" name="test_cancelled_event_returns_400" time="0.226" /><testcase classname="backend.tests.test_iteration50_admin_rsvp.TestValidation" name="test_umbrella_parent_event_returns_400" time="0.162" /><testcase classname="backend.tests.test_iteration50_admin_rsvp.TestAdminRsvpNoEmail" name="test_create_no_email_with_2_guests" time="0.351" /><testcase classname="backend.tests.test_iteration50_admin_rsvp.TestAdminRsvpWithEmail" name="test_create_with_email_stamps_attribution" time="0.757" /><testcase classname="backend.tests.test_iteration50_admin_rsvp.TestAdminRsvpDuplicate" name="test_duplicate_returns_409" time="0.407" /><testcase classname="backend.tests.test_iteration50_admin_rsvp.TestAdminRsvpCapacity" name="test_over_capacity_no_email_returns_400" time="0.168" /><testcase classname="backend.tests.test_iteration50_admin_rsvp.TestMemberCombinedRsvp" name="test_member_rsvp_with_guests_in_single_call" time="0.292" /></testsuite></testsuites>