<?xml version="1.0" encoding="utf-8"?><testsuites name="pytest tests"><testsuite name="pytest" errors="0" failures="0" skipped="0" tests="14" time="7.591" timestamp="2026-05-29T00:15:10.589151+00:00" hostname="agent-env-48e075a3-b613-4a2a-9831-af7eec40a4ce"><testcase classname="backend.tests.test_omega_tributes.TestOmegaOptions" name="test_options_templates_and_backgrounds" time="0.465" /><testcase classname="backend.tests.test_omega_tributes.TestOmegaOptions" name="test_options_requires_auth" time="0.142" /><testcase classname="backend.tests.test_omega_tributes.TestOmegaValidation" name="test_reject_old_templates[classic]" time="0.505" /><testcase classname="backend.tests.test_omega_tributes.TestOmegaValidation" name="test_reject_old_templates[portrait]" time="0.459" /><testcase classname="backend.tests.test_omega_tributes.TestOmegaValidation" name="test_reject_old_templates[modern]" time="0.474" /><testcase classname="backend.tests.test_omega_tributes.TestOmegaValidation" name="test_reject_old_backgrounds[navy-radial]" time="0.480" /><testcase classname="backend.tests.test_omega_tributes.TestOmegaValidation" name="test_reject_old_backgrounds[midnight]" time="0.467" /><testcase classname="backend.tests.test_omega_tributes.TestOmegaValidation" name="test_reject_old_backgrounds[ivory-soft]" time="0.430" /><testcase classname="backend.tests.test_omega_tributes.TestOmegaValidation" name="test_reject_old_backgrounds[patriot-stripe]" time="0.446" /><testcase classname="backend.tests.test_omega_tributes.TestOmegaValidation" name="test_reject_old_backgrounds[parchment]" time="0.442" /><testcase classname="backend.tests.test_omega_tributes.TestTributeLifecycle" name="test_create_update_delete" time="1.017" /><testcase classname="backend.tests.test_omega_tributes.TestTributeAccessControl" name="test_member_cannot_create" time="0.833" /><testcase classname="backend.tests.test_omega_tributes.TestTributeAccessControl" name="test_governor_manager_cannot_create" time="0.822" /><testcase classname="backend.tests.test_omega_tributes.TestTributeAccessControl" name="test_unauth_cannot_create" time="0.514" /></testsuite></testsuites>