<?xml version="1.0" encoding="utf-8"?><testsuites name="pytest tests"><testsuite name="pytest" errors="0" failures="0" skipped="0" tests="18" time="3.580" timestamp="2026-05-28T05:58:40.467423+00:00" hostname="agent-env-48e075a3-b613-4a2a-9831-af7eec40a4ce"><testcase classname="backend.tests.test_phase_g.TestAvatarUpload" name="test_upload_png_avatar_returns_url_and_size" time="0.731" /><testcase classname="backend.tests.test_phase_g.TestAvatarUpload" name="test_upload_rejects_non_image_ext" time="0.047" /><testcase classname="backend.tests.test_phase_g.TestAvatarUpload" name="test_upload_413_when_over_10mb" time="0.435" /><testcase classname="backend.tests.test_phase_g.TestProfileExtendedFields" name="test_update_state_zip_country_persists" time="0.095" /><testcase classname="backend.tests.test_phase_g.TestAdminUpdateJoinDate" name="test_admin_can_set_join_date_and_expires_recomputes" time="0.798" /><testcase classname="backend.tests.test_phase_g.TestAnniversarySeed" name="test_parent_has_id_and_not_ticketed" time="0.046" /><testcase classname="backend.tests.test_phase_g.TestAnniversarySeed" name="test_five_sub_events_exist" time="0.046" /><testcase classname="backend.tests.test_phase_g.TestAnniversarySeed" name="test_ticket_type_flags_correct" time="0.052" /><testcase classname="backend.tests.test_phase_g.TestAnniversarySeed" name="test_sub_event_parent_id_matches" time="0.048" /><testcase classname="backend.tests.test_phase_g.TestEventRsvpWithGuests" name="test_rsvp_with_guests_increments_guest_count" time="0.319" /><testcase classname="backend.tests.test_phase_g.TestEventRsvpWithGuests" name="test_update_guests_list" time="0.096" /><testcase classname="backend.tests.test_phase_g.TestEventRsvpWithGuests" name="test_cancel_rsvp_decrements" time="0.137" /><testcase classname="backend.tests.test_phase_g.TestEventRsvpWithGuests" name="test_update_guests_404_when_not_rsvped" time="0.048" /><testcase classname="backend.tests.test_phase_g.TestCheckInTicketTypes" name="test_admin_check_in_accepts_all_access" time="0.279" /><testcase classname="backend.tests.test_phase_g.TestCheckInTicketTypes" name="test_check_in_rejects_unknown_ticket_type" time="0.044" /><testcase classname="backend.tests.test_phase_g.TestChatDigestNotifications" name="test_send_message_creates_pending_notification" time="0.157" /><testcase classname="backend.tests.test_phase_g.TestChatDigestNotifications" name="test_read_endpoint_returns_ok_even_with_no_pending" time="0.048" /><testcase classname="backend.tests.test_phase_g.TestEmailBlastIndividual" name="test_preview_returns_recipient_count_1_for_single_member" time="0.051" /></testsuite></testsuites>