<?xml version="1.0" encoding="utf-8"?><testsuites name="pytest tests"><testsuite name="pytest" errors="0" failures="0" skipped="0" tests="34" time="4.474" timestamp="2026-06-03T17:57:39.804235+00:00" hostname="agent-env-48e075a3-b613-4a2a-9831-af7eec40a4ce"><testcase classname="backend.tests.test_phase_v.TestSmoke" name="test_auth_login_admin" time="0.398" /><testcase classname="backend.tests.test_phase_v.TestSmoke" name="test_auth_me" time="0.427" /><testcase classname="backend.tests.test_phase_v.TestSmoke" name="test_events_list" time="0.060" /><testcase classname="backend.tests.test_phase_v.TestSmoke" name="test_members_list" time="0.061" /><testcase classname="backend.tests.test_phase_v.TestSmoke" name="test_pages_list" time="0.172" /><testcase classname="backend.tests.test_phase_v.TestSmoke" name="test_site_settings_get" time="0.057" /><testcase classname="backend.tests.test_phase_v.TestSmoke" name="test_automated_emails" time="0.062" /><testcase classname="backend.tests.test_phase_v.TestLeadershipCMS" name="test_default_seeded_two_items" time="0.052" /><testcase classname="backend.tests.test_phase_v.TestLeadershipCMS" name="test_member_cannot_update_settings" time="0.398" /><testcase classname="backend.tests.test_phase_v.TestLeadershipCMS" name="test_admin_add_edit_reorder_remove_then_restore" time="0.665" /><testcase classname="backend.tests.test_phase_v.TestLeadershipCMS" name="test_admin_update_eyebrow_and_title" time="0.232" /><testcase classname="backend.tests.test_phase_v.TestLeadershipUpload" name="test_admin_upload_succeeds" time="0.209" /><testcase classname="backend.tests.test_phase_v.TestLeadershipUpload" name="test_member_upload_forbidden" time="0.060" /><testcase classname="backend.tests.test_phase_v.TestLeadershipUpload" name="test_anon_upload_unauthorized" time="0.057" /><testcase classname="backend.tests.test_phase_v.TestNewsRoute" name="test_list_public" time="0.054" /><testcase classname="backend.tests.test_phase_v.TestNewsRoute" name="test_member_create_forbidden" time="0.058" /><testcase classname="backend.tests.test_phase_v.TestNewsRoute" name="test_anon_create_unauthorized" time="0.074" /><testcase classname="backend.tests.test_phase_v.TestNewsRoute" name="test_admin_create_and_get" time="0.130" /><testcase classname="backend.tests.test_phase_v.TestNewsRoute" name="test_admin_update" time="0.061" /><testcase classname="backend.tests.test_phase_v.TestNewsRoute" name="test_get_unknown_404" time="0.053" /><testcase classname="backend.tests.test_phase_v.TestNewsRoute" name="test_admin_delete_and_verify" time="0.116" /><testcase classname="backend.tests.test_phase_v.TestChaptersRoute" name="test_list_returns_name_and_member_count" time="0.059" /><testcase classname="backend.tests.test_phase_v.TestChaptersRoute" name="test_member_create_forbidden" time="0.071" /><testcase classname="backend.tests.test_phase_v.TestChaptersRoute" name="test_admin_create" time="0.078" /><testcase classname="backend.tests.test_phase_v.TestChaptersRoute" name="test_duplicate_name_returns_400" time="0.075" /><testcase classname="backend.tests.test_phase_v.TestChaptersRoute" name="test_admin_update" time="0.067" /><testcase classname="backend.tests.test_phase_v.TestChaptersRoute" name="test_member_delete_forbidden" time="0.062" /><testcase classname="backend.tests.test_phase_v.TestChaptersRoute" name="test_admin_delete" time="0.058" /><testcase classname="backend.tests.test_phase_v.TestTiersRoute" name="test_list_returns_name_order_member_count" time="0.062" /><testcase classname="backend.tests.test_phase_v.TestTiersRoute" name="test_member_create_forbidden" time="0.100" /><testcase classname="backend.tests.test_phase_v.TestTiersRoute" name="test_admin_create" time="0.059" /><testcase classname="backend.tests.test_phase_v.TestTiersRoute" name="test_admin_update" time="0.063" /><testcase classname="backend.tests.test_phase_v.TestTiersRoute" name="test_member_delete_forbidden" time="0.088" /><testcase classname="backend.tests.test_phase_v.TestTiersRoute" name="test_admin_delete" time="0.062" /></testsuite></testsuites>