<?xml version="1.0" encoding="utf-8"?><testsuites name="pytest tests"><testsuite name="pytest" errors="0" failures="1" skipped="8" tests="24" time="3.377" timestamp="2026-05-28T02:44:38.849879+00:00" hostname="agent-env-48e075a3-b613-4a2a-9831-af7eec40a4ce"><testcase classname="backend.tests.test_phase_f.TestAdminPermissions" name="test_full_admin_perms" time="0.492" /><testcase classname="backend.tests.test_phase_f.TestAdminPermissions" name="test_governor_perms" time="0.391" /><testcase classname="backend.tests.test_phase_f.TestAdminPermissions" name="test_member_cannot_access_permissions" time="0.408" /><testcase classname="backend.tests.test_phase_f.TestAdminStatsScoping" name="test_full_admin_stats_unscoped" time="0.070" /><testcase classname="backend.tests.test_phase_f.TestAdminStatsScoping" name="test_gov_stats_scoped_to_chapter" time="0.196" /><testcase classname="backend.tests.test_phase_f.TestHoursScoping" name="test_full_admin_sees_all_hours" time="0.069" /><testcase classname="backend.tests.test_phase_f.TestHoursScoping" name="test_gov_hours_subset_of_admin" time="0.124" /><testcase classname="backend.tests.test_phase_f.TestReportsScoping" name="test_full_admin_report_members" time="0.062" /><testcase classname="backend.tests.test_phase_f.TestReportsScoping" name="test_gov_report_members_scoped" time="0.126" /><testcase classname="backend.tests.test_phase_f.TestReportsScoping" name="test_gov_report_hours_scoped" time="0.109" /><testcase classname="backend.tests.test_phase_f.TestReportsScoping" name="test_gov_report_donations_scoped" time="0.115" /><testcase classname="backend.tests.test_phase_f.TestTransactionsScoping" name="test_full_admin_transactions" time="0.062" /><testcase classname="backend.tests.test_phase_f.TestTransactionsScoping" name="test_gov_transactions_subset" time="0.109" /><testcase classname="backend.tests.test_phase_f.TestGovernorRestrictedTabs" name="test_gov_blocked_on_tab[/api/admin/members]" time="0.169"><skipped type="pytest.skip" message="endpoint /api/admin/members not GET-accessible (status=405)">/app/backend/tests/test_phase_f.py:176: endpoint /api/admin/members not GET-accessible (status=405)</skipped></testcase><testcase classname="backend.tests.test_phase_f.TestGovernorRestrictedTabs" name="test_gov_blocked_on_tab[/api/admin/chapters]" time="0.051"><skipped type="pytest.skip" message="endpoint /api/admin/chapters not GET-accessible (status=404)">/app/backend/tests/test_phase_f.py:176: endpoint /api/admin/chapters not GET-accessible (status=404)</skipped></testcase><testcase classname="backend.tests.test_phase_f.TestGovernorRestrictedTabs" name="test_gov_blocked_on_tab[/api/admin/tiers]" time="0.049"><skipped type="pytest.skip" message="endpoint /api/admin/tiers not GET-accessible (status=404)">/app/backend/tests/test_phase_f.py:176: endpoint /api/admin/tiers not GET-accessible (status=404)</skipped></testcase><testcase classname="backend.tests.test_phase_f.TestGovernorRestrictedTabs" name="test_gov_blocked_on_tab[/api/admin/events]" time="0.051"><skipped type="pytest.skip" message="endpoint /api/admin/events not GET-accessible (status=404)">/app/backend/tests/test_phase_f.py:176: endpoint /api/admin/events not GET-accessible (status=404)</skipped></testcase><testcase classname="backend.tests.test_phase_f.TestGovernorRestrictedTabs" name="test_gov_blocked_on_tab[/api/admin/awards]" time="0.052"><skipped type="pytest.skip" message="endpoint /api/admin/awards not GET-accessible (status=404)">/app/backend/tests/test_phase_f.py:176: endpoint /api/admin/awards not GET-accessible (status=404)</skipped></testcase><testcase classname="backend.tests.test_phase_f.TestGovernorRestrictedTabs" name="test_gov_blocked_on_tab[/api/admin/gear]" time="0.055"><skipped type="pytest.skip" message="endpoint /api/admin/gear not GET-accessible (status=404)">/app/backend/tests/test_phase_f.py:176: endpoint /api/admin/gear not GET-accessible (status=404)</skipped></testcase><testcase classname="backend.tests.test_phase_f.TestGovernorRestrictedTabs" name="test_gov_blocked_on_tab[/api/email/templates]" time="0.061"><failure message="AssertionError: NOTE: Governor can READ /api/email/templates via API (status=200); UI hides the tab but backend does not enforce admin-role tab gating on this endpoint.&#10;assert 200 != 200&#10; +  where 200 = &lt;Response [200]&gt;.status_code">backend/tests/test_phase_f.py:180: in test_gov_blocked_on_tab
    assert r.status_code != 200, (
E   AssertionError: NOTE: Governor can READ /api/email/templates via API (status=200); UI hides the tab but backend does not enforce admin-role tab gating on this endpoint.
E   assert 200 != 200
E    +  where 200 = &lt;Response [200]&gt;.status_code</failure></testcase><testcase classname="backend.tests.test_phase_f.TestGovernorRestrictedTabs" name="test_gov_blocked_on_tab[/api/admin/news]" time="0.080"><skipped type="pytest.skip" message="endpoint /api/admin/news not GET-accessible (status=404)">/app/backend/tests/test_phase_f.py:176: endpoint /api/admin/news not GET-accessible (status=404)</skipped></testcase><testcase classname="backend.tests.test_phase_f.TestGovernorRestrictedTabs" name="test_gov_blocked_on_tab[/api/admin/pages]" time="0.100"><skipped type="pytest.skip" message="endpoint /api/admin/pages not GET-accessible (status=404)">/app/backend/tests/test_phase_f.py:176: endpoint /api/admin/pages not GET-accessible (status=404)</skipped></testcase><testcase classname="backend.tests.test_phase_f.TestGovernorIdentity" name="test_governor_login_me" time="0.053" /><testcase classname="backend.tests.test_phase_f.TestCauseDonationsScoping" name="test_cause_donations_scoping" time="0.201" /></testsuite></testsuites>