<?xml version="1.0" encoding="utf-8"?><testsuites name="pytest tests"><testsuite name="pytest" errors="0" failures="0" skipped="0" tests="19" time="3.855" timestamp="2026-05-29T03:03:30.098067+00:00" hostname="agent-env-48e075a3-b613-4a2a-9831-af7eec40a4ce"><testcase classname="backend.tests.test_phase_i.TestTiers" name="test_life_member_candidate_present" time="0.303" /><testcase classname="backend.tests.test_phase_i.TestTiers" name="test_silver_gold_orders_shifted" time="0.063" /><testcase classname="backend.tests.test_phase_i.TestOmegaHero" name="test_get_hero_anon" time="0.051" /><testcase classname="backend.tests.test_phase_i.TestOmegaHero" name="test_member_cannot_put" time="0.494" /><testcase classname="backend.tests.test_phase_i.TestOmegaHero" name="test_mm_cannot_put" time="0.822" /><testcase classname="backend.tests.test_phase_i.TestOmegaHero" name="test_admin_put_and_get" time="0.484" /><testcase classname="backend.tests.test_phase_i.TestFormLinks" name="test_list_anon" time="0.046" /><testcase classname="backend.tests.test_phase_i.TestFormLinks" name="test_member_cannot_create" time="0.052" /><testcase classname="backend.tests.test_phase_i.TestFormLinks" name="test_admin_create" time="0.055" /><testcase classname="backend.tests.test_phase_i.TestFormLinks" name="test_admin_create_blank_title_400" time="0.052" /><testcase classname="backend.tests.test_phase_i.TestFormLinks" name="test_admin_create_blank_url_400" time="0.052" /><testcase classname="backend.tests.test_phase_i.TestFormLinks" name="test_admin_update" time="0.099" /><testcase classname="backend.tests.test_phase_i.TestFormLinks" name="test_admin_update_blank_400" time="0.123" /><testcase classname="backend.tests.test_phase_i.TestFormLinks" name="test_upload_non_image_400" time="0.049" /><testcase classname="backend.tests.test_phase_i.TestFormLinks" name="test_upload_image_member_403" time="0.052" /><testcase classname="backend.tests.test_phase_i.TestFormLinks" name="test_member_cannot_delete" time="0.056" /><testcase classname="backend.tests.test_phase_i.TestFormLinks" name="test_admin_delete" time="0.108" /><testcase classname="backend.tests.test_phase_i.TestApprovalWelcomeEmail" name="test_approve_returns_welcome_email_fields" time="0.790" /><testcase classname="backend.tests.test_phase_i.TestApprovalWelcomeEmail" name="test_approval_email_subject_and_body" time="0.005" /></testsuite></testsuites>