<?xml version="1.0" encoding="utf-8"?><testsuites name="pytest tests"><testsuite name="pytest" errors="0" failures="0" skipped="0" tests="9" time="4.088" timestamp="2026-05-27T05:13:58.633818+00:00" hostname="agent-env-48e075a3-b613-4a2a-9831-af7eec40a4ce"><testcase classname="backend.tests.test_phase_a" name="test_chapter_create_with_region_state" time="0.784" /><testcase classname="backend.tests.test_phase_a" name="test_chapters_list_has_region_state_fields" time="0.133" /><testcase classname="backend.tests.test_phase_a" name="test_hours_log_with_new_fields" time="0.568" /><testcase classname="backend.tests.test_phase_a" name="test_admin_create_member_with_new_fields" time="0.426" /><testcase classname="backend.tests.test_phase_a" name="test_set_member_status_endpoint_deceased_then_active" time="0.431" /><testcase classname="backend.tests.test_phase_a" name="test_award_grant_custom_granted_at" time="0.304" /><testcase classname="backend.tests.test_phase_a" name="test_new_members_returns_recent_first" time="0.807" /><testcase classname="backend.tests.test_phase_a" name="test_upcoming_birthdays" time="0.437" /><testcase classname="backend.tests.test_phase_a" name="test_update_me_address_birthdate" time="0.134" /></testsuite></testsuites>