<?xml version="1.0" encoding="utf-8"?><testsuites name="pytest tests"><testsuite name="pytest" errors="0" failures="2" skipped="0" tests="32" time="6.644" timestamp="2026-05-27T06:19:29.654296+00:00" hostname="agent-env-48e075a3-b613-4a2a-9831-af7eec40a4ce"><testcase classname="backend.tests.test_phase_bc" name="test_omega_returns_list" time="0.597" /><testcase classname="backend.tests.test_phase_bc" name="test_gear_seeded_list" time="0.131" /><testcase classname="backend.tests.test_phase_bc" name="test_gear_admin_crud" time="0.359" /><testcase classname="backend.tests.test_phase_bc" name="test_gear_create_forbidden_for_member" time="0.375" /><testcase classname="backend.tests.test_phase_bc" name="test_causes_seeded" time="0.114" /><testcase classname="backend.tests.test_phase_bc" name="test_cause_admin_crud_and_pledge" time="0.298" /><testcase classname="backend.tests.test_phase_bc" name="test_pledge_anonymous_uses_anonymous_name" time="0.202" /><testcase classname="backend.tests.test_phase_bc" name="test_events_calendar_current_month" time="0.105"><failure message="assert 404 == 200&#10; +  where 404 = &lt;Response [404]&gt;.status_code">backend/tests/test_phase_bc.py:148: in test_events_calendar_current_month
    assert r.status_code == 200
E   assert 404 == 200
E    +  where 404 = &lt;Response [404]&gt;.status_code</failure></testcase><testcase classname="backend.tests.test_phase_bc" name="test_events_calendar_bad_month" time="0.118"><failure message="assert 404 == 400&#10; +  where 404 = &lt;Response [404]&gt;.status_code">backend/tests/test_phase_bc.py:159: in test_events_calendar_bad_month
    assert r.status_code == 400
E   assert 404 == 400
E    +  where 404 = &lt;Response [404]&gt;.status_code</failure></testcase><testcase classname="backend.tests.test_phase_bc" name="test_checkin_member_then_duplicate_then_guest" time="0.338" /><testcase classname="backend.tests.test_phase_bc" name="test_checkin_requires_user_or_guest" time="0.047" /><testcase classname="backend.tests.test_phase_bc" name="test_checkin_member_forbidden" time="0.049" /><testcase classname="backend.tests.test_phase_bc" name="test_report_members_admin" time="0.052" /><testcase classname="backend.tests.test_phase_bc" name="test_report_members_filter_role" time="0.052" /><testcase classname="backend.tests.test_phase_bc" name="test_report_hours_admin" time="0.049" /><testcase classname="backend.tests.test_phase_bc" name="test_report_donations_admin" time="0.048" /><testcase classname="backend.tests.test_phase_bc" name="test_personnel_brief" time="0.053" /><testcase classname="backend.tests.test_phase_bc" name="test_personnel_brief_404" time="0.046" /><testcase classname="backend.tests.test_phase_bc" name="test_reports_admin_only" time="0.190" /><testcase classname="backend.tests.test_phase_bc" name="test_paypal_client_id_public" time="0.127" /><testcase classname="backend.tests.test_phase_bc" name="test_paypal_create_order_donation_persists_pending_tx" time="1.019" /><testcase classname="backend.tests.test_phase_bc" name="test_paypal_capture_unknown_order_id" time="0.416" /><testcase classname="backend.tests.test_phase_bc" name="test_paypal_create_order_requires_auth" time="0.145" /><testcase classname="backend.tests.test_phase_bc" name="test_email_template_crud" time="0.199" /><testcase classname="backend.tests.test_phase_bc" name="test_email_templates_member_forbidden" time="0.047" /><testcase classname="backend.tests.test_phase_bc" name="test_email_preview" time="0.048" /><testcase classname="backend.tests.test_phase_bc" name="test_email_blast_test_only" time="0.263" /><testcase classname="backend.tests.test_phase_bc" name="test_email_blasts_history" time="0.047" /><testcase classname="backend.tests.test_phase_bc" name="test_email_webhook_increments_counter" time="0.493" /><testcase classname="backend.tests.test_phase_bc" name="test_email_webhook_unknown_blast_ok" time="0.104" /><testcase classname="backend.tests.test_phase_bc" name="test_email_blast_member_forbidden" time="0.053" /><testcase classname="backend.tests.test_phase_bc" name="test_phase_a_endpoints_alive" time="0.303" /></testsuite></testsuites>