<?xml version="1.0" encoding="utf-8"?><testsuites name="pytest tests"><testsuite name="pytest" errors="0" failures="1" skipped="0" tests="24" time="3.808" timestamp="2026-06-03T17:39:33.955516+00:00" hostname="agent-env-48e075a3-b613-4a2a-9831-af7eec40a4ce"><testcase classname="backend.tests.test_phase_t.TestAuthRegression" name="test_login_admin" time="0.504" /><testcase classname="backend.tests.test_phase_t.TestAuthRegression" name="test_auth_me_admin" time="0.407" /><testcase classname="backend.tests.test_phase_t.TestAuthRegression" name="test_auth_me_unauth_returns_401" time="0.136" /><testcase classname="backend.tests.test_phase_t.TestSiteSettings" name="test_get_public_no_auth" time="0.120" /><testcase classname="backend.tests.test_phase_t.TestSiteSettings" name="test_home_sections_has_8_keys" time="0.139"><failure message="AssertionError: home_sections missing keys: {'secondary_banner'}. Got: ['founders', 'hero_text', 'countdown', 'pillars', 'family_pulse', 'upcoming_events', 'news', 'leadership_team']&#10;assert not {'secondary_banner'}">backend/tests/test_phase_t.py:80: in test_home_sections_has_8_keys
    assert not missing, f"home_sections missing keys: {missing}. Got: {list(sec.keys())}"
E   AssertionError: home_sections missing keys: {'secondary_banner'}. Got: ['founders', 'hero_text', 'countdown', 'pillars', 'family_pulse', 'upcoming_events', 'news', 'leadership_team']
E   assert not {'secondary_banner'}</failure></testcase><testcase classname="backend.tests.test_phase_t.TestSiteSettings" name="test_member_cannot_put_site_settings" time="0.390" /><testcase classname="backend.tests.test_phase_t.TestSiteSettings" name="test_admin_save_home_section_toggle_and_blocks" time="0.321" /><testcase classname="backend.tests.test_phase_t.TestSiteSettings" name="test_home_blocks_invalid_type_rejected" time="0.058" /><testcase classname="backend.tests.test_phase_t.TestSiteSettings" name="test_zz_restore_site_settings" time="0.069" /><testcase classname="backend.tests.test_phase_t.TestCmsPages" name="test_list_pages_public" time="0.181" /><testcase classname="backend.tests.test_phase_t.TestCmsPages" name="test_member_cannot_create_page" time="0.056" /><testcase classname="backend.tests.test_phase_t.TestCmsPages" name="test_create_page_with_blocks" time="0.074" /><testcase classname="backend.tests.test_phase_t.TestCmsPages" name="test_get_page_returns_blocks" time="0.117" /><testcase classname="backend.tests.test_phase_t.TestCmsPages" name="test_create_page_invalid_block_type_400" time="0.057" /><testcase classname="backend.tests.test_phase_t.TestCmsPages" name="test_update_page_invalid_block_type_400" time="0.066" /><testcase classname="backend.tests.test_phase_t.TestCmsPages" name="test_update_page_valid_blocks" time="0.187" /><testcase classname="backend.tests.test_phase_t.TestCmsPages" name="test_all_10_block_types_accepted" time="0.132" /><testcase classname="backend.tests.test_phase_t.TestCmsPages" name="test_legacy_page_about_still_works" time="0.124" /><testcase classname="backend.tests.test_phase_t.TestCmsPages" name="test_zz_delete_test_page" time="0.183" /><testcase classname="backend.tests.test_phase_t.TestRouteRegression" name="test_events_list" time="0.125" /><testcase classname="backend.tests.test_phase_t.TestRouteRegression" name="test_members_admin_list" time="0.059" /><testcase classname="backend.tests.test_phase_t.TestRouteRegression" name="test_chapters_list" time="0.064" /><testcase classname="backend.tests.test_phase_t.TestRouteRegression" name="test_tiers_list" time="0.074" /><testcase classname="backend.tests.test_phase_t.TestRouteRegression" name="test_automated_emails_list" time="0.059" /></testsuite></testsuites>