<?xml version="1.0" encoding="utf-8"?><testsuites name="pytest tests"><testsuite name="pytest" errors="0" failures="0" skipped="0" tests="12" time="2.262" timestamp="2026-05-28T01:32:45.696215+00:00" hostname="agent-env-48e075a3-b613-4a2a-9831-af7eec40a4ce"><testcase classname="backend.tests.test_phase_e.TestChapters" name="test_canonical_chapters_present" time="0.561" /><testcase classname="backend.tests.test_phase_e.TestChapters" name="test_canonical_have_region_state" time="0.053" /><testcase classname="backend.tests.test_phase_e.TestEmailSignatures" name="test_member_forbidden_list" time="0.491" /><testcase classname="backend.tests.test_phase_e.TestEmailSignatures" name="test_member_forbidden_create" time="0.065" /><testcase classname="backend.tests.test_phase_e.TestEmailSignatures" name="test_create_personal_signature" time="0.052" /><testcase classname="backend.tests.test_phase_e.TestEmailSignatures" name="test_create_org_signature" time="0.050" /><testcase classname="backend.tests.test_phase_e.TestEmailSignatures" name="test_list_returns_own_personal_and_org" time="0.050" /><testcase classname="backend.tests.test_phase_e.TestEmailSignatures" name="test_update_signature_persists" time="0.102" /><testcase classname="backend.tests.test_phase_e.TestEmailSignatures" name="test_delete_signature" time="0.149" /><testcase classname="backend.tests.test_phase_e.TestEmailImageUpload" name="test_member_forbidden" time="0.111" /><testcase classname="backend.tests.test_phase_e.TestEmailImageUpload" name="test_upload_png_ok_and_download" time="0.461" /><testcase classname="backend.tests.test_phase_e.TestEmailImageUpload" name="test_reject_non_image" time="0.050" /></testsuite></testsuites>