<?xml version="1.0" encoding="utf-8"?><testsuites name="pytest tests"><testsuite name="pytest" errors="0" failures="1" skipped="0" tests="22" time="8.581" timestamp="2026-06-01T20:47:35.921688+00:00" hostname="agent-env-48e075a3-b613-4a2a-9831-af7eec40a4ce"><testcase classname="backend.tests.test_phase_k.TestMobileAuth" name="test_login_returns_tokens_in_body" time="0.526" /><testcase classname="backend.tests.test_phase_k.TestMobileAuth" name="test_register_returns_tokens_in_body" time="0.367" /><testcase classname="backend.tests.test_phase_k.TestMobileAuth" name="test_me_with_bearer_only_no_cookie" time="0.454" /><testcase classname="backend.tests.test_phase_k.TestMobileAuth" name="test_put_members_me_with_bearer_only_no_cookie" time="0.463" /><testcase classname="backend.tests.test_phase_k.TestMobileAuth" name="test_refresh_via_body" time="0.106" /><testcase classname="backend.tests.test_phase_k.TestMobileAuth" name="test_refresh_via_bearer_header" time="0.483" /><testcase classname="backend.tests.test_phase_k.TestMobileAuth" name="test_refresh_via_cookie" time="0.387" /><testcase classname="backend.tests.test_phase_k.TestMobileAuth" name="test_refresh_missing_returns_401" time="0.168" /><testcase classname="backend.tests.test_phase_k.TestMembershipExpiryEdit" name="test_full_admin_can_set_custom_expiry" time="0.596" /><testcase classname="backend.tests.test_phase_k.TestMembershipExpiryEdit" name="test_full_admin_join_date_change_does_not_clobber_explicit_expiry" time="0.537" /><testcase classname="backend.tests.test_phase_k.TestMembershipExpiryEdit" name="test_membership_manager_cannot_change_expiry" time="0.704" /><testcase classname="backend.tests.test_phase_k.TestGearPage" name="test_gear_page_public_get" time="0.110" /><testcase classname="backend.tests.test_phase_k.TestGearPage" name="test_gear_page_admin_put_then_get" time="0.390" /><testcase classname="backend.tests.test_phase_k.TestGearPage" name="test_gear_page_put_requires_admin" time="0.131" /><testcase classname="backend.tests.test_phase_k.TestGearColorImages" name="test_create_get_update_delete_with_color_images" time="0.826" /><testcase classname="backend.tests.test_phase_k.TestGearUpload" name="test_upload_image_admin" time="0.298" /><testcase classname="backend.tests.test_phase_k.TestGearUpload" name="test_upload_non_image_rejected" time="0.113" /><testcase classname="backend.tests.test_phase_k.TestGearUpload" name="test_upload_requires_admin" time="0.115" /><testcase classname="backend.tests.test_phase_k.TestPayPalGearVariant" name="test_create_paypal_order_persists_gear_color_size" time="1.328" /><testcase classname="backend.tests.test_phase_k.TestRegression" name="test_get_members_public" time="0.119" /><testcase classname="backend.tests.test_phase_k.TestRegression" name="test_get_tiers_includes_founder" time="0.122"><failure message="AssertionError: assert 'founder' in ['99b3c33a-d933-449e-99fc-52e3eecc589a', 'e5c3d006-4790-4cff-b833-9f7fff2a5e20', 'dd57ad80-c66b-4e88-834c-ac2219dbb27f', 'ab7edf48-512a-4796-a5a3-e889210d0a83', 'bafb0e34-293c-4e2c-9156-d34b2ba99d10', 'f94600ba-6c87-4e6e-8361-197d97fcc6d1', ...]">backend/tests/test_phase_k.py:374: in test_get_tiers_includes_founder
    assert "founder" in ids
E   AssertionError: assert 'founder' in ['99b3c33a-d933-449e-99fc-52e3eecc589a', 'e5c3d006-4790-4cff-b833-9f7fff2a5e20', 'dd57ad80-c66b-4e88-834c-ac2219dbb27f', 'ab7edf48-512a-4796-a5a3-e889210d0a83', 'bafb0e34-293c-4e2c-9156-d34b2ba99d10', 'f94600ba-6c87-4e6e-8361-197d97fcc6d1', ...]</failure></testcase><testcase classname="backend.tests.test_phase_k.TestRegression" name="test_gear_list_public" time="0.116" /></testsuite></testsuites>