<?xml version="1.0" encoding="utf-8"?><testsuites name="pytest tests"><testsuite name="pytest" errors="0" failures="0" skipped="0" tests="65" time="5.004" timestamp="2026-05-28T02:56:21.343018+00:00" hostname="agent-env-48e075a3-b613-4a2a-9831-af7eec40a4ce"><testcase classname="backend.tests.test_phase_f_followup" name="test_gov_forbidden_get_returns_403[/api/email/templates]" time="0.457" /><testcase classname="backend.tests.test_phase_f_followup" name="test_gov_forbidden_get_returns_403[/api/email/blasts]" time="0.049" /><testcase classname="backend.tests.test_phase_f_followup" name="test_gov_forbidden_get_returns_403[/api/email/signatures]" time="0.051" /><testcase classname="backend.tests.test_phase_f_followup" name="test_admin_allowed_get_returns_200[/api/email/templates]" time="0.383" /><testcase classname="backend.tests.test_phase_f_followup" name="test_admin_allowed_get_returns_200[/api/email/blasts]" time="0.053" /><testcase classname="backend.tests.test_phase_f_followup" name="test_admin_allowed_get_returns_200[/api/email/signatures]" time="0.050" /><testcase classname="backend.tests.test_phase_f_followup" name="test_gov_forbidden_writes_return_403[POST /api/email/blast]" time="0.053" /><testcase classname="backend.tests.test_phase_f_followup" name="test_gov_forbidden_writes_return_403[POST /api/email/preview]" time="0.050" /><testcase classname="backend.tests.test_phase_f_followup" name="test_gov_forbidden_writes_return_403[POST /api/news]" time="0.049" /><testcase classname="backend.tests.test_phase_f_followup" name="test_gov_forbidden_writes_return_403[PUT /api/news/nonexistent]" time="0.052" /><testcase classname="backend.tests.test_phase_f_followup" name="test_gov_forbidden_writes_return_403[DELETE /api/news/nonexistent]" time="0.047" /><testcase classname="backend.tests.test_phase_f_followup" name="test_gov_forbidden_writes_return_403[POST /api/pages]" time="0.047" /><testcase classname="backend.tests.test_phase_f_followup" name="test_gov_forbidden_writes_return_403[PUT /api/pages/nonexistent]" time="0.054" /><testcase classname="backend.tests.test_phase_f_followup" name="test_gov_forbidden_writes_return_403[DELETE /api/pages/nonexistent]" time="0.051" /><testcase classname="backend.tests.test_phase_f_followup" name="test_gov_forbidden_writes_return_403[POST /api/chapters]" time="0.049" /><testcase classname="backend.tests.test_phase_f_followup" name="test_gov_forbidden_writes_return_403[PUT /api/chapters/nonexistent]" time="0.048" /><testcase classname="backend.tests.test_phase_f_followup" name="test_gov_forbidden_writes_return_403[DELETE /api/chapters/nonexistent]" time="0.046" /><testcase classname="backend.tests.test_phase_f_followup" name="test_gov_forbidden_writes_return_403[POST /api/tiers]" time="0.049" /><testcase classname="backend.tests.test_phase_f_followup" name="test_gov_forbidden_writes_return_403[PUT /api/tiers/nonexistent]" time="0.050" /><testcase classname="backend.tests.test_phase_f_followup" name="test_gov_forbidden_writes_return_403[DELETE /api/tiers/nonexistent]" time="0.050" /><testcase classname="backend.tests.test_phase_f_followup" name="test_gov_forbidden_writes_return_403[POST /api/events]" time="0.049" /><testcase classname="backend.tests.test_phase_f_followup" name="test_gov_forbidden_writes_return_403[PUT /api/events/nonexistent]" time="0.053" /><testcase classname="backend.tests.test_phase_f_followup" name="test_gov_forbidden_writes_return_403[DELETE /api/events/nonexistent]" time="0.047" /><testcase classname="backend.tests.test_phase_f_followup" name="test_gov_forbidden_writes_return_403[POST /api/awards]" time="0.050" /><testcase classname="backend.tests.test_phase_f_followup" name="test_gov_forbidden_writes_return_403[PUT /api/awards/nonexistent]" time="0.052" /><testcase classname="backend.tests.test_phase_f_followup" name="test_gov_forbidden_writes_return_403[DELETE /api/awards/nonexistent]" time="0.051" /><testcase classname="backend.tests.test_phase_f_followup" name="test_gov_forbidden_writes_return_403[POST /api/awards/nonexistent/grant]" time="0.052" /><testcase classname="backend.tests.test_phase_f_followup" name="test_gov_forbidden_writes_return_403[DELETE /api/awards/grants/nonexistent]" time="0.073" /><testcase classname="backend.tests.test_phase_f_followup" name="test_gov_forbidden_writes_return_403[POST /api/admin/members]" time="0.048" /><testcase classname="backend.tests.test_phase_f_followup" name="test_gov_forbidden_writes_return_403[PUT /api/members/nonexistent]" time="0.051" /><testcase classname="backend.tests.test_phase_f_followup" name="test_gov_forbidden_writes_return_403[DELETE /api/members/nonexistent]" time="0.047" /><testcase classname="backend.tests.test_phase_f_followup" name="test_gov_forbidden_writes_return_403[PUT /api/members/nonexistent/role]" time="0.050" /><testcase classname="backend.tests.test_phase_f_followup" name="test_gov_forbidden_writes_return_403[PUT /api/members/nonexistent/chapter]" time="0.049" /><testcase classname="backend.tests.test_phase_f_followup" name="test_gov_forbidden_writes_return_403[PUT /api/members/nonexistent/tier]" time="0.051" /><testcase classname="backend.tests.test_phase_f_followup" name="test_gov_forbidden_writes_return_403[PUT /api/members/nonexistent/status]" time="0.055" /><testcase classname="backend.tests.test_phase_f_followup" name="test_gov_forbidden_writes_return_403[POST /api/gear]" time="0.048" /><testcase classname="backend.tests.test_phase_f_followup" name="test_gov_forbidden_writes_return_403[PUT /api/gear/nonexistent]" time="0.048" /><testcase classname="backend.tests.test_phase_f_followup" name="test_gov_forbidden_writes_return_403[DELETE /api/gear/nonexistent]" time="0.048" /><testcase classname="backend.tests.test_phase_f_followup" name="test_gov_forbidden_writes_return_403[POST /api/events/nonexistent/check-in]" time="0.048" /><testcase classname="backend.tests.test_phase_f_followup" name="test_gov_forbidden_writes_return_403[GET /api/events/nonexistent/check-ins]" time="0.047" /><testcase classname="backend.tests.test_phase_f_followup" name="test_gov_forbidden_writes_return_403[DELETE /api/events/nonexistent/check-ins/nonexistent]" time="0.047" /><testcase classname="backend.tests.test_phase_f_followup" name="test_gov_forbidden_writes_return_403[POST /api/email/upload-image]" time="0.050" /><testcase classname="backend.tests.test_phase_f_followup.TestGovernorAllowedEndpoints" name="test_gov_admin_stats" time="0.060" /><testcase classname="backend.tests.test_phase_f_followup.TestGovernorAllowedEndpoints" name="test_gov_hours_list" time="0.048" /><testcase classname="backend.tests.test_phase_f_followup.TestGovernorAllowedEndpoints" name="test_gov_hours_review_allowed" time="0.048" /><testcase classname="backend.tests.test_phase_f_followup.TestGovernorAllowedEndpoints" name="test_gov_causes_write_allowed" time="0.151" /><testcase classname="backend.tests.test_phase_f_followup.TestGovernorAllowedEndpoints" name="test_gov_reports_members" time="0.048" /><testcase classname="backend.tests.test_phase_f_followup.TestGovernorAllowedEndpoints" name="test_gov_reports_hours" time="0.048" /><testcase classname="backend.tests.test_phase_f_followup.TestGovernorAllowedEndpoints" name="test_gov_reports_donations" time="0.055" /><testcase classname="backend.tests.test_phase_f_followup.TestGovernorAllowedEndpoints" name="test_gov_personnel_brief" time="0.101" /><testcase classname="backend.tests.test_phase_f_followup.TestGovernorAllowedEndpoints" name="test_gov_cause_donations" time="0.097" /><testcase classname="backend.tests.test_phase_f_followup.TestFullAdminNoRegression" name="test_admin_login_me" time="0.047" /><testcase classname="backend.tests.test_phase_f_followup.TestFullAdminNoRegression" name="test_admin_permissions_full" time="0.050" /><testcase classname="backend.tests.test_phase_f_followup.TestFullAdminNoRegression" name="test_admin_gets_200[/api/email/templates]" time="0.051" /><testcase classname="backend.tests.test_phase_f_followup.TestFullAdminNoRegression" name="test_admin_gets_200[/api/email/blasts]" time="0.051" /><testcase classname="backend.tests.test_phase_f_followup.TestFullAdminNoRegression" name="test_admin_gets_200[/api/email/signatures]" time="0.049" /><testcase classname="backend.tests.test_phase_f_followup.TestFullAdminNoRegression" name="test_admin_gets_200[/api/admin/stats]" time="0.063" /><testcase classname="backend.tests.test_phase_f_followup.TestFullAdminNoRegression" name="test_admin_gets_200[/api/hours]" time="0.050" /><testcase classname="backend.tests.test_phase_f_followup.TestFullAdminNoRegression" name="test_admin_gets_200[/api/reports/members]" time="0.051" /><testcase classname="backend.tests.test_phase_f_followup.TestFullAdminNoRegression" name="test_admin_gets_200[/api/reports/hours]" time="0.051" /><testcase classname="backend.tests.test_phase_f_followup.TestFullAdminNoRegression" name="test_admin_gets_200[/api/reports/donations]" time="0.051" /><testcase classname="backend.tests.test_phase_f_followup.TestFullAdminNoRegression" name="test_admin_create_news_then_delete" time="0.100" /><testcase classname="backend.tests.test_phase_f_followup.TestAuthRegression" name="test_login_admin" time="0.334" /><testcase classname="backend.tests.test_phase_f_followup.TestAuthRegression" name="test_login_gov" time="0.328" /><testcase classname="backend.tests.test_phase_f_followup.TestAuthRegression" name="test_me_unauthenticated" time="0.110" /></testsuite></testsuites>