<?xml version="1.0" encoding="utf-8"?><testsuites name="pytest tests"><testsuite name="pytest" errors="0" failures="0" skipped="0" tests="27" time="3.137" timestamp="2026-06-03T20:20:38.539558+00:00" hostname="agent-env-48e075a3-b613-4a2a-9831-af7eec40a4ce"><testcase classname="backend.tests.test_phase_x.TestMeHoursFilters" name="test_me_hours_no_filters" time="0.418" /><testcase classname="backend.tests.test_phase_x.TestMeHoursFilters" name="test_me_hours_by_year" time="0.054" /><testcase classname="backend.tests.test_phase_x.TestMeHoursFilters" name="test_me_hours_by_quarter" time="0.063" /><testcase classname="backend.tests.test_phase_x.TestMeHoursFilters" name="test_me_hours_by_month" time="0.056" /><testcase classname="backend.tests.test_phase_x.TestMeHoursFilters" name="test_me_hours_status_filter" time="0.083" /><testcase classname="backend.tests.test_phase_x.TestMeHoursFilters" name="test_me_hours_requires_auth" time="0.143" /><testcase classname="backend.tests.test_phase_x.TestMeHoursSummary" name="test_summary_default_year" time="0.057" /><testcase classname="backend.tests.test_phase_x.TestMeHoursSummary" name="test_summary_specific_year_structure" time="0.054" /><testcase classname="backend.tests.test_phase_x.TestMeHoursSummary" name="test_summary_total_approved_zero_when_no_entries" time="0.061" /><testcase classname="backend.tests.test_phase_x.TestMeHoursSummary" name="test_summary_requires_auth" time="0.070" /><testcase classname="backend.tests.test_phase_x.TestReportsHoursAdmin" name="test_admin_can_list" time="0.396" /><testcase classname="backend.tests.test_phase_x.TestReportsHoursAdmin" name="test_member_forbidden" time="0.058" /><testcase classname="backend.tests.test_phase_x.TestReportsHoursAdmin" name="test_summary_member_forbidden" time="0.069" /><testcase classname="backend.tests.test_phase_x.TestReportsHoursAdmin" name="test_reports_hours_year_filter" time="0.097" /><testcase classname="backend.tests.test_phase_x.TestReportsHoursAdmin" name="test_reports_hours_quarter_filter" time="0.063" /><testcase classname="backend.tests.test_phase_x.TestReportsHoursAdmin" name="test_reports_hours_chapter_filter" time="0.139" /><testcase classname="backend.tests.test_phase_x.TestReportsHoursAdmin" name="test_reports_hours_combined_filters" time="0.116" /><testcase classname="backend.tests.test_phase_x.TestReportsHoursSummary" name="test_group_by_member" time="0.063" /><testcase classname="backend.tests.test_phase_x.TestReportsHoursSummary" name="test_group_by_chapter" time="0.062" /><testcase classname="backend.tests.test_phase_x.TestReportsHoursSummary" name="test_group_by_overall" time="0.086" /><testcase classname="backend.tests.test_phase_x.TestReportsHoursSummary" name="test_group_by_month" time="0.059" /><testcase classname="backend.tests.test_phase_x.TestReportsHoursSummary" name="test_group_by_quarter" time="0.060" /><testcase classname="backend.tests.test_phase_x.TestReportsHoursSummary" name="test_group_by_year" time="0.064" /><testcase classname="backend.tests.test_phase_x.TestReportsHoursSummary" name="test_summary_period_window" time="0.056" /><testcase classname="backend.tests.test_phase_x.TestChapterScopedAdmin" name="test_governor_only_sees_chapter_hours" time="0.512" /><testcase classname="backend.tests.test_phase_x.TestRegressionHoursQueue" name="test_admin_hours_queue" time="0.053" /><testcase classname="backend.tests.test_phase_x.TestRegressionHoursQueue" name="test_review_pending_route_exists" time="0.056" /></testsuite></testsuites>