<?xml version="1.0" encoding="utf-8"?><testsuites name="pytest tests"><testsuite name="pytest" errors="0" failures="0" skipped="0" tests="24" time="5.332" timestamp="2026-05-28T16:33:36.448979+00:00" hostname="agent-env-48e075a3-b613-4a2a-9831-af7eec40a4ce"><testcase classname="backend.tests.test_phase_h.TestPublicApplicationFlow" name="test_submit_returns_application_id" time="0.176" /><testcase classname="backend.tests.test_phase_h.TestPublicApplicationFlow" name="test_duplicate_pending_rejected_400" time="0.241" /><testcase classname="backend.tests.test_phase_h.TestPublicApplicationFlow" name="test_existing_email_rejected_400" time="0.120" /><testcase classname="backend.tests.test_phase_h.TestApplicationsListing" name="test_admin_can_list_pending" time="0.391" /><testcase classname="backend.tests.test_phase_h.TestApplicationsListing" name="test_membership_manager_can_list" time="0.383" /><testcase classname="backend.tests.test_phase_h.TestApplicationsListing" name="test_member_cannot_list_applications" time="0.400" /><testcase classname="backend.tests.test_phase_h.TestApproveCreatesUserAndToken" name="test_approved_creates_user_record" time="0.658" /><testcase classname="backend.tests.test_phase_h.TestApproveCreatesUserAndToken" name="test_set_password_then_login_then_replay_blocked" time="0.864" /><testcase classname="backend.tests.test_phase_h.TestRejectApplication" name="test_reject_application" time="0.476" /><testcase classname="backend.tests.test_phase_h.TestAdminCreateMemberWelcomeEmail" name="test_admin_create_member_succeeds" time="0.470" /><testcase classname="backend.tests.test_phase_h.TestMemberCardFields" name="test_get_member_includes_card_fields" time="0.097" /><testcase classname="backend.tests.test_phase_h.TestMembersReportEnriched" name="test_report_includes_events_and_guests" time="0.087" /><testcase classname="backend.tests.test_phase_h.TestRsvpsReport" name="test_rsvps_no_filter" time="0.054" /><testcase classname="backend.tests.test_phase_h.TestRsvpsReport" name="test_rsvps_with_event_filter" time="0.150" /><testcase classname="backend.tests.test_phase_h.TestRsvpsReport" name="test_rsvps_with_parent_event_filter" time="0.102" /><testcase classname="backend.tests.test_phase_h.TestSelfCheckIn" name="test_self_check_in_creates_row" time="0.106" /><testcase classname="backend.tests.test_phase_h.TestSelfCheckIn" name="test_self_check_in_idempotent" time="0.104" /><testcase classname="backend.tests.test_phase_h.TestAnniversary2027Dates" name="test_parent_start_end_dates" time="0.101" /><testcase classname="backend.tests.test_phase_h.TestAnniversary2027Dates" name="test_sub_event_dates" time="0.000" /><testcase classname="backend.tests.test_phase_h.TestAnniversary2027Dates" name="test_ticket_type_flags" time="0.000" /><testcase classname="backend.tests.test_phase_h.TestRoleChangeGating" name="test_membership_manager_cannot_change_role_dedicated" time="0.051" /><testcase classname="backend.tests.test_phase_h.TestRoleChangeGating" name="test_membership_manager_cannot_change_role_via_full_put" time="0.057" /><testcase classname="backend.tests.test_phase_h.TestRoleChangeGating" name="test_full_admin_can_change_role" time="0.052" /><testcase classname="backend.tests.test_phase_h.TestProfileIntakeFields" name="test_put_me_persists_intake_line_and_completed_at" time="0.119" /></testsuite></testsuites>