<?xml version="1.0" encoding="utf-8"?><testsuites name="pytest tests"><testsuite name="pytest" errors="0" failures="1" skipped="1" tests="20" time="3.493" timestamp="2026-05-28T00:55:30.522420+00:00" hostname="agent-env-48e075a3-b613-4a2a-9831-af7eec40a4ce"><testcase classname="backend.tests.test_phase_d.TestConversations" name="test_create_dm_and_idempotent" time="0.914" /><testcase classname="backend.tests.test_phase_d.TestConversations" name="test_create_group" time="0.148" /><testcase classname="backend.tests.test_phase_d.TestConversations" name="test_list_conversations" time="0.053" /><testcase classname="backend.tests.test_phase_d.TestConversations" name="test_get_conversation_member" time="0.048" /><testcase classname="backend.tests.test_phase_d.TestConversations" name="test_get_conversation_non_member_404" time="0.572" /><testcase classname="backend.tests.test_phase_d.TestConversations" name="test_rename_group" time="0.055" /><testcase classname="backend.tests.test_phase_d.TestConversations" name="test_add_remove_members_group" time="0.102" /><testcase classname="backend.tests.test_phase_d.TestConversations" name="test_cannot_remove_self_via_put" time="0.048" /><testcase classname="backend.tests.test_phase_d.TestMessages" name="test_send_message" time="0.102" /><testcase classname="backend.tests.test_phase_d.TestMessages" name="test_non_member_send_404" time="0.403" /><testcase classname="backend.tests.test_phase_d.TestMessages" name="test_list_messages" time="0.049" /><testcase classname="backend.tests.test_phase_d.TestMessages" name="test_read_state" time="0.048" /><testcase classname="backend.tests.test_phase_d.TestMessages" name="test_soft_delete_message" time="0.098" /><testcase classname="backend.tests.test_phase_d.TestFileUpload" name="test_upload_small_image" time="0.215" /><testcase classname="backend.tests.test_phase_d.TestFileUpload" name="test_attach_to_message" time="0.049" /><testcase classname="backend.tests.test_phase_d.TestFileUpload" name="test_get_uploaded_file" time="0.049"><failure message="AssertionError: {&quot;detail&quot;:&quot;File not found&quot;}&#10;assert 404 == 200&#10; +  where 404 = &lt;Response [404]&gt;.status_code">E   AssertionError: {"detail":"File not found"}
    assert 404 == 200
     +  where 404 = &lt;Response [404]&gt;.status_code</failure></testcase><testcase classname="backend.tests.test_phase_d.TestFileUpload" name="test_oversize_rejected" time="0.000"><skipped type="pytest.skip" message="Skipping true 413 test to avoid 100MB upload bandwidth; trust server-side limit">/app/backend/tests/test_phase_d.py:233: Skipping true 413 test to avoid 100MB upload bandwidth; trust server-side limit</skipped></testcase><testcase classname="backend.tests.test_phase_d.TestWebSocket" name="test_ws_unauthorized_closes_4401" time="0.150" /><testcase classname="backend.tests.test_phase_d.TestWebSocket" name="test_ws_authorized_connected_then_message_new" time="0.238" /><testcase classname="backend.tests.test_phase_d.TestCleanup" name="test_delete_group_as_creator" time="0.056" /></testsuite></testsuites>