<?xml version="1.0" encoding="utf-8"?><testsuites name="pytest tests"><testsuite name="pytest" errors="0" failures="0" skipped="0" tests="24" time="3.715" timestamp="2026-06-03T16:03:48.900553+00:00" hostname="agent-env-48e075a3-b613-4a2a-9831-af7eec40a4ce"><testcase classname="backend.tests.test_phase_t.TestAuthRegression" name="test_login_admin" time="0.591" /><testcase classname="backend.tests.test_phase_t.TestAuthRegression" name="test_auth_me_admin" time="0.407" /><testcase classname="backend.tests.test_phase_t.TestAuthRegression" name="test_auth_me_unauth_returns_401" time="0.128" /><testcase classname="backend.tests.test_phase_t.TestSiteSettings" name="test_get_public_no_auth" time="0.112" /><testcase classname="backend.tests.test_phase_t.TestSiteSettings" name="test_home_sections_has_8_keys" time="0.124" /><testcase classname="backend.tests.test_phase_t.TestSiteSettings" name="test_member_cannot_put_site_settings" time="0.403" /><testcase classname="backend.tests.test_phase_t.TestSiteSettings" name="test_admin_save_home_section_toggle_and_blocks" time="0.331" /><testcase classname="backend.tests.test_phase_t.TestSiteSettings" name="test_home_blocks_invalid_type_rejected" time="0.064" /><testcase classname="backend.tests.test_phase_t.TestSiteSettings" name="test_zz_restore_site_settings" time="0.060" /><testcase classname="backend.tests.test_phase_t.TestCmsPages" name="test_list_pages_public" time="0.138" /><testcase classname="backend.tests.test_phase_t.TestCmsPages" name="test_member_cannot_create_page" time="0.069" /><testcase classname="backend.tests.test_phase_t.TestCmsPages" name="test_create_page_with_blocks" time="0.056" /><testcase classname="backend.tests.test_phase_t.TestCmsPages" name="test_get_page_returns_blocks" time="0.125" /><testcase classname="backend.tests.test_phase_t.TestCmsPages" name="test_create_page_invalid_block_type_400" time="0.071" /><testcase classname="backend.tests.test_phase_t.TestCmsPages" name="test_update_page_invalid_block_type_400" time="0.051" /><testcase classname="backend.tests.test_phase_t.TestCmsPages" name="test_update_page_valid_blocks" time="0.167" /><testcase classname="backend.tests.test_phase_t.TestCmsPages" name="test_all_10_block_types_accepted" time="0.114" /><testcase classname="backend.tests.test_phase_t.TestCmsPages" name="test_legacy_page_about_still_works" time="0.114" /><testcase classname="backend.tests.test_phase_t.TestCmsPages" name="test_zz_delete_test_page" time="0.172" /><testcase classname="backend.tests.test_phase_t.TestRouteRegression" name="test_events_list" time="0.110" /><testcase classname="backend.tests.test_phase_t.TestRouteRegression" name="test_members_admin_list" time="0.050" /><testcase classname="backend.tests.test_phase_t.TestRouteRegression" name="test_chapters_list" time="0.054" /><testcase classname="backend.tests.test_phase_t.TestRouteRegression" name="test_tiers_list" time="0.053" /><testcase classname="backend.tests.test_phase_t.TestRouteRegression" name="test_automated_emails_list" time="0.056" /></testsuite></testsuites>