<?xml version="1.0" encoding="utf-8"?><testsuites name="pytest tests"><testsuite name="pytest" errors="0" failures="0" skipped="0" tests="11" time="2.184" timestamp="2026-06-02T04:42:59.032713+00:00" hostname="agent-env-48e075a3-b613-4a2a-9831-af7eec40a4ce"><testcase classname="backend.tests.test_phase_m.TestApplyAdminNotification" name="test_apply_returns_200_and_persists" time="1.154" /><testcase classname="backend.tests.test_phase_m.TestRsvpTickets" name="test_rsvp_creates_ticket_ids_for_member_and_guests" time="0.241" /><testcase classname="backend.tests.test_phase_m.TestRsvpTickets" name="test_update_rsvp_guests_preserves_ticket_ids" time="0.202" /><testcase classname="backend.tests.test_phase_m.TestCheckinLookup" name="test_garbage_token_returns_400" time="0.053" /><testcase classname="backend.tests.test_phase_m.TestCheckinLookup" name="test_valid_token_decodes" time="0.056" /><testcase classname="backend.tests.test_phase_m.TestCheckinScan" name="test_member_role_blocked_with_403" time="0.077" /><testcase classname="backend.tests.test_phase_m.TestCheckinScan" name="test_admin_scan_member_ticket_creates_checkin" time="0.047" /><testcase classname="backend.tests.test_phase_m.TestCheckinScan" name="test_admin_scan_idempotent" time="0.060" /><testcase classname="backend.tests.test_phase_m.TestCheckinScan" name="test_admin_scan_guest_ticket" time="0.050" /><testcase classname="backend.tests.test_phase_m.TestCheckinScan" name="test_admin_scan_garbage_token_400" time="0.042" /><testcase classname="backend.tests.test_phase_m.TestChapterLogo" name="test_chapters_endpoint_returns_logo_url_field" time="0.104" /></testsuite></testsuites>