<?xml version="1.0" encoding="utf-8"?><testsuites name="pytest tests"><testsuite name="pytest" errors="0" failures="0" skipped="0" tests="27" time="9.447" timestamp="2026-06-02T02:09:02.852383+00:00" hostname="agent-env-48e075a3-b613-4a2a-9831-af7eec40a4ce"><testcase classname="backend.tests.test_phase_l.TestPhotoAlbums" name="test_list_albums_has_default_set_and_new_fields" time="0.674" /><testcase classname="backend.tests.test_phase_l.TestPhotoAlbums" name="test_default_album_cannot_be_deleted" time="0.581" /><testcase classname="backend.tests.test_phase_l.TestPhotoAlbums" name="test_member_creates_and_deletes_own_album" time="0.230" /><testcase classname="backend.tests.test_phase_l.TestPhotoAlbums" name="test_admin_can_delete_member_album" time="0.226" /><testcase classname="backend.tests.test_phase_l.TestPhotoAlbums" name="test_non_creator_member_cannot_delete_album" time="0.362" /><testcase classname="backend.tests.test_phase_l.TestPhotoAlbums" name="test_bulk_upload_two_photos" time="0.517" /><testcase classname="backend.tests.test_phase_l.TestEvents" name="test_events_list_hides_sub_events" time="0.117" /><testcase classname="backend.tests.test_phase_l.TestEvents" name="test_subevents_endpoint_returns_5" time="0.281" /><testcase classname="backend.tests.test_phase_l.TestEvents" name="test_rsvp_on_umbrella_returns_400" time="0.110" /><testcase classname="backend.tests.test_phase_l.TestEvents" name="test_rsvp_on_subevent_with_5_guests" time="0.758" /><testcase classname="backend.tests.test_phase_l.TestEvents" name="test_rsvp_unlimited_guests_allowed_on_uncapped_subevent" time="0.546" /><testcase classname="backend.tests.test_phase_l.TestCheckIn" name="test_check_in_member_general" time="0.688" /><testcase classname="backend.tests.test_phase_l.TestCheckIn" name="test_check_in_guest_each_ticket_type[vip]" time="0.247" /><testcase classname="backend.tests.test_phase_l.TestCheckIn" name="test_check_in_guest_each_ticket_type[all_access]" time="0.232" /><testcase classname="backend.tests.test_phase_l.TestCheckIn" name="test_check_in_guest_each_ticket_type[general]" time="0.238" /><testcase classname="backend.tests.test_phase_l.TestCheckIn" name="test_check_in_guest_each_ticket_type[guest]" time="0.221" /><testcase classname="backend.tests.test_phase_l.TestCheckIn" name="test_check_in_guest_each_ticket_type[speaker]" time="0.249" /><testcase classname="backend.tests.test_phase_l.TestCheckIn" name="test_check_in_guest_each_ticket_type[volunteer]" time="0.250" /><testcase classname="backend.tests.test_phase_l.TestAdminImageUploads" name="test_chapters_upload_logo" time="0.246" /><testcase classname="backend.tests.test_phase_l.TestAdminImageUploads" name="test_news_upload_image" time="0.220" /><testcase classname="backend.tests.test_phase_l.TestAdminImageUploads" name="test_causes_upload_image" time="0.229" /><testcase classname="backend.tests.test_phase_l.TestAdminImageUploads" name="test_meeting_cards_upload_image" time="0.233" /><testcase classname="backend.tests.test_phase_l.TestChatGroup" name="test_chat_upload_returns_url" time="0.222" /><testcase classname="backend.tests.test_phase_l.TestChatGroup" name="test_create_group_conversation_with_avatar_url" time="0.724" /><testcase classname="backend.tests.test_phase_l.TestMeetingCards" name="test_full_crud" time="0.714" /><testcase classname="backend.tests.test_phase_l.TestMeetingCards" name="test_create_requires_button_url" time="0.111" /><testcase classname="backend.tests.test_phase_l.TestMeetingCards" name="test_member_cannot_create_meeting_card" time="0.108" /></testsuite></testsuites>