<?xml version="1.0" encoding="utf-8"?><testsuites name="pytest tests"><testsuite name="pytest" errors="0" failures="0" skipped="0" tests="21" time="3.235" timestamp="2026-06-01T19:34:11.808463+00:00" hostname="agent-env-48e075a3-b613-4a2a-9831-af7eec40a4ce"><testcase classname="backend.tests.test_phase_j.TestTiers" name="test_tiers_includes_founder" time="0.557" /><testcase classname="backend.tests.test_phase_j.TestRenewDisabled" name="test_member_renew_returns_410" time="0.423" /><testcase classname="backend.tests.test_phase_j.TestIntakeApproval" name="test_intake_change_goes_to_pending" time="0.097" /><testcase classname="backend.tests.test_phase_j.TestIntakeApproval" name="test_intake_same_value_is_noop" time="0.106" /><testcase classname="backend.tests.test_phase_j.TestIntakeApproval" name="test_admin_pending_intake_list" time="0.107" /><testcase classname="backend.tests.test_phase_j.TestIntakeApproval" name="test_non_admin_pending_list_forbidden" time="0.050" /><testcase classname="backend.tests.test_phase_j.TestIntakeApproval" name="test_admin_reject_clears_pending" time="0.163" /><testcase classname="backend.tests.test_phase_j.TestIntakeApproval" name="test_admin_approve_copies_pending" time="0.241" /><testcase classname="backend.tests.test_phase_j.TestSocialUrls" name="test_member_update_social_urls" time="0.048" /><testcase classname="backend.tests.test_phase_j.TestSocialUrls" name="test_auth_me_returns_social_urls" time="0.046" /><testcase classname="backend.tests.test_phase_j.TestSocialUrls" name="test_get_member_by_id_returns_social" time="0.106" /><testcase classname="backend.tests.test_phase_j.TestChapterCreation" name="test_admin_create_arbitrary_chapter[TEST_Carolinas]" time="0.087" /><testcase classname="backend.tests.test_phase_j.TestChapterCreation" name="test_admin_create_arbitrary_chapter[TEST_Midwest]" time="0.062" /><testcase classname="backend.tests.test_phase_j.TestChapterCreation" name="test_admin_create_arbitrary_chapter[TEST_Northeast]" time="0.058" /><testcase classname="backend.tests.test_phase_j.TestChapterCreation" name="test_cleanup_created_chapters" time="0.210" /><testcase classname="backend.tests.test_phase_j.TestAuthRefresh" name="test_refresh_endpoint_works" time="0.474" /><testcase classname="backend.tests.test_phase_j.TestRegression" name="test_members_list_admin" time="0.057" /><testcase classname="backend.tests.test_phase_j.TestRegression" name="test_chapters_list" time="0.061" /><testcase classname="backend.tests.test_phase_j.TestRegression" name="test_events_list" time="0.076" /><testcase classname="backend.tests.test_phase_j.TestRegression" name="test_donations_endpoint" time="0.052" /><testcase classname="backend.tests.test_phase_j.TestRegression" name="test_omega_hero" time="0.061" /></testsuite></testsuites>