<?xml version="1.0" encoding="utf-8"?><testsuites name="pytest tests"><testsuite name="pytest" errors="0" failures="0" skipped="0" tests="13" time="2.788" timestamp="2026-06-03T22:07:46.595602+00:00" hostname="agent-env-48e075a3-b613-4a2a-9831-af7eec40a4ce"><testcase classname="backend.tests.test_phase_z.TestTrustZeffyFlag" name="test_auth_me_has_trust_zeffy_field" time="0.851" /><testcase classname="backend.tests.test_phase_z.TestTrustZeffyFlag" name="test_admin_get_member_has_trust_zeffy_field" time="0.053" /><testcase classname="backend.tests.test_phase_z.TestTrustZeffyFlag" name="test_admin_can_set_trust_zeffy_true" time="0.102" /><testcase classname="backend.tests.test_phase_z.TestTrustZeffyFlag" name="test_admin_can_set_trust_zeffy_false" time="0.101" /><testcase classname="backend.tests.test_phase_z.TestNoTrustStillPending" name="test_valid_pattern_no_trust_is_pending" time="0.154" /><testcase classname="backend.tests.test_phase_z.TestAutoApproveHappyPath" name="test_zf_prefix_pattern_auto_approves_and_extends" time="0.267" /><testcase classname="backend.tests.test_phase_z.TestAutoApproveHappyPath" name="test_pattern_variations_all_auto_approve[ZF-TESTZABCDEF]" time="0.098" /><testcase classname="backend.tests.test_phase_z.TestAutoApproveHappyPath" name="test_pattern_variations_all_auto_approve[TESTZABCDEFGH]" time="0.108" /><testcase classname="backend.tests.test_phase_z.TestAutoApproveHappyPath" name="test_pattern_variations_all_auto_approve[testz.member@example.com]" time="0.100" /><testcase classname="backend.tests.test_phase_z.TestBadPatternStillPending" name="test_too_short_confirmation_is_pending" time="0.099" /><testcase classname="backend.tests.test_phase_z.TestBadPatternStillPending" name="test_five_char_confirmation_is_pending" time="0.101" /><testcase classname="backend.tests.test_phase_z.TestBadPatternStillPending" name="test_no_pattern_match_is_pending" time="0.107" /><testcase classname="backend.tests.test_phase_z.TestApproveZeffyRegression" name="test_admin_can_still_manually_approve" time="0.580" /></testsuite></testsuites>