<?xml version="1.0" encoding="utf-8"?><testsuites name="pytest tests"><testsuite name="pytest" errors="0" failures="1" skipped="0" tests="13" time="6.256" timestamp="2026-06-03T07:05:20.209692+00:00" hostname="agent-env-48e075a3-b613-4a2a-9831-af7eec40a4ce"><testcase classname="backend.tests.test_phase_n.TestForgotReset" name="test_forgot_password_returns_200_always" time="0.626" /><testcase classname="backend.tests.test_phase_n.TestForgotReset" name="test_reset_password_full_flow" time="2.171" /><testcase classname="backend.tests.test_phase_n.TestForgotReset" name="test_reset_password_invalid_token" time="0.113" /><testcase classname="backend.tests.test_phase_n.TestPhotoAlbums" name="test_list_albums_has_category_and_cover" time="0.113" /><testcase classname="backend.tests.test_phase_n.TestPhotoAlbums" name="test_filter_by_category" time="0.106" /><testcase classname="backend.tests.test_phase_n.TestPhotoAlbums" name="test_update_album_category_as_admin" time="0.593" /><testcase classname="backend.tests.test_phase_n.TestChatTTLReply" name="test_conversation_has_ttl_field" time="0.114" /><testcase classname="backend.tests.test_phase_n.TestChatTTLReply" name="test_update_conversation_ttl" time="0.215" /><testcase classname="backend.tests.test_phase_n.TestChatTTLReply" name="test_send_message_with_ttl_override_and_reply" time="0.164" /><testcase classname="backend.tests.test_phase_n.TestDocsFolders" name="test_create_root_subfolder_and_block_third_level" time="0.049"><failure message="AssertionError: {&quot;detail&quot;:&quot;Your admin role does not have access to documents&quot;}&#10;assert 403 in (200, 201)&#10; +  where 403 = &lt;Response [403]&gt;.status_code">backend/tests/test_phase_n.py:207: in test_create_root_subfolder_and_block_third_level
    assert r.status_code in (200, 201), r.text
E   AssertionError: {"detail":"Your admin role does not have access to documents"}
E   assert 403 in (200, 201)
E    +  where 403 = &lt;Response [403]&gt;.status_code</failure></testcase><testcase classname="backend.tests.test_phase_n.TestDocsFolders" name="test_bulk_upload" time="0.709" /><testcase classname="backend.tests.test_phase_n.TestHoursEnrichment" name="test_submit_hours_with_full_fields" time="0.514" /><testcase classname="backend.tests.test_phase_n.TestCascadeDelete" name="test_delete_member_cascades" time="0.593" /></testsuite></testsuites>