<?xml version="1.0" encoding="utf-8"?><testsuites name="pytest tests"><testsuite name="pytest" errors="0" failures="0" skipped="0" tests="26" time="4.998" timestamp="2026-06-03T19:52:34.299849+00:00" hostname="agent-env-48e075a3-b613-4a2a-9831-af7eec40a4ce"><testcase classname="backend.tests.test_phase_w.TestLoginEmailOrUsername" name="test_login_by_email" time="0.519" /><testcase classname="backend.tests.test_phase_w.TestLoginEmailOrUsername" name="test_login_by_username" time="0.352" /><testcase classname="backend.tests.test_phase_w.TestLoginEmailOrUsername" name="test_login_by_username_case_insensitive" time="0.368" /><testcase classname="backend.tests.test_phase_w.TestLoginEmailOrUsername" name="test_login_invalid_user_returns_401" time="0.114" /><testcase classname="backend.tests.test_phase_w.TestLoginEmailOrUsername" name="test_login_invalid_email_returns_401" time="0.158" /><testcase classname="backend.tests.test_phase_w.TestLoginEmailOrUsername" name="test_login_wrong_password_returns_401" time="0.370" /><testcase classname="backend.tests.test_phase_w.TestLeadershipImageUrlValidation" name="test_invalid_url_rejected_422" time="0.481" /><testcase classname="backend.tests.test_phase_w.TestLeadershipImageUrlValidation" name="test_full_https_url_accepted" time="0.191" /><testcase classname="backend.tests.test_phase_w.TestLeadershipImageUrlValidation" name="test_relative_path_accepted" time="0.177" /><testcase classname="backend.tests.test_phase_w.TestLeadershipImageUrlValidation" name="test_empty_string_accepted" time="0.180" /><testcase classname="backend.tests.test_phase_w.TestFoundersValidation" name="test_founders_fields_exist" time="0.116" /><testcase classname="backend.tests.test_phase_w.TestFoundersValidation" name="test_founders_invalid_url_rejected_422" time="0.120" /><testcase classname="backend.tests.test_phase_w.TestFoundersValidation" name="test_founders_full_url_and_relative_accepted" time="0.292" /><testcase classname="backend.tests.test_phase_w.TestFoundersValidation" name="test_member_cannot_update_founders" time="0.420" /><testcase classname="backend.tests.test_phase_w.TestFoundersUpload" name="test_admin_upload_succeeds" time="0.243" /><testcase classname="backend.tests.test_phase_w.TestFoundersUpload" name="test_member_upload_forbidden" time="0.061" /><testcase classname="backend.tests.test_phase_w.TestFoundersUpload" name="test_anon_upload_unauthorized" time="0.052" /><testcase classname="backend.tests.test_phase_w.TestEventsUploadCover" name="test_admin_upload_succeeds" time="0.209" /><testcase classname="backend.tests.test_phase_w.TestEventsUploadCover" name="test_member_upload_forbidden" time="0.070" /><testcase classname="backend.tests.test_phase_w.TestEventsUploadCover" name="test_anon_upload_unauthorized" time="0.083" /><testcase classname="backend.tests.test_phase_w.TestSmoke" name="test_auth_me" time="0.063" /><testcase classname="backend.tests.test_phase_w.TestSmoke" name="test_events_list" time="0.059" /><testcase classname="backend.tests.test_phase_w.TestSmoke" name="test_members_list" time="0.057" /><testcase classname="backend.tests.test_phase_w.TestSmoke" name="test_pages_list" time="0.061" /><testcase classname="backend.tests.test_phase_w.TestSmoke" name="test_site_settings_get" time="0.054" /><testcase classname="backend.tests.test_phase_w.TestSmoke" name="test_automated_emails" time="0.056" /></testsuite></testsuites>