<?xml version="1.0" encoding="utf-8"?><testsuites name="pytest tests"><testsuite name="pytest" errors="0" failures="0" skipped="0" tests="15" time="2.737" timestamp="2026-06-03T20:50:29.154839+00:00" hostname="agent-env-48e075a3-b613-4a2a-9831-af7eec40a4ce"><testcase classname="backend.tests.test_phase_y.TestLeaderboard" name="test_quarter_default_shape" time="0.852" /><testcase classname="backend.tests.test_phase_y.TestLeaderboard" name="test_chapter_row_shape" time="0.047" /><testcase classname="backend.tests.test_phase_y.TestLeaderboard" name="test_member_row_shape" time="0.050" /><testcase classname="backend.tests.test_phase_y.TestLeaderboard" name="test_year_period" time="0.056" /><testcase classname="backend.tests.test_phase_y.TestLeaderboard" name="test_only_approved_hours_counted" time="0.053" /><testcase classname="backend.tests.test_phase_y.TestZeffyConfig" name="test_zeffy_config" time="0.048" /><testcase classname="backend.tests.test_phase_y.TestZeffyConfirm" name="test_create_pending" time="0.050" /><testcase classname="backend.tests.test_phase_y.TestZeffyConfirm" name="test_short_confirmation_rejected" time="0.055" /><testcase classname="backend.tests.test_phase_y.TestZeffyConfirm" name="test_empty_confirmation_rejected" time="0.051" /><testcase classname="backend.tests.test_phase_y.TestZeffyApprove" name="test_member_forbidden" time="0.108" /><testcase classname="backend.tests.test_phase_y.TestZeffyApprove" name="test_admin_approves_and_extends_membership" time="0.287" /><testcase classname="backend.tests.test_phase_y.TestZeffyApprove" name="test_idempotent_approve" time="0.170" /><testcase classname="backend.tests.test_phase_y.TestZeffyApprove" name="test_non_zeffy_returns_400" time="0.147" /><testcase classname="backend.tests.test_phase_y.TestHoursRegression" name="test_me_hours_summary" time="0.053" /><testcase classname="backend.tests.test_phase_y.TestHoursRegression" name="test_reports_hours_summary" time="0.642" /></testsuite></testsuites>