<?xml version="1.0" encoding="utf-8"?><testsuites name="pytest tests"><testsuite name="pytest" errors="0" failures="0" skipped="0" tests="54" time="7.893" timestamp="2026-06-03T17:40:52.577983+00:00" hostname="agent-env-48e075a3-b613-4a2a-9831-af7eec40a4ce"><testcase classname="backend.tests.test_phase_u.TestAuth" name="test_login_admin_returns_200_and_cookies" time="0.528" /><testcase classname="backend.tests.test_phase_u.TestAuth" name="test_login_invalid_password_401" time="0.346" /><testcase classname="backend.tests.test_phase_u.TestAuth" name="test_auth_me_admin" time="0.391" /><testcase classname="backend.tests.test_phase_u.TestAuth" name="test_auth_me_member" time="0.409" /><testcase classname="backend.tests.test_phase_u.TestAuth" name="test_auth_refresh_admin" time="0.056" /><testcase classname="backend.tests.test_phase_u.TestLeadershipTeamMigration" name="test_home_sections_contains_leadership_team" time="0.110" /><testcase classname="backend.tests.test_phase_u.TestLeadershipTeamMigration" name="test_home_sections_does_not_contain_secondary_banner" time="0.169" /><testcase classname="backend.tests.test_phase_u.TestLeadershipTeamMigration" name="test_leadership_team_default_true" time="0.121" /><testcase classname="backend.tests.test_phase_u.TestLeadershipTeamMigration" name="test_admin_can_toggle_leadership_team_and_persist" time="0.386" /><testcase classname="backend.tests.test_phase_u.TestPagesRouteModule" name="test_pages_list_public" time="0.150" /><testcase classname="backend.tests.test_phase_u.TestPagesRouteModule" name="test_pages_get_unknown_returns_404" time="0.110" /><testcase classname="backend.tests.test_phase_u.TestPagesRouteModule" name="test_member_cannot_create_page" time="0.050" /><testcase classname="backend.tests.test_phase_u.TestPagesRouteModule" name="test_unauth_cannot_create_page" time="0.104" /><testcase classname="backend.tests.test_phase_u.TestPagesRouteModule" name="test_admin_create_page_with_blocks" time="0.051" /><testcase classname="backend.tests.test_phase_u.TestPagesRouteModule" name="test_admin_get_created_page" time="0.113" /><testcase classname="backend.tests.test_phase_u.TestPagesRouteModule" name="test_admin_update_page" time="0.056" /><testcase classname="backend.tests.test_phase_u.TestPagesRouteModule" name="test_invalid_block_type_returns_400" time="0.057" /><testcase classname="backend.tests.test_phase_u.TestPagesRouteModule" name="test_admin_delete_page" time="0.200" /><testcase classname="backend.tests.test_phase_u.TestSiteSettingsRouteModule" name="test_get_site_settings_public" time="0.119" /><testcase classname="backend.tests.test_phase_u.TestSiteSettingsRouteModule" name="test_member_cannot_put" time="0.050" /><testcase classname="backend.tests.test_phase_u.TestSiteSettingsRouteModule" name="test_admin_invalid_block_in_home_blocks_top_400" time="0.052" /><testcase classname="backend.tests.test_phase_u.TestAIRouteModule" name="test_ai_event_description_unauth_blocked" time="0.107" /><testcase classname="backend.tests.test_phase_u.TestAIRouteModule" name="test_ai_event_description_member_blocked" time="0.056" /><testcase classname="backend.tests.test_phase_u.TestAIRouteModule" name="test_ai_draft_email_unauth_blocked" time="0.114" /><testcase classname="backend.tests.test_phase_u.TestAIRouteModule" name="test_ai_draft_email_member_blocked" time="0.052" /><testcase classname="backend.tests.test_phase_u.TestOtherRoutesRegression" name="test_events_list" time="0.059" /><testcase classname="backend.tests.test_phase_u.TestOtherRoutesRegression" name="test_members_list_admin" time="0.058" /><testcase classname="backend.tests.test_phase_u.TestOtherRoutesRegression" name="test_chapters_list" time="0.053" /><testcase classname="backend.tests.test_phase_u.TestOtherRoutesRegression" name="test_tiers_list" time="0.058" /><testcase classname="backend.tests.test_phase_u.TestOtherRoutesRegression" name="test_automated_emails_list" time="0.052" /><testcase classname="backend.tests.test_phase_t.TestAuthRegression" name="test_login_admin" time="0.341" /><testcase classname="backend.tests.test_phase_t.TestAuthRegression" name="test_auth_me_admin" time="0.410" /><testcase classname="backend.tests.test_phase_t.TestAuthRegression" name="test_auth_me_unauth_returns_401" time="0.170" /><testcase classname="backend.tests.test_phase_t.TestSiteSettings" name="test_get_public_no_auth" time="0.123" /><testcase classname="backend.tests.test_phase_t.TestSiteSettings" name="test_home_sections_has_8_keys" time="0.121" /><testcase classname="backend.tests.test_phase_t.TestSiteSettings" name="test_member_cannot_put_site_settings" time="0.419" /><testcase classname="backend.tests.test_phase_t.TestSiteSettings" name="test_admin_save_home_section_toggle_and_blocks" time="0.279" /><testcase classname="backend.tests.test_phase_t.TestSiteSettings" name="test_home_blocks_invalid_type_rejected" time="0.050" /><testcase classname="backend.tests.test_phase_t.TestSiteSettings" name="test_zz_restore_site_settings" time="0.060" /><testcase classname="backend.tests.test_phase_t.TestCmsPages" name="test_list_pages_public" time="0.164" /><testcase classname="backend.tests.test_phase_t.TestCmsPages" name="test_member_cannot_create_page" time="0.058" /><testcase classname="backend.tests.test_phase_t.TestCmsPages" name="test_create_page_with_blocks" time="0.057" /><testcase classname="backend.tests.test_phase_t.TestCmsPages" name="test_get_page_returns_blocks" time="0.117" /><testcase classname="backend.tests.test_phase_t.TestCmsPages" name="test_create_page_invalid_block_type_400" time="0.051" /><testcase classname="backend.tests.test_phase_t.TestCmsPages" name="test_update_page_invalid_block_type_400" time="0.054" /><testcase classname="backend.tests.test_phase_t.TestCmsPages" name="test_update_page_valid_blocks" time="0.165" /><testcase classname="backend.tests.test_phase_t.TestCmsPages" name="test_all_10_block_types_accepted" time="0.101" /><testcase classname="backend.tests.test_phase_t.TestCmsPages" name="test_legacy_page_about_still_works" time="0.268" /><testcase classname="backend.tests.test_phase_t.TestCmsPages" name="test_zz_delete_test_page" time="0.222" /><testcase classname="backend.tests.test_phase_t.TestRouteRegression" name="test_events_list" time="0.115" /><testcase classname="backend.tests.test_phase_t.TestRouteRegression" name="test_members_admin_list" time="0.063" /><testcase classname="backend.tests.test_phase_t.TestRouteRegression" name="test_chapters_list" time="0.050" /><testcase classname="backend.tests.test_phase_t.TestRouteRegression" name="test_tiers_list" time="0.053" /><testcase classname="backend.tests.test_phase_t.TestRouteRegression" name="test_automated_emails_list" time="0.052" /></testsuite></testsuites>