<?xml version="1.0" encoding="utf-8"?><testsuites name="pytest tests"><testsuite name="pytest" errors="0" failures="1" skipped="0" tests="16" time="6.214" timestamp="2026-06-03T14:43:16.784075+00:00" hostname="agent-env-48e075a3-b613-4a2a-9831-af7eec40a4ce"><testcase classname="backend.tests.test_phase_o.TestPasswordResetTTL" name="test_ttl_index_exists" time="0.001" /><testcase classname="backend.tests.test_phase_o.TestPasswordResetTTL" name="test_insert_expired_token_persists_in_collection" time="0.002" /><testcase classname="backend.tests.test_phase_o.TestTokenVersion" name="test_register_jwt_has_tv_zero" time="0.773" /><testcase classname="backend.tests.test_phase_o.TestTokenVersion" name="test_old_token_rejected_after_password_reset" time="1.285" /><testcase classname="backend.tests.test_phase_o.TestTokenVersion" name="test_old_refresh_token_rejected" time="0.105" /><testcase classname="backend.tests.test_phase_o.TestTokenVersion" name="test_fresh_login_issues_token_tv_one" time="0.524" /><testcase classname="backend.tests.test_phase_o.TestAutomatedEmails" name="test_list_has_builtin" time="0.382" /><testcase classname="backend.tests.test_phase_o.TestAutomatedEmails" name="test_member_forbidden" time="0.400" /><testcase classname="backend.tests.test_phase_o.TestAutomatedEmails" name="test_create_invalid_cron" time="0.050" /><testcase classname="backend.tests.test_phase_o.TestAutomatedEmails" name="test_create_valid" time="0.053" /><testcase classname="backend.tests.test_phase_o.TestAutomatedEmails" name="test_update_builtin" time="0.106" /><testcase classname="backend.tests.test_phase_o.TestAutomatedEmails" name="test_delete_builtin_forbidden" time="0.052" /><testcase classname="backend.tests.test_phase_o.TestAutomatedEmails" name="test_preview_substitutes_merge_tags" time="0.113"><failure message="AssertionError: Spec: preview should substitute {member_name} in subject too. Got subject='Hi {{member_name}}, here's your digest'&#10;assert '{{member_name}}' not in 'Hi {{member... your digest'&#10;  &#10;  '{{member_name}}' is contained here:&#10;    Hi {{member_name}}, here's your digest&#10;  ?    +++++++++++++++">backend/tests/test_phase_o.py:270: in test_preview_substitutes_merge_tags
    assert "{{member_name}}" not in d["subject"], (
E   AssertionError: Spec: preview should substitute {member_name} in subject too. Got subject='Hi {{member_name}}, here's your digest'
E   assert '{{member_name}}' not in 'Hi {{member... your digest'
E     
E     '{{member_name}}' is contained here:
E       Hi {{member_name}}, here's your digest
E     ?    +++++++++++++++</failure></testcase><testcase classname="backend.tests.test_phase_o.TestAutomatedEmails" name="test_run_now_returns_count" time="2.023" /><testcase classname="backend.tests.test_phase_o.TestAutomatedEmails" name="test_delete_custom_campaign" time="0.099" /><testcase classname="backend.tests.test_phase_o.TestAutomatedEmails" name="test_zz_restore_builtin_defaults" time="0.059" /></testsuite></testsuites>