<?xml version="1.0" encoding="utf-8"?><testsuites name="pytest tests"><testsuite name="pytest" errors="0" failures="1" skipped="0" tests="23" time="21.165" timestamp="2026-04-22T01:26:23.280856+00:00" hostname="agent-env-48e075a3-b613-4a2a-9831-af7eec40a4ce"><testcase classname="backend.tests.backend_test" name="test_health" time="0.238" /><testcase classname="backend.tests.backend_test" name="test_register_new_member" time="0.426" /><testcase classname="backend.tests.backend_test" name="test_register_duplicate" time="0.175" /><testcase classname="backend.tests.backend_test" name="test_admin_login_and_me" time="0.384" /><testcase classname="backend.tests.backend_test" name="test_logout_requires_auth" time="0.126" /><testcase classname="backend.tests.backend_test" name="test_logout_clears_cookies" time="0.488" /><testcase classname="backend.tests.backend_test" name="test_list_events_seeded" time="0.128" /><testcase classname="backend.tests.backend_test" name="test_get_event_single" time="0.257" /><testcase classname="backend.tests.backend_test" name="test_create_event_admin_only" time="0.440" /><testcase classname="backend.tests.backend_test" name="test_event_crud_admin" time="0.445" /><testcase classname="backend.tests.backend_test" name="test_rsvp_toggle_and_my_events" time="0.493" /><testcase classname="backend.tests.backend_test" name="test_members_directory_search" time="0.260" /><testcase classname="backend.tests.backend_test" name="test_get_member_single" time="0.238" /><testcase classname="backend.tests.backend_test" name="test_update_me_and_renew" time="0.096" /><testcase classname="backend.tests.backend_test" name="test_news_list_seeded" time="0.144" /><testcase classname="backend.tests.backend_test" name="test_news_admin_crud" time="0.360" /><testcase classname="backend.tests.backend_test" name="test_pages_seeded" time="0.131" /><testcase classname="backend.tests.backend_test" name="test_page_get_404" time="0.128" /><testcase classname="backend.tests.backend_test" name="test_pages_admin_crud" time="0.368" /><testcase classname="backend.tests.backend_test" name="test_ai_event_description" time="8.892" /><testcase classname="backend.tests.backend_test" name="test_ai_draft_email" time="5.905" /><testcase classname="backend.tests.backend_test" name="test_ai_member_forbidden" time="0.049" /><testcase classname="backend.tests.backend_test" name="test_brute_force_lockout" time="0.819"><failure message="AssertionError: Expected 429 after repeated failures, got 401&#10;assert 401 == 429">backend/tests/backend_test.py:284: in test_brute_force_lockout
    assert last_status == 429, f"Expected 429 after repeated failures, got {last_status}"
E   AssertionError: Expected 429 after repeated failures, got 401
E   assert 401 == 429</failure></testcase></testsuite></testsuites>