<?xml version="1.0" encoding="utf-8"?><testsuites name="pytest tests"><testsuite name="pytest" errors="0" failures="0" skipped="0" tests="14" time="1.382" timestamp="2026-05-30T15:28:36.175297+00:00" hostname="agent-env-067d7e57-91cb-46c9-a39b-7ff037c06c45"><testcase classname="backend.tests.test_invoices" name="test_root" time="0.220" /><testcase classname="backend.tests.test_invoices" name="test_paypal_config" time="0.048" /><testcase classname="backend.tests.test_invoices" name="test_create_invoice" time="0.056" /><testcase classname="backend.tests.test_invoices" name="test_list_invoices" time="0.052" /><testcase classname="backend.tests.test_invoices" name="test_get_invoice" time="0.050" /><testcase classname="backend.tests.test_invoices" name="test_get_invoice_not_found" time="0.046" /><testcase classname="backend.tests.test_invoices" name="test_patch_invoice" time="0.094" /><testcase classname="backend.tests.test_invoices" name="test_paypal_create_order_not_configured" time="0.048" /><testcase classname="backend.tests.test_invoices" name="test_mark_paid" time="0.051" /><testcase classname="backend.tests.test_invoices" name="test_mark_paid_not_found" time="0.048" /><testcase classname="backend.tests.test_invoices" name="test_delete_invoice" time="0.170" /><testcase classname="backend.tests.test_invoices" name="test_delete_invoice_not_found" time="0.070" /><testcase classname="backend.tests.test_invoices" name="test_totals_zero_items" time="0.093" /><testcase classname="backend.tests.test_invoices" name="test_totals_discount_larger_than_subtotal_clamps_to_zero" time="0.098" /></testsuite></testsuites>